=== CELL 0 ===
=== CELL 1 ===
=== CELL 2 ===
=== CELL 3 ===
=== CELL 4 ===
=== CELL 5 ===
=== CELL 6 ===

=== Training CauchyNet ===
CauchyNet Epoch 500/4000, Train Loss=0.000036, Val Loss=0.000059
CauchyNet Epoch 1000/4000, Train Loss=0.000053, Val Loss=0.000037
CauchyNet Epoch 1500/4000, Train Loss=0.000082, Val Loss=0.000070
CauchyNet Epoch 2000/4000, Train Loss=0.000025, Val Loss=0.000042
CauchyNet Epoch 2500/4000, Train Loss=0.000106, Val Loss=0.000073
CauchyNet Epoch 3000/4000, Train Loss=0.000075, Val Loss=0.000055
CauchyNet Epoch 3500/4000, Train Loss=0.000261, Val Loss=0.000214
CauchyNet Epoch 4000/4000, Train Loss=0.000765, Val Loss=0.000535

Finished Training CauchyNet. Total Time: 14.30 seconds
Best CauchyNet model saved with val_loss=0.000003.

CauchyNet => Test MSE=4.773117, Test MAE=1.316690
[INFO] Loaded best checkpoint for CauchyNet.
Final model is: CauchyNet
=== CELL 7 ===
[INFO] Loading CauchyNet from CauchyNet_best.pth

=== Summary from loaded models ===
CauchyNet    => MSE=4.773117±0.0000, MAE=1.3167±0.0000, Time=14.30±0.00s, #Params=256

=== Done with loaded models! ===
=== CELL 8 ===
Traceback (most recent call last):
  File "<workdir>/legacy_rerun/run_7_experiments_5.py", line 755, in <module>
    model.load_state_dict(state_dict)
    ~~~~~~~~~~~~~~~~~~~~~^^^^^^^^^^^^
  File "/Library/Frameworks/Python.framework/Versions/3.13/lib/python3.13/site-packages/torch/nn/modules/module.py", line 2624, in load_state_dict
    raise RuntimeError(
    ...<3 lines>...
    )
RuntimeError: Error(s) in loading state_dict for CauchyNet1:
	size mismatch for lambda_: copying a param with shape torch.Size([128, 1]) from checkpoint, the shape in current model is torch.Size([1000, 1]).
	size mismatch for xi: copying a param with shape torch.Size([128]) from checkpoint, the shape in current model is torch.Size([1000]).
[INFO] Loading CauchyNet from CauchyNet_best.pth
!! CELL 8 FAILED, continuing
=== CELL 9 ===
Traceback (most recent call last):
  File "<workdir>/legacy_rerun/run_7_experiments_5.py", line 918, in <module>
    subplot_predictions(
    ~~~~~~~~~~~~~~~~~~~^
        X_plot.cpu().numpy(),
        ^^^^^^^^^^^^^^^^^^^^^
    ...<3 lines>...
        filename="subplot_predictions_from_saved_models.pdf"
        ^^^^^^^^^^^^^^^^^^^^^^^^^^^^^^^^^^^^^^^^^^^^^^^^^^^^
    )
    ^
  File "<workdir>/legacy_rerun/utils2.py", line 559, in subplot_predictions
    fig, axes = plt.subplots(n_rows, n_cols,
                ~~~~~~~~~~~~^^^^^^^^^^^^^^^^
                             figsize=(8 if not plot_residual else 9, fig_height),
                             ^^^^^^^^^^^^^^^^^^^^^^^^^^^^^^^^^^^^^^^^^^^^^^^^^^^^
                             dpi=300,
                             ^^^^^^^^
                             squeeze=False)
                             ^^^^^^^^^^^^^^
  File "/Library/Frameworks/Python.framework/Versions/3.13/lib/python3.13/site-packages/matplotlib/pyplot.py", line 1778, in subplots
    axs = fig.subplots(nrows=nrows, ncols=ncols, sharex=sharex, sharey=sharey,
                       squeeze=squeeze, subplot_kw=subplot_kw,
                       gridspec_kw=gridspec_kw, height_ratios=height_ratios,
                       width_ratios=width_ratios)
  File "/Library/Frameworks/Python.framework/Versions/3.13/lib/python3.13/site-packages/matplotlib/figure.py", line 918, in subplots
    gs = self.add_gridspec(nrows, ncols, figure=self, **gridspec_kw)
  File "/Library/Frameworks/Python.framework/Versions/3.13/lib/python3.13/site-packages/matplotlib/figure.py", line 1600, in add_gridspec
    gs = GridSpec(nrows=nrows, ncols=ncols, figure=self, **kwargs)
  File "/Library/Frameworks/Python.framework/Versions/3.13/lib/python3.13/site-packages/matplotlib/gridspec.py", line 363, in __init__
    super().__init__(nrows, ncols,
    ~~~~~~~~~~~~~~~~^^^^^^^^^^^^^^
                     width_ratios=width_ratios,
                     ^^^^^^^^^^^^^^^^^^^^^^^^^^
                     height_ratios=height_ratios)
                     ^^^^^^^^^^^^^^^^^^^^^^^^^^^^
  File "/Library/Frameworks/Python.framework/Versions/3.13/lib/python3.13/site-packages/matplotlib/gridspec.py", line 48, in __init__
    raise ValueError(
        f"Number of rows must be a positive integer, not {nrows!r}")
ValueError: Number of rows must be a positive integer, not 0
Warning: checkpoint not found => CauchyNet_trained.pth
Warning: checkpoint not found => CauchyNet1_trained.pth
Warning: checkpoint not found => CauchyNet2_trained.pth
Warning: checkpoint not found => CauchyNet3_trained.pth
Warning: checkpoint not found => CauchyNet4_trained.pth
!! CELL 9 FAILED, continuing
=== CELL 10 ===
=== Training CauchyNet ===
=== Training CauchyNet1 ===
=== Training CauchyNet2 ===
=== Training CauchyNet3 ===
=== Training CauchyNet4 ===
=== Training CauchyNet5 ===
=== CELL 11 ===
=== Training CauchyNet ===
=== Training CauchyNet1 ===
=== Training CauchyNet2 ===
=== Training CauchyNet3 ===
=== Training CauchyNet4 ===
=== CELL 12 ===
=== CELL 13 ===
Final:
Train: 350
Val:   100
Test:  250
=== CELL 14 ===
=== CELL 15 ===
=== Training CauchyNet ===
=== Training CauchyNet1 ===
=== Training CauchyNet2 ===
=== Training CauchyNet3 ===
=== Training CauchyNet4 ===
CauchyNet: {'MSE_mean': np.float64(8.077957136265468e-05), 'MSE_std': np.float64(3.0148298245369675e-05), 'MAE_mean': np.float64(0.005785677907988429), 'MAE_std': np.float64(0.0008852176862580063), 'Time_mean': np.float64(0.39448866844177244), 'Time_std': np.float64(0.009111885876374678), 'Num_Params': 256}
CauchyNet1: {'MSE_mean': np.float64(0.05070665590465069), 'MSE_std': np.float64(0.0018052069114502503), 'MAE_mean': np.float64(0.18082367032766342), 'MAE_std': np.float64(0.00294169002631311), 'Time_mean': np.float64(0.32956883907318113), 'Time_std': np.float64(0.009260557284543213), 'Num_Params': 128}
CauchyNet2: {'MSE_mean': np.float64(0.07081310153007507), 'MSE_std': np.float64(0.001277810036875041), 'MAE_mean': np.float64(0.21568564623594283), 'MAE_std': np.float64(0.0024763104030818654), 'Time_mean': np.float64(0.3807156801223755), 'Time_std': np.float64(0.008897480510494958), 'Num_Params': 256}
CauchyNet3: {'MSE_mean': np.float64(0.056567161530256274), 'MSE_std': np.float64(0.0021117331965077217), 'MAE_mean': np.float64(0.18426720947027206), 'MAE_std': np.float64(0.00410881713489065), 'Time_mean': np.float64(0.32287614345550536), 'Time_std': np.float64(0.013497423629396798), 'Num_Params': 384}
CauchyNet4: {'MSE_mean': np.float64(8.456573286821367e-05), 'MSE_std': np.float64(0.00014262994999786514), 'MAE_mean': np.float64(0.0038318750099278986), 'MAE_std': np.float64(0.0021445402519517332), 'Time_mean': np.float64(0.3382598638534546), 'Time_std': np.float64(0.004145488385627768), 'Num_Params': 256}
=== CELL 16 ===
=== CELL 17 ===

=== Testing with data_size=100 ===
  >> hidden_size=32, epochs=2000
       >> Training CauchyNet
  >> hidden_size=64, epochs=2000
       >> Training CauchyNet
  >> hidden_size=128, epochs=2000
       >> Training CauchyNet
  >> hidden_size=256, epochs=2000
       >> Training CauchyNet
  >> hidden_size=612, epochs=2000
       >> Training CauchyNet
  >> hidden_size=1224, epochs=2000
       >> Training CauchyNet

=== Testing with data_size=300 ===
  >> hidden_size=32, epochs=2000
       >> Training CauchyNet
  >> hidden_size=64, epochs=2000
       >> Training CauchyNet
  >> hidden_size=128, epochs=2000
       >> Training CauchyNet
  >> hidden_size=256, epochs=2000
       >> Training CauchyNet
  >> hidden_size=612, epochs=2000
       >> Training CauchyNet
  >> hidden_size=1224, epochs=2000
       >> Training CauchyNet

=== Testing with data_size=600 ===
  >> hidden_size=32, epochs=2000
       >> Training CauchyNet
  >> hidden_size=64, epochs=2000
       >> Training CauchyNet
  >> hidden_size=128, epochs=2000
       >> Training CauchyNet
  >> hidden_size=256, epochs=2000
       >> Training CauchyNet
  >> hidden_size=612, epochs=2000
       >> Training CauchyNet
  >> hidden_size=1224, epochs=2000
       >> Training CauchyNet

=== Testing with data_size=1200 ===
  >> hidden_size=32, epochs=2000
       >> Training CauchyNet
  >> hidden_size=64, epochs=2000
       >> Training CauchyNet
  >> hidden_size=128, epochs=2000
       >> Training CauchyNet
  >> hidden_size=256, epochs=2000
       >> Training CauchyNet
  >> hidden_size=612, epochs=2000
       >> Training CauchyNet
  >> hidden_size=1224, epochs=2000
       >> Training CauchyNet

===== Summary of Results =====

--- CauchyNet ---
Data Size=100, Hidden=32, Epochs=2000 | MSE=0.000121, MAE=0.006797, Time=2.07s, Num_Params=64
Data Size=100, Hidden=64, Epochs=2000 | MSE=0.000097, MAE=0.005833, Time=2.08s, Num_Params=128
Data Size=100, Hidden=128, Epochs=2000 | MSE=0.000046, MAE=0.004221, Time=2.20s, Num_Params=256
Data Size=100, Hidden=256, Epochs=2000 | MSE=0.000041, MAE=0.003574, Time=2.48s, Num_Params=512
Data Size=100, Hidden=612, Epochs=2000 | MSE=0.000008, MAE=0.001605, Time=3.08s, Num_Params=1224
Data Size=100, Hidden=1224, Epochs=2000 | MSE=0.000003, MAE=0.000764, Time=6.31s, Num_Params=2448
Data Size=300, Hidden=32, Epochs=2000 | MSE=0.000147, MAE=0.008530, Time=2.02s, Num_Params=64
Data Size=300, Hidden=64, Epochs=2000 | MSE=0.000103, MAE=0.006875, Time=2.06s, Num_Params=128
Data Size=300, Hidden=128, Epochs=2000 | MSE=0.000047, MAE=0.004739, Time=2.22s, Num_Params=256
Data Size=300, Hidden=256, Epochs=2000 | MSE=0.000006, MAE=0.001424, Time=2.49s, Num_Params=512
Data Size=300, Hidden=612, Epochs=2000 | MSE=0.000002, MAE=0.000802, Time=3.08s, Num_Params=1224
Data Size=300, Hidden=1224, Epochs=2000 | MSE=0.000003, MAE=0.000960, Time=6.29s, Num_Params=2448
Data Size=600, Hidden=32, Epochs=2000 | MSE=0.000133, MAE=0.008763, Time=2.02s, Num_Params=64
Data Size=600, Hidden=64, Epochs=2000 | MSE=0.000129, MAE=0.008250, Time=2.09s, Num_Params=128
Data Size=600, Hidden=128, Epochs=2000 | MSE=0.000058, MAE=0.005275, Time=2.29s, Num_Params=256
Data Size=600, Hidden=256, Epochs=2000 | MSE=0.000003, MAE=0.001108, Time=2.49s, Num_Params=512
Data Size=600, Hidden=612, Epochs=2000 | MSE=0.000003, MAE=0.000985, Time=3.11s, Num_Params=1224
Data Size=600, Hidden=1224, Epochs=2000 | MSE=0.000001, MAE=0.000530, Time=6.46s, Num_Params=2448
Data Size=1200, Hidden=32, Epochs=2000 | MSE=0.000167, MAE=0.008599, Time=2.27s, Num_Params=64
Data Size=1200, Hidden=64, Epochs=2000 | MSE=0.000055, MAE=0.005201, Time=2.22s, Num_Params=128
Data Size=1200, Hidden=128, Epochs=2000 | MSE=0.000064, MAE=0.005704, Time=2.38s, Num_Params=256
Data Size=1200, Hidden=256, Epochs=2000 | MSE=0.000008, MAE=0.001763, Time=2.65s, Num_Params=512
Data Size=1200, Hidden=612, Epochs=2000 | MSE=0.000002, MAE=0.000883, Time=3.28s, Num_Params=1224
Data Size=1200, Hidden=1224, Epochs=2000 | MSE=0.000001, MAE=0.000451, Time=6.29s, Num_Params=2448
=== CELL 18 ===
=== CELL 19 ===
=== CELL 20 ===
=== CELL 21 ===
=== CELL 22 ===
=== CELL 23 ===

=== Training/Testing Model: CauchyNet ===
  >> LR=0.001, WD=0.0 for CauchyNet
  >> LR=0.001, WD=1e-05 for CauchyNet
  >> LR=0.001, WD=0.0001 for CauchyNet
  >> LR=0.01, WD=0.0 for CauchyNet
  >> LR=0.01, WD=1e-05 for CauchyNet
  >> LR=0.01, WD=0.0001 for CauchyNet
  >> LR=0.1, WD=0.0 for CauchyNet
  >> LR=0.1, WD=1e-05 for CauchyNet
  >> LR=0.1, WD=0.0001 for CauchyNet

===== Summary of Results =====

--- CauchyNet ---
LR=0.001, WD=0.0 | MSE=0.000167, MAE=0.009204, Time=0.73s, Num_Params=256
LR=0.001, WD=1e-05 | MSE=0.001247, MAE=0.025329, Time=0.72s, Num_Params=256
LR=0.001, WD=0.0001 | MSE=0.000405, MAE=0.010865, Time=0.73s, Num_Params=256
LR=0.01, WD=0.0 | MSE=0.000027, MAE=0.003961, Time=0.72s, Num_Params=256
LR=0.01, WD=1e-05 | MSE=0.000061, MAE=0.005800, Time=0.74s, Num_Params=256
LR=0.01, WD=0.0001 | MSE=0.000088, MAE=0.004222, Time=0.72s, Num_Params=256
LR=0.1, WD=0.0 | MSE=0.001452, MAE=0.028946, Time=0.73s, Num_Params=256
LR=0.1, WD=1e-05 | MSE=0.000122, MAE=0.008277, Time=0.73s, Num_Params=256
LR=0.1, WD=0.0001 | MSE=0.000184, MAE=0.010470, Time=0.76s, Num_Params=256
=== CELL 24 ===
=== CELL 25 ===
Traceback (most recent call last):
  File "<workdir>/legacy_rerun/run_7_experiments_5.py", line 2351, in <module>
    scatter = sns.scatterplot(
        data=df_model,
    ...<6 lines>...
        alpha=0.7
    )
  File "/Library/Frameworks/Python.framework/Versions/3.13/lib/python3.13/site-packages/seaborn/relational.py", line 615, in scatterplot
    p = _ScatterPlotter(
        data=data,
        variables=dict(x=x, y=y, hue=hue, size=size, style=style),
        legend=legend
    )
  File "/Library/Frameworks/Python.framework/Versions/3.13/lib/python3.13/site-packages/seaborn/relational.py", line 396, in __init__
    super().__init__(data=data, variables=variables)
    ~~~~~~~~~~~~~~~~^^^^^^^^^^^^^^^^^^^^^^^^^^^^^^^^
  File "/Library/Frameworks/Python.framework/Versions/3.13/lib/python3.13/site-packages/seaborn/_base.py", line 634, in __init__
    self.assign_variables(data, variables)
    ~~~~~~~~~~~~~~~~~~~~~^^^^^^^^^^^^^^^^^
  File "/Library/Frameworks/Python.framework/Versions/3.13/lib/python3.13/site-packages/seaborn/_base.py", line 679, in assign_variables
    plot_data = PlotData(data, variables)
  File "/Library/Frameworks/Python.framework/Versions/3.13/lib/python3.13/site-packages/seaborn/_core/data.py", line 58, in __init__
    frame, names, ids = self._assign_variables(data, variables)
                        ~~~~~~~~~~~~~~~~~~~~~~^^^^^^^^^^^^^^^^^
  File "/Library/Frameworks/Python.framework/Versions/3.13/lib/python3.13/site-packages/seaborn/_core/data.py", line 232, in _assign_variables
    raise ValueError(err)
ValueError: Could not interpret value `Data Size` for `x`. An entry with this name does not appear in `data`.
!! CELL 25 FAILED, continuing
=== CELL 26 ===
Traceback (most recent call last):
  File "<workdir>/legacy_rerun/run_7_experiments_5.py", line 2386, in <module>
    sns.violinplot(
    ~~~~~~~~~~~~~~^
        data=df,
        ^^^^^^^^
    ...<3 lines>...
        split=True        # puts them side by side within each category
        ^^^^^^^^^^^^^^^^^^^^^^^^^^^^^^^^^^^^^^^^^^^^^^^^^^^^^^^^^^^^^^^
    )
    ^
  File "/Library/Frameworks/Python.framework/Versions/3.13/lib/python3.13/site-packages/seaborn/categorical.py", line 1725, in violinplot
    p = _CategoricalPlotter(
        data=data,
    ...<4 lines>...
        legend=legend,
    )
  File "/Library/Frameworks/Python.framework/Versions/3.13/lib/python3.13/site-packages/seaborn/categorical.py", line 67, in __init__
    super().__init__(data=data, variables=variables)
    ~~~~~~~~~~~~~~~~^^^^^^^^^^^^^^^^^^^^^^^^^^^^^^^^
  File "/Library/Frameworks/Python.framework/Versions/3.13/lib/python3.13/site-packages/seaborn/_base.py", line 634, in __init__
    self.assign_variables(data, variables)
    ~~~~~~~~~~~~~~~~~~~~~^^^^^^^^^^^^^^^^^
  File "/Library/Frameworks/Python.framework/Versions/3.13/lib/python3.13/site-packages/seaborn/_base.py", line 679, in assign_variables
    plot_data = PlotData(data, variables)
  File "/Library/Frameworks/Python.framework/Versions/3.13/lib/python3.13/site-packages/seaborn/_core/data.py", line 58, in __init__
    frame, names, ids = self._assign_variables(data, variables)
                        ~~~~~~~~~~~~~~~~~~~~~~^^^^^^^^^^^^^^^^^
  File "/Library/Frameworks/Python.framework/Versions/3.13/lib/python3.13/site-packages/seaborn/_core/data.py", line 232, in _assign_variables
    raise ValueError(err)
ValueError: Could not interpret value `Data Size` for `hue`. An entry with this name does not appear in `data`.
!! CELL 26 FAILED, continuing
=== CELL 27 ===
Traceback (most recent call last):
  File "<workdir>/legacy_rerun/run_7_experiments_5.py", line 2416, in <module>
    scatter = sns.scatterplot(
        data=df_model,
    ...<6 lines>...
        alpha=0.7
    )
  File "/Library/Frameworks/Python.framework/Versions/3.13/lib/python3.13/site-packages/seaborn/relational.py", line 615, in scatterplot
    p = _ScatterPlotter(
        data=data,
        variables=dict(x=x, y=y, hue=hue, size=size, style=style),
        legend=legend
    )
  File "/Library/Frameworks/Python.framework/Versions/3.13/lib/python3.13/site-packages/seaborn/relational.py", line 396, in __init__
    super().__init__(data=data, variables=variables)
    ~~~~~~~~~~~~~~~~^^^^^^^^^^^^^^^^^^^^^^^^^^^^^^^^
  File "/Library/Frameworks/Python.framework/Versions/3.13/lib/python3.13/site-packages/seaborn/_base.py", line 634, in __init__
    self.assign_variables(data, variables)
    ~~~~~~~~~~~~~~~~~~~~~^^^^^^^^^^^^^^^^^
  File "/Library/Frameworks/Python.framework/Versions/3.13/lib/python3.13/site-packages/seaborn/_base.py", line 679, in assign_variables
    plot_data = PlotData(data, variables)
  File "/Library/Frameworks/Python.framework/Versions/3.13/lib/python3.13/site-packages/seaborn/_core/data.py", line 58, in __init__
    frame, names, ids = self._assign_variables(data, variables)
                        ~~~~~~~~~~~~~~~~~~~~~~^^^^^^^^^^^^^^^^^
  File "/Library/Frameworks/Python.framework/Versions/3.13/lib/python3.13/site-packages/seaborn/_core/data.py", line 232, in _assign_variables
    raise ValueError(err)
ValueError: Could not interpret value `Data Size` for `x`. An entry with this name does not appear in `data`.
!! CELL 27 FAILED, continuing
=== CELL 28 ===
Traceback (most recent call last):
  File "<workdir>/legacy_rerun/run_7_experiments_5.py", line 2448, in <module>
    for model in models:
                 ^^^^^^
NameError: name 'models' is not defined. Did you mean: 'model'?
!! CELL 28 FAILED, continuing
=== CELL 29 ===
Traceback (most recent call last):
  File "<workdir>/legacy_rerun/run_7_experiments_5.py", line 2522, in <module>
    pivot_data = df[df["Model"] == model].pivot("Hidden Size", "Data Size", "MSE")
TypeError: DataFrame.pivot() takes 1 positional argument but 4 were given
!! CELL 29 FAILED, continuing
=== CELL 30 ===
=== CELL 31 ===
=== CELL 32 ===
=== CELL 33 ===
=== CELL 34 ===
=== CELL 35 ===
=== CELL 36 ===
=== CELL 37 ===
Traceback (most recent call last):
  File "<workdir>/legacy_rerun/run_7_experiments_5.py", line 3192, in <module>
    subset_indices = random.sample(range(len(ds_test)), data_size)
  File "/Library/Frameworks/Python.framework/Versions/3.13/lib/python3.13/random.py", line 434, in sample
    raise ValueError("Sample larger than population or is negative")
ValueError: Sample larger than population or is negative

=== Testing with data_size=100 ===
    >> Testing hidden_size=32, epochs=400
       >> Training CauchyNet
    >> Testing hidden_size=64, epochs=400
       >> Training CauchyNet
    >> Testing hidden_size=128, epochs=400
       >> Training CauchyNet
    >> Testing hidden_size=256, epochs=400
       >> Training CauchyNet
    >> Testing hidden_size=612, epochs=400
       >> Training CauchyNet
    >> Testing hidden_size=1224, epochs=400
       >> Training CauchyNet

=== Testing with data_size=300 ===
    >> Testing hidden_size=32, epochs=400
       >> Training CauchyNet
    >> Testing hidden_size=64, epochs=400
       >> Training CauchyNet
    >> Testing hidden_size=128, epochs=400
       >> Training CauchyNet
    >> Testing hidden_size=256, epochs=400
       >> Training CauchyNet
    >> Testing hidden_size=612, epochs=400
       >> Training CauchyNet
    >> Testing hidden_size=1224, epochs=400
       >> Training CauchyNet

=== Testing with data_size=600 ===
!! CELL 37 FAILED, continuing
=== CELL 38 ===
=== CELL 39 ===
=== CELL 40 ===
=== CELL 41 ===
=== CELL 42 ===
=== CELL 43 ===
<workdir>/legacy_rerun/run_7_experiments_5.py:3545: FutureWarning: 

The `scale` parameter has been renamed and will be removed in v0.15.0. Pass `density_norm='width'` for the same effect.
  sns.violinplot(
=== CELL 44 ===
=== CELL 45 ===
=== CELL 46 ===
=== CELL 47 ===
=== CELL 48 ===
Traceback (most recent call last):
  File "<workdir>/legacy_rerun/run_7_experiments_5.py", line 3808, in <module>
    mse_matrix[i, j] = results_grid[model_name][h][e]['MSE']
                       ~~~~~~~~~~~~~~~~~~~~~~~~^^^
KeyError: 128
!! CELL 48 FAILED, continuing
=== CELL 49 ===
Traceback (most recent call last):
  File "<workdir>/legacy_rerun/run_7_experiments_5.py", line 3872, in <module>
    stats = results_grid[model_name][hsize][ep]
            ~~~~~~~~~~~~~~~~~~~~~~~~^^^^^^^
KeyError: 128

===== Summary of Results =====

--- CauchyNet ---
!! CELL 49 FAILED, continuing
=== CELL 50 ===
Traceback (most recent call last):
  File "<workdir>/legacy_rerun/run_7_experiments_5.py", line 3967, in <module>
    plt.title(f"MSE Across Models for Fixed Epochs ({fixed_epoch})")
                                                     ^^^^^^^^^^^
NameError: name 'fixed_epoch' is not defined
!! CELL 50 FAILED, continuing
=== CELL 51 ===
Traceback (most recent call last):
  File "<workdir>/legacy_rerun/run_7_experiments_5.py", line 4006, in <module>
    plt.title(f"MSE Across Models for Fixed Epochs ({fixed_epoch})")
                                                     ^^^^^^^^^^^
NameError: name 'fixed_epoch' is not defined
!! CELL 51 FAILED, continuing
=== CELL 52 ===
Traceback (most recent call last):
  File "<workdir>/legacy_rerun/run_7_experiments_5.py", line 4052, in <module>
    plt.title(f"MSE Across Models for Fixed Epochs ({fixed_epoch})")
                                                     ^^^^^^^^^^^
NameError: name 'fixed_epoch' is not defined
!! CELL 52 FAILED, continuing
=== CELL 53 ===
=== CELL 54 ===
Traceback (most recent call last):
  File "<workdir>/legacy_rerun/run_7_experiments_5.py", line 4172, in <module>
    grid_values = griddata(points, values, (grid_rr, grid_tt), method='cubic', fill_value=0)
                  ^^^^^^^^
NameError: name 'griddata' is not defined. Did you mean: 'grid_tt'?
!! CELL 54 FAILED, continuing
=== CELL 55 ===
Traceback (most recent call last):
  File "<workdir>/legacy_rerun/run_7_experiments_5.py", line 4216, in <module>
    c = ax.pcolormesh(grid_theta, grid_r, grid_values.T, cmap="viridis")
                                          ^^^^^^^^^^^
NameError: name 'grid_values' is not defined. Did you mean: 'mse_values'?
!! CELL 55 FAILED, continuing
=== CELL 56 ===
Traceback (most recent call last):
  File "<workdir>/legacy_rerun/run_7_experiments_5.py", line 4290, in <module>
    data = pd.DataFrame(mse_matrix, index=hidden_sizes, columns=epoch_list)
  File "/Library/Frameworks/Python.framework/Versions/3.13/lib/python3.13/site-packages/pandas/core/frame.py", line 827, in __init__
    mgr = ndarray_to_mgr(
        data,
    ...<4 lines>...
        typ=manager,
    )
  File "/Library/Frameworks/Python.framework/Versions/3.13/lib/python3.13/site-packages/pandas/core/internals/construction.py", line 336, in ndarray_to_mgr
    _check_values_indices_shape_match(values, index, columns)
    ~~~~~~~~~~~~~~~~~~~~~~~~~~~~~~~~~^^^^^^^^^^^^^^^^^^^^^^^^
  File "/Library/Frameworks/Python.framework/Versions/3.13/lib/python3.13/site-packages/pandas/core/internals/construction.py", line 420, in _check_values_indices_shape_match
    raise ValueError(f"Shape of passed values is {passed}, indices imply {implied}")
ValueError: Shape of passed values is (3, 5), indices imply (5, 5)
!! CELL 56 FAILED, continuing
=== CELL 57 ===
Traceback (most recent call last):
  File "<workdir>/legacy_rerun/run_7_experiments_5.py", line 4338, in <module>
    c = ax.pcolormesh(grid_theta, grid_r, grid_values.T, cmap=custom_cmap)
                                          ^^^^^^^^^^^
NameError: name 'grid_values' is not defined. Did you mean: 'mse_values'?
!! CELL 57 FAILED, continuing
=== CELL 58 ===
Traceback (most recent call last):
  File "<workdir>/legacy_rerun/run_7_experiments_5.py", line 4405, in <module>
    grid_values = griddata(points, values, (grid_rr, grid_tt), method='cubic', fill_value=0)
  File "/Library/Frameworks/Python.framework/Versions/3.13/lib/python3.13/site-packages/scipy/interpolate/_ndgriddata.py", line 323, in griddata
    ip = CloughTocher2DInterpolator(points, values, fill_value=fill_value,
                                    rescale=rescale)
  File "scipy/interpolate/_interpnd.pyx", line 932, in scipy.interpolate._interpnd.CloughTocher2DInterpolator.__init__
  File "scipy/interpolate/_interpnd.pyx", line 96, in scipy.interpolate._interpnd.NDInterpolatorBase.__init__
  File "scipy/interpolate/_interpnd.pyx", line 945, in scipy.interpolate._interpnd.CloughTocher2DInterpolator._set_values
  File "scipy/interpolate/_interpnd.pyx", line 105, in scipy.interpolate._interpnd.NDInterpolatorBase._set_values
  File "scipy/interpolate/_interpnd.pyx", line 208, in scipy.interpolate._interpnd._check_init_shape
ValueError: different number of values and points
!! CELL 58 FAILED, continuing
=== CELL 59 ===
Traceback (most recent call last):
  File "<workdir>/legacy_rerun/run_7_experiments_5.py", line 4440, in <module>
    grid_values = griddata(points, values, (grid_rr, grid_tt), method='cubic', fill_value=0)
  File "/Library/Frameworks/Python.framework/Versions/3.13/lib/python3.13/site-packages/scipy/interpolate/_ndgriddata.py", line 323, in griddata
    ip = CloughTocher2DInterpolator(points, values, fill_value=fill_value,
                                    rescale=rescale)
  File "scipy/interpolate/_interpnd.pyx", line 932, in scipy.interpolate._interpnd.CloughTocher2DInterpolator.__init__
  File "scipy/interpolate/_interpnd.pyx", line 96, in scipy.interpolate._interpnd.NDInterpolatorBase.__init__
  File "scipy/interpolate/_interpnd.pyx", line 945, in scipy.interpolate._interpnd.CloughTocher2DInterpolator._set_values
  File "scipy/interpolate/_interpnd.pyx", line 105, in scipy.interpolate._interpnd.NDInterpolatorBase._set_values
  File "scipy/interpolate/_interpnd.pyx", line 208, in scipy.interpolate._interpnd._check_init_shape
ValueError: different number of values and points
!! CELL 59 FAILED, continuing
=== CELL 60 ===
=== CELL 61 ===
<workdir>/legacy_rerun/run_7_experiments_5.py:4579: DeprecationWarning: __array_wrap__ must accept context and return_scalar arguments (positionally) in the future. (Deprecated NumPy 2.0)
  abs_errors.extend(np.abs(preds - truths))

=== Summary of Results ===
CauchyNet    => MSE=0.000081±0.0000, MAE=0.0058±0.0009, Time=0.39±0.01s, #Params=256
CauchyNet1   => MSE=0.050707±0.0018, MAE=0.1808±0.0029, Time=0.33±0.01s, #Params=128
CauchyNet2   => MSE=0.070813±0.0013, MAE=0.2157±0.0025, Time=0.38±0.01s, #Params=256
CauchyNet3   => MSE=0.056567±0.0021, MAE=0.1843±0.0041, Time=0.32±0.01s, #Params=384
CauchyNet4   => MSE=0.000085±0.0001, MAE=0.0038±0.0021, Time=0.34±0.00s, #Params=256

LaTeX Table:

\begin{table}[t]
\centering
\caption{Comparison of Models (MSE, MAE, Time, and Parameter Count).}
\begin{tabular}{lcccc}
\toprule
Model & MSE (mean±std) & MAE (mean±std) & Time (s) & # Params \\
\midrule
CauchyNet & 0.0001±0.000030 & 0.0058±0.000885 & 0.39±0.01 & 256 \\
CauchyNet1 & 0.0507±0.001805 & 0.1808±0.002942 & 0.33±0.01 & 128 \\
CauchyNet2 & 0.0708±0.001278 & 0.2157±0.002476 & 0.38±0.01 & 256 \\
CauchyNet3 & 0.0566±0.002112 & 0.1843±0.004109 & 0.32±0.01 & 384 \\
CauchyNet4 & 0.0001±0.000143 & 0.0038±0.002145 & 0.34±0.00 & 256 \\
\bottomrule
\end{tabular}

\label{tab:manual_booktabs}
\end{table}

Saved to 'results_summary2.tex'

=== Done! ===
=== CELL 62 ===
Traceback (most recent call last):
  File "<workdir>/legacy_rerun/run_7_experiments_5.py", line 4635, in <module>
    for model_name, model in models.items():
                             ^^^^^^^^^^^^
AttributeError: 'list' object has no attribute 'items'
!! CELL 62 FAILED, continuing
=== CELL 63 ===
=== CELL 64 ===

=== Training CauchyNet ===

=== Training SIREN ===

=== Training NBeats ===

=== Training FNN ===

=== Training RBF ===

=== Training Transformer ===

=== Final single run for each model to produce final predictions ===
Saved model weights for CauchyNet to CauchyNet_trained_10.pth
Saved model weights for SIREN to SIREN_trained_10.pth
Saved model weights for NBeats to NBeats_trained_10.pth
Saved model weights for FNN to FNN_trained_10.pth
Saved model weights for RBF to RBF_trained_10.pth
Saved model weights for Transformer to Transformer_trained_10.pth
=== CELL 65 ===
Traceback (most recent call last):
  File "<workdir>/legacy_rerun/run_7_experiments_5.py", line 4906, in <module>
    subplot_predictions(
    ~~~~~~~~~~~~~~~~~~~^
        X_plot.cpu().numpy(),
        ^^^^^^^^^^^^^^^^^^^^^
    ...<3 lines>...
        filename="subplot_predictions_from_saved_models.pdf"
        ^^^^^^^^^^^^^^^^^^^^^^^^^^^^^^^^^^^^^^^^^^^^^^^^^^^^
    )
    ^
  File "<workdir>/legacy_rerun/utils2.py", line 559, in subplot_predictions
    fig, axes = plt.subplots(n_rows, n_cols,
                ~~~~~~~~~~~~^^^^^^^^^^^^^^^^
                             figsize=(8 if not plot_residual else 9, fig_height),
                             ^^^^^^^^^^^^^^^^^^^^^^^^^^^^^^^^^^^^^^^^^^^^^^^^^^^^
                             dpi=300,
                             ^^^^^^^^
                             squeeze=False)
                             ^^^^^^^^^^^^^^
  File "/Library/Frameworks/Python.framework/Versions/3.13/lib/python3.13/site-packages/matplotlib/pyplot.py", line 1778, in subplots
    axs = fig.subplots(nrows=nrows, ncols=ncols, sharex=sharex, sharey=sharey,
                       squeeze=squeeze, subplot_kw=subplot_kw,
                       gridspec_kw=gridspec_kw, height_ratios=height_ratios,
                       width_ratios=width_ratios)
  File "/Library/Frameworks/Python.framework/Versions/3.13/lib/python3.13/site-packages/matplotlib/figure.py", line 918, in subplots
    gs = self.add_gridspec(nrows, ncols, figure=self, **gridspec_kw)
  File "/Library/Frameworks/Python.framework/Versions/3.13/lib/python3.13/site-packages/matplotlib/figure.py", line 1600, in add_gridspec
    gs = GridSpec(nrows=nrows, ncols=ncols, figure=self, **kwargs)
  File "/Library/Frameworks/Python.framework/Versions/3.13/lib/python3.13/site-packages/matplotlib/gridspec.py", line 363, in __init__
    super().__init__(nrows, ncols,
    ~~~~~~~~~~~~~~~~^^^^^^^^^^^^^^
                     width_ratios=width_ratios,
                     ^^^^^^^^^^^^^^^^^^^^^^^^^^
                     height_ratios=height_ratios)
                     ^^^^^^^^^^^^^^^^^^^^^^^^^^^^
  File "/Library/Frameworks/Python.framework/Versions/3.13/lib/python3.13/site-packages/matplotlib/gridspec.py", line 48, in __init__
    raise ValueError(
        f"Number of rows must be a positive integer, not {nrows!r}")
ValueError: Number of rows must be a positive integer, not 0
Warning: checkpoint not found => CauchyNet_ReLU_trained_10.pth
Warning: checkpoint not found => CauchyNet_NoImag_trained_10.pth
Warning: checkpoint not found => CauchyNet_RealPar_trained_10.pth
Warning: checkpoint not found => CauchyNet_CReLU_trained_10.pth
Warning: checkpoint not found => CauchyNet0_trained_10.pth
Warning: checkpoint not found => CauchyNet1_trained_10.pth
!! CELL 65 FAILED, continuing
=== CELL 66 ===
Traceback (most recent call last):
  File "<workdir>/legacy_rerun/run_7_experiments_5.py", line 5044, in <module>
    abs_errors_all = [error_dict[m] for m in model_names]
                      ~~~~~~~~~~^^^
KeyError: 'CauchyNet'
!! CELL 66 FAILED, continuing
=== CELL 67 ===
=== CELL 68 ===
=== CELL 69 ===
Traceback (most recent call last):
  File "<workdir>/legacy_rerun/run_7_experiments_5.py", line 5412, in <module>
    plt.tight_layout()
    ~~~~~~~~~~~~~~~~^^
  File "/Library/Frameworks/Python.framework/Versions/3.13/lib/python3.13/site-packages/matplotlib/pyplot.py", line 2844, in tight_layout
    gcf().tight_layout(pad=pad, h_pad=h_pad, w_pad=w_pad, rect=rect)
    ~~~~~~~~~~~~~~~~~~^^^^^^^^^^^^^^^^^^^^^^^^^^^^^^^^^^^^^^^^^^^^^^
  File "/Library/Frameworks/Python.framework/Versions/3.13/lib/python3.13/site-packages/matplotlib/figure.py", line 3640, in tight_layout
    engine.execute(self)
    ~~~~~~~~~~~~~~^^^^^^
  File "/Library/Frameworks/Python.framework/Versions/3.13/lib/python3.13/site-packages/matplotlib/layout_engine.py", line 188, in execute
    kwargs = get_tight_layout_figure(
        fig, fig.axes, get_subplotspec_list(fig.axes), renderer,
        pad=info['pad'], h_pad=info['h_pad'], w_pad=info['w_pad'],
        rect=info['rect'])
  File "/Library/Frameworks/Python.framework/Versions/3.13/lib/python3.13/site-packages/matplotlib/_tight_layout.py", line 266, in get_tight_layout_figure
    kwargs = _auto_adjust_subplotpars(fig, renderer,
                                      shape=(max_nrows, max_ncols),
    ...<2 lines>...
                                      ax_bbox_list=ax_bbox_list,
                                      pad=pad, h_pad=h_pad, w_pad=w_pad)
  File "/Library/Frameworks/Python.framework/Versions/3.13/lib/python3.13/site-packages/matplotlib/_tight_layout.py", line 82, in _auto_adjust_subplotpars
    bb += [martist._get_tightbbox_for_layout_only(ax, renderer)]
           ~~~~~~~~~~~~~~~~~~~~~~~~~~~~~~~~~~~~~~^^^^^^^^^^^^^^
  File "/Library/Frameworks/Python.framework/Versions/3.13/lib/python3.13/site-packages/matplotlib/artist.py", line 1402, in _get_tightbbox_for_layout_only
    return obj.get_tightbbox(*args, **{**kwargs, "for_layout_only": True})
           ~~~~~~~~~~~~~~~~~^^^^^^^^^^^^^^^^^^^^^^^^^^^^^^^^^^^^^^^^^^^^^^
  File "/Library/Frameworks/Python.framework/Versions/3.13/lib/python3.13/site-packages/matplotlib/axes/_base.py", line 4567, in get_tightbbox
    self._update_title_position(renderer)
    ~~~~~~~~~~~~~~~~~~~~~~~~~~~^^^^^^^^^^
  File "/Library/Frameworks/Python.framework/Versions/3.13/lib/python3.13/site-packages/matplotlib/axes/_base.py", line 3144, in _update_title_position
    if title.get_window_extent(renderer).ymin < top:
       ~~~~~~~~~~~~~~~~~~~~~~~^^^^^^^^^^
  File "/Library/Frameworks/Python.framework/Versions/3.13/lib/python3.13/site-packages/matplotlib/text.py", line 969, in get_window_extent
    bbox, info, descent = self._get_layout(self._renderer)
                          ~~~~~~~~~~~~~~~~^^^^^^^^^^^^^^^^
  File "/Library/Frameworks/Python.framework/Versions/3.13/lib/python3.13/site-packages/matplotlib/text.py", line 382, in _get_layout
    w, h, d = _get_text_metrics_with_cache(
              ~~~~~~~~~~~~~~~~~~~~~~~~~~~~^
        renderer, clean_line, self._fontproperties,
        ^^^^^^^^^^^^^^^^^^^^^^^^^^^^^^^^^^^^^^^^^^^
        ismath=ismath, dpi=self.get_figure(root=True).dpi)
        ^^^^^^^^^^^^^^^^^^^^^^^^^^^^^^^^^^^^^^^^^^^^^^^^^^
  File "/Library/Frameworks/Python.framework/Versions/3.13/lib/python3.13/site-packages/matplotlib/text.py", line 69, in _get_text_metrics_with_cache
    return _get_text_metrics_with_cache_impl(
        weakref.ref(renderer), text, fontprop.copy(), ismath, dpi)
  File "/Library/Frameworks/Python.framework/Versions/3.13/lib/python3.13/site-packages/matplotlib/text.py", line 77, in _get_text_metrics_with_cache_impl
    return renderer_ref().get_text_width_height_descent(text, fontprop, ismath)
           ~~~~~~~~~~~~~~~~~~~~~~~~~~~~~~~~~~~~~~~~~~~~^^^^^^^^^^^^^^^^^^^^^^^^
  File "/Library/Frameworks/Python.framework/Versions/3.13/lib/python3.13/site-packages/matplotlib/backends/backend_agg.py", line 211, in get_text_width_height_descent
    return super().get_text_width_height_descent(s, prop, ismath)
           ~~~~~~~~~~~~~~~~~~~~~~~~~~~~~~~~~~~~~^^^^^^^^^^^^^^^^^
  File "/Library/Frameworks/Python.framework/Versions/3.13/lib/python3.13/site-packages/matplotlib/backend_bases.py", line 566, in get_text_width_height_descent
    return self.get_texmanager().get_text_width_height_descent(
           ~~~~~~~~~~~~~~~~~~~~~~~~~~~~~~~~~~~~~~~~~~~~~~~~~~~^
        s, fontsize, renderer=self)
        ^^^^^^^^^^^^^^^^^^^^^^^^^^^
  File "/Library/Frameworks/Python.framework/Versions/3.13/lib/python3.13/site-packages/matplotlib/texmanager.py", line 363, in get_text_width_height_descent
    dvifile = cls.make_dvi(tex, fontsize)
  File "/Library/Frameworks/Python.framework/Versions/3.13/lib/python3.13/site-packages/matplotlib/texmanager.py", line 295, in make_dvi
    cls._run_checked_subprocess(
    ~~~~~~~~~~~~~~~~~~~~~~~~~~~^
        ["latex", "-interaction=nonstopmode", "--halt-on-error",
        ^^^^^^^^^^^^^^^^^^^^^^^^^^^^^^^^^^^^^^^^^^^^^^^^^^^^^^^^
         f"--output-directory={tmppath.name}",
         ^^^^^^^^^^^^^^^^^^^^^^^^^^^^^^^^^^^^^
         f"{texfile.name}"], tex, cwd=cwd)
         ^^^^^^^^^^^^^^^^^^^^^^^^^^^^^^^^^
  File "/Library/Frameworks/Python.framework/Versions/3.13/lib/python3.13/site-packages/matplotlib/texmanager.py", line 258, in _run_checked_subprocess
    raise RuntimeError(
    ...<9 lines>...
        ) from None
RuntimeError: latex was not able to process the following string:
b'CauchyNet_FixedXi Train & Val Loss (Log Scale)'

Here is the full command invocation and its output:

latex -interaction=nonstopmode --halt-on-error --output-directory=tmpjpitxe2b 3d50373f7ebef4d6bd7969d62b1d29d708be25e2e46cfd8bc701f16479709c6c.tex

This is pdfTeX, Version 3.141592653-2.6-1.40.25 (TeX Live 2023) (preloaded format=latex)
 restricted \write18 enabled.
entering extended mode
(./3d50373f7ebef4d6bd7969d62b1d29d708be25e2e46cfd8bc701f16479709c6c.tex
LaTeX2e <2023-06-01> patch level 1
L3 programming layer <2023-08-29>
(/usr/local/texlive/2022/texmf-dist/tex/latex/base/article.cls
Document Class: article 2023/05/17 v1.4n Standard LaTeX document class
(/usr/local/texlive/2022/texmf-dist/tex/latex/base/size10.clo))
(/usr/local/texlive/2022/texmf-dist/tex/latex/type1cm/type1cm.sty)
(/usr/local/texlive/2022/texmf-dist/tex/latex/cm-super/type1ec.sty
(/usr/local/texlive/2022/texmf-dist/tex/latex/base/t1cmr.fd))
(/usr/local/texlive/2022/texmf-dist/tex/latex/base/inputenc.sty)
(/usr/local/texlive/2022/texmf-dist/tex/latex/geometry/geometry.sty
(/usr/local/texlive/2022/texmf-dist/tex/latex/graphics/keyval.sty)
(/usr/local/texlive/2022/texmf-dist/tex/generic/iftex/ifvtex.sty
(/usr/local/texlive/2022/texmf-dist/tex/generic/iftex/iftex.sty)))
(/usr/local/texlive/2022/texmf-dist/tex/latex/amsfonts/amsfonts.sty)
(/usr/local/texlive/2022/texmf-dist/tex/latex/amsmath/amsmath.sty
For additional information on amsmath, use the `?' option.
(/usr/local/texlive/2022/texmf-dist/tex/latex/amsmath/amstext.sty
(/usr/local/texlive/2022/texmf-dist/tex/latex/amsmath/amsgen.sty))
(/usr/local/texlive/2022/texmf-dist/tex/latex/amsmath/amsbsy.sty)
(/usr/local/texlive/2022/texmf-dist/tex/latex/amsmath/amsopn.sty))
(/usr/local/texlive/2022/texmf-dist/tex/latex/amsfonts/amssymb.sty)
(/usr/local/texlive/2022/texmf-dist/tex/latex/underscore/underscore.sty)
(/usr/local/texlive/2022/texmf-dist/tex/latex/base/textcomp.sty)
(/usr/local/texlive/2022/texmf-dist/tex/latex/l3backend/l3backend-dvips.def)
No file 3d50373f7ebef4d6bd7969d62b1d29d708be25e2e46cfd8bc701f16479709c6c.aux.
*geometry* driver: auto-detecting
*geometry* detected driver: dvips
! Misplaced alignment tab character &.
l.30 {\sffamily CauchyNet_FixedXi Train &
                                          Val Loss (Log Scale)}%
No pages of output.
Transcript written on tmpjpitxe2b/3d50373f7ebef4d6bd7969d62b1d29d708be25e2e46cf
d8bc701f16479709c6c.log.



CauchyNet_FixedXi Epoch 500/10000, Train Loss=0.078393, Val Loss=0.067482
CauchyNet_FixedXi Epoch 1000/10000, Train Loss=0.037265, Val Loss=0.032070
CauchyNet_FixedXi Epoch 1500/10000, Train Loss=0.022391, Val Loss=0.017845
CauchyNet_FixedXi Epoch 2000/10000, Train Loss=0.010788, Val Loss=0.008874
CauchyNet_FixedXi Epoch 2500/10000, Train Loss=0.006975, Val Loss=0.006110
CauchyNet_FixedXi Epoch 3000/10000, Train Loss=0.004437, Val Loss=0.004235
CauchyNet_FixedXi Epoch 3500/10000, Train Loss=0.002886, Val Loss=0.003002
CauchyNet_FixedXi Epoch 4000/10000, Train Loss=0.001806, Val Loss=0.002151
CauchyNet_FixedXi Epoch 4500/10000, Train Loss=0.001354, Val Loss=0.001821
CauchyNet_FixedXi Epoch 5000/10000, Train Loss=0.001221, Val Loss=0.001539
CauchyNet_FixedXi Epoch 5500/10000, Train Loss=0.000888, Val Loss=0.001308
CauchyNet_FixedXi Epoch 6000/10000, Train Loss=0.000741, Val Loss=0.001113
CauchyNet_FixedXi Epoch 6500/10000, Train Loss=0.000697, Val Loss=0.001029
CauchyNet_FixedXi Epoch 7000/10000, Train Loss=0.000700, Val Loss=0.000954
CauchyNet_FixedXi Epoch 7500/10000, Train Loss=0.000565, Val Loss=0.000883
CauchyNet_FixedXi Epoch 8000/10000, Train Loss=0.000519, Val Loss=0.000820
CauchyNet_FixedXi Epoch 8500/10000, Train Loss=0.000492, Val Loss=0.000788
CauchyNet_FixedXi Epoch 9000/10000, Train Loss=0.000500, Val Loss=0.000761
CauchyNet_FixedXi Epoch 9500/10000, Train Loss=0.000451, Val Loss=0.000731
CauchyNet_FixedXi Epoch 10000/10000, Train Loss=0.000435, Val Loss=0.000706

Finished Training CauchyNet_FixedXi. Total Time: 56.49 seconds
Best CauchyNet_FixedXi model saved with val_loss=0.000706.

CauchyNet_FixedXi => Test MSE=0.019199, Test MAE=0.098621
!! CELL 69 FAILED, continuing
=== CELL 70 ===
Traceback (most recent call last):
  File "<workdir>/legacy_rerun/run_7_experiments_5.py", line 5565, in <module>
    plt.tight_layout()
    ~~~~~~~~~~~~~~~~^^
  File "/Library/Frameworks/Python.framework/Versions/3.13/lib/python3.13/site-packages/matplotlib/pyplot.py", line 2844, in tight_layout
    gcf().tight_layout(pad=pad, h_pad=h_pad, w_pad=w_pad, rect=rect)
    ~~~~~~~~~~~~~~~~~~^^^^^^^^^^^^^^^^^^^^^^^^^^^^^^^^^^^^^^^^^^^^^^
  File "/Library/Frameworks/Python.framework/Versions/3.13/lib/python3.13/site-packages/matplotlib/figure.py", line 3640, in tight_layout
    engine.execute(self)
    ~~~~~~~~~~~~~~^^^^^^
  File "/Library/Frameworks/Python.framework/Versions/3.13/lib/python3.13/site-packages/matplotlib/layout_engine.py", line 188, in execute
    kwargs = get_tight_layout_figure(
        fig, fig.axes, get_subplotspec_list(fig.axes), renderer,
        pad=info['pad'], h_pad=info['h_pad'], w_pad=info['w_pad'],
        rect=info['rect'])
  File "/Library/Frameworks/Python.framework/Versions/3.13/lib/python3.13/site-packages/matplotlib/_tight_layout.py", line 266, in get_tight_layout_figure
    kwargs = _auto_adjust_subplotpars(fig, renderer,
                                      shape=(max_nrows, max_ncols),
    ...<2 lines>...
                                      ax_bbox_list=ax_bbox_list,
                                      pad=pad, h_pad=h_pad, w_pad=w_pad)
  File "/Library/Frameworks/Python.framework/Versions/3.13/lib/python3.13/site-packages/matplotlib/_tight_layout.py", line 82, in _auto_adjust_subplotpars
    bb += [martist._get_tightbbox_for_layout_only(ax, renderer)]
           ~~~~~~~~~~~~~~~~~~~~~~~~~~~~~~~~~~~~~~^^^^^^^^^^^^^^
  File "/Library/Frameworks/Python.framework/Versions/3.13/lib/python3.13/site-packages/matplotlib/artist.py", line 1402, in _get_tightbbox_for_layout_only
    return obj.get_tightbbox(*args, **{**kwargs, "for_layout_only": True})
           ~~~~~~~~~~~~~~~~~^^^^^^^^^^^^^^^^^^^^^^^^^^^^^^^^^^^^^^^^^^^^^^
  File "/Library/Frameworks/Python.framework/Versions/3.13/lib/python3.13/site-packages/matplotlib/axes/_base.py", line 4567, in get_tightbbox
    self._update_title_position(renderer)
    ~~~~~~~~~~~~~~~~~~~~~~~~~~~^^^^^^^^^^
  File "/Library/Frameworks/Python.framework/Versions/3.13/lib/python3.13/site-packages/matplotlib/axes/_base.py", line 3144, in _update_title_position
    if title.get_window_extent(renderer).ymin < top:
       ~~~~~~~~~~~~~~~~~~~~~~~^^^^^^^^^^
  File "/Library/Frameworks/Python.framework/Versions/3.13/lib/python3.13/site-packages/matplotlib/text.py", line 969, in get_window_extent
    bbox, info, descent = self._get_layout(self._renderer)
                          ~~~~~~~~~~~~~~~~^^^^^^^^^^^^^^^^
  File "/Library/Frameworks/Python.framework/Versions/3.13/lib/python3.13/site-packages/matplotlib/text.py", line 382, in _get_layout
    w, h, d = _get_text_metrics_with_cache(
              ~~~~~~~~~~~~~~~~~~~~~~~~~~~~^
        renderer, clean_line, self._fontproperties,
        ^^^^^^^^^^^^^^^^^^^^^^^^^^^^^^^^^^^^^^^^^^^
        ismath=ismath, dpi=self.get_figure(root=True).dpi)
        ^^^^^^^^^^^^^^^^^^^^^^^^^^^^^^^^^^^^^^^^^^^^^^^^^^
  File "/Library/Frameworks/Python.framework/Versions/3.13/lib/python3.13/site-packages/matplotlib/text.py", line 69, in _get_text_metrics_with_cache
    return _get_text_metrics_with_cache_impl(
        weakref.ref(renderer), text, fontprop.copy(), ismath, dpi)
  File "/Library/Frameworks/Python.framework/Versions/3.13/lib/python3.13/site-packages/matplotlib/text.py", line 77, in _get_text_metrics_with_cache_impl
    return renderer_ref().get_text_width_height_descent(text, fontprop, ismath)
           ~~~~~~~~~~~~~~~~~~~~~~~~~~~~~~~~~~~~~~~~~~~~^^^^^^^^^^^^^^^^^^^^^^^^
  File "/Library/Frameworks/Python.framework/Versions/3.13/lib/python3.13/site-packages/matplotlib/backends/backend_agg.py", line 211, in get_text_width_height_descent
    return super().get_text_width_height_descent(s, prop, ismath)
           ~~~~~~~~~~~~~~~~~~~~~~~~~~~~~~~~~~~~~^^^^^^^^^^^^^^^^^
  File "/Library/Frameworks/Python.framework/Versions/3.13/lib/python3.13/site-packages/matplotlib/backend_bases.py", line 566, in get_text_width_height_descent
    return self.get_texmanager().get_text_width_height_descent(
           ~~~~~~~~~~~~~~~~~~~~~~~~~~~~~~~~~~~~~~~~~~~~~~~~~~~^
        s, fontsize, renderer=self)
        ^^^^^^^^^^^^^^^^^^^^^^^^^^^
  File "/Library/Frameworks/Python.framework/Versions/3.13/lib/python3.13/site-packages/matplotlib/texmanager.py", line 363, in get_text_width_height_descent
    dvifile = cls.make_dvi(tex, fontsize)
  File "/Library/Frameworks/Python.framework/Versions/3.13/lib/python3.13/site-packages/matplotlib/texmanager.py", line 295, in make_dvi
    cls._run_checked_subprocess(
    ~~~~~~~~~~~~~~~~~~~~~~~~~~~^
        ["latex", "-interaction=nonstopmode", "--halt-on-error",
        ^^^^^^^^^^^^^^^^^^^^^^^^^^^^^^^^^^^^^^^^^^^^^^^^^^^^^^^^
         f"--output-directory={tmppath.name}",
         ^^^^^^^^^^^^^^^^^^^^^^^^^^^^^^^^^^^^^
         f"{texfile.name}"], tex, cwd=cwd)
         ^^^^^^^^^^^^^^^^^^^^^^^^^^^^^^^^^
  File "/Library/Frameworks/Python.framework/Versions/3.13/lib/python3.13/site-packages/matplotlib/texmanager.py", line 258, in _run_checked_subprocess
    raise RuntimeError(
    ...<9 lines>...
        ) from None
RuntimeError: latex was not able to process the following string:
b'CauchyNet_FixedXi Train & Val Loss (Log Scale)'

Here is the full command invocation and its output:

latex -interaction=nonstopmode --halt-on-error --output-directory=tmpwm4klxt2 3d50373f7ebef4d6bd7969d62b1d29d708be25e2e46cfd8bc701f16479709c6c.tex

This is pdfTeX, Version 3.141592653-2.6-1.40.25 (TeX Live 2023) (preloaded format=latex)
 restricted \write18 enabled.
entering extended mode
(./3d50373f7ebef4d6bd7969d62b1d29d708be25e2e46cfd8bc701f16479709c6c.tex
LaTeX2e <2023-06-01> patch level 1
L3 programming layer <2023-08-29>
(/usr/local/texlive/2022/texmf-dist/tex/latex/base/article.cls
Document Class: article 2023/05/17 v1.4n Standard LaTeX document class
(/usr/local/texlive/2022/texmf-dist/tex/latex/base/size10.clo))
(/usr/local/texlive/2022/texmf-dist/tex/latex/type1cm/type1cm.sty)
(/usr/local/texlive/2022/texmf-dist/tex/latex/cm-super/type1ec.sty
(/usr/local/texlive/2022/texmf-dist/tex/latex/base/t1cmr.fd))
(/usr/local/texlive/2022/texmf-dist/tex/latex/base/inputenc.sty)
(/usr/local/texlive/2022/texmf-dist/tex/latex/geometry/geometry.sty
(/usr/local/texlive/2022/texmf-dist/tex/latex/graphics/keyval.sty)
(/usr/local/texlive/2022/texmf-dist/tex/generic/iftex/ifvtex.sty
(/usr/local/texlive/2022/texmf-dist/tex/generic/iftex/iftex.sty)))
(/usr/local/texlive/2022/texmf-dist/tex/latex/amsfonts/amsfonts.sty)
(/usr/local/texlive/2022/texmf-dist/tex/latex/amsmath/amsmath.sty
For additional information on amsmath, use the `?' option.
(/usr/local/texlive/2022/texmf-dist/tex/latex/amsmath/amstext.sty
(/usr/local/texlive/2022/texmf-dist/tex/latex/amsmath/amsgen.sty))
(/usr/local/texlive/2022/texmf-dist/tex/latex/amsmath/amsbsy.sty)
(/usr/local/texlive/2022/texmf-dist/tex/latex/amsmath/amsopn.sty))
(/usr/local/texlive/2022/texmf-dist/tex/latex/amsfonts/amssymb.sty)
(/usr/local/texlive/2022/texmf-dist/tex/latex/underscore/underscore.sty)
(/usr/local/texlive/2022/texmf-dist/tex/latex/base/textcomp.sty)
(/usr/local/texlive/2022/texmf-dist/tex/latex/l3backend/l3backend-dvips.def)
No file 3d50373f7ebef4d6bd7969d62b1d29d708be25e2e46cfd8bc701f16479709c6c.aux.
*geometry* driver: auto-detecting
*geometry* detected driver: dvips
! Misplaced alignment tab character &.
l.30 {\sffamily CauchyNet_FixedXi Train &
                                          Val Loss (Log Scale)}%
No pages of output.
Transcript written on tmpwm4klxt2/3d50373f7ebef4d6bd7969d62b1d29d708be25e2e46cf
d8bc701f16479709c6c.log.



CauchyNet_FixedXi Epoch 500/10000, Train Loss=0.000062, Val Loss=0.000078
CauchyNet_FixedXi Epoch 1000/10000, Train Loss=0.000029, Val Loss=0.000030
CauchyNet_FixedXi Epoch 1500/10000, Train Loss=0.000017, Val Loss=0.000016
CauchyNet_FixedXi Epoch 2000/10000, Train Loss=0.000010, Val Loss=0.000009
CauchyNet_FixedXi Epoch 2500/10000, Train Loss=0.000008, Val Loss=0.000006
CauchyNet_FixedXi Epoch 3000/10000, Train Loss=0.000007, Val Loss=0.000006
CauchyNet_FixedXi Epoch 3500/10000, Train Loss=0.000006, Val Loss=0.000005
CauchyNet_FixedXi Epoch 4000/10000, Train Loss=0.000006, Val Loss=0.000004
CauchyNet_FixedXi Epoch 4500/10000, Train Loss=0.000005, Val Loss=0.000004
CauchyNet_FixedXi Epoch 5000/10000, Train Loss=0.000005, Val Loss=0.000004
CauchyNet_FixedXi Epoch 5500/10000, Train Loss=0.000004, Val Loss=0.000004
CauchyNet_FixedXi Epoch 6000/10000, Train Loss=0.000005, Val Loss=0.000003
CauchyNet_FixedXi Epoch 6500/10000, Train Loss=0.000004, Val Loss=0.000003
CauchyNet_FixedXi Epoch 7000/10000, Train Loss=0.000004, Val Loss=0.000003
CauchyNet_FixedXi Epoch 7500/10000, Train Loss=0.000004, Val Loss=0.000003
CauchyNet_FixedXi Epoch 8000/10000, Train Loss=0.000004, Val Loss=0.000003
CauchyNet_FixedXi Epoch 8500/10000, Train Loss=0.000004, Val Loss=0.000003
CauchyNet_FixedXi Epoch 9000/10000, Train Loss=0.000004, Val Loss=0.000003
CauchyNet_FixedXi Epoch 9500/10000, Train Loss=0.000004, Val Loss=0.000003
CauchyNet_FixedXi Epoch 10000/10000, Train Loss=0.000004, Val Loss=0.000003

Finished Training CauchyNet_FixedXi. Total Time: 58.75 seconds
Best CauchyNet_FixedXi model saved with val_loss=0.000003.

CauchyNet_FixedXi => Test MSE=0.000302, Test MAE=0.013056
!! CELL 70 FAILED, continuing
=== CELL 71 ===
Traceback (most recent call last):
  File "<workdir>/legacy_rerun/run_7_experiments_5.py", line 5734, in <module>
    plot_two_subfigures_sharedY(
    ~~~~~~~~~~~~~~~~~~~~~~~~~~~^
        X_dense, Y_dense_true,
        ^^^^^^^^^^^^^^^^^^^^^^
    ...<4 lines>...
        model_name="CauchyNet"
        ^^^^^^^^^^^^^^^^^^^^^^
    )
    ^
  File "<workdir>/legacy_rerun/run_7_experiments_5.py", line 5728, in plot_two_subfigures_sharedY
    fig.savefig("missingloss.png", dpi=300, bbox_inches='tight')
    ~~~~~~~~~~~^^^^^^^^^^^^^^^^^^^^^^^^^^^^^^^^^^^^^^^^^^^^^^^^^
  File "/Library/Frameworks/Python.framework/Versions/3.13/lib/python3.13/site-packages/matplotlib/figure.py", line 3490, in savefig
    self.canvas.print_figure(fname, **kwargs)
    ~~~~~~~~~~~~~~~~~~~~~~~~^^^^^^^^^^^^^^^^^
  File "/Library/Frameworks/Python.framework/Versions/3.13/lib/python3.13/site-packages/matplotlib/backend_bases.py", line 2157, in print_figure
    self.figure.draw(renderer)
    ~~~~~~~~~~~~~~~~^^^^^^^^^^
  File "/Library/Frameworks/Python.framework/Versions/3.13/lib/python3.13/site-packages/matplotlib/artist.py", line 94, in draw_wrapper
    result = draw(artist, renderer, *args, **kwargs)
  File "/Library/Frameworks/Python.framework/Versions/3.13/lib/python3.13/site-packages/matplotlib/artist.py", line 71, in draw_wrapper
    return draw(artist, renderer)
  File "/Library/Frameworks/Python.framework/Versions/3.13/lib/python3.13/site-packages/matplotlib/figure.py", line 3257, in draw
    mimage._draw_list_compositing_images(
    ~~~~~~~~~~~~~~~~~~~~~~~~~~~~~~~~~~~~^
        renderer, self, artists, self.suppressComposite)
        ^^^^^^^^^^^^^^^^^^^^^^^^^^^^^^^^^^^^^^^^^^^^^^^^
  File "/Library/Frameworks/Python.framework/Versions/3.13/lib/python3.13/site-packages/matplotlib/image.py", line 134, in _draw_list_compositing_images
    a.draw(renderer)
    ~~~~~~^^^^^^^^^^
  File "/Library/Frameworks/Python.framework/Versions/3.13/lib/python3.13/site-packages/matplotlib/artist.py", line 71, in draw_wrapper
    return draw(artist, renderer)
  File "/Library/Frameworks/Python.framework/Versions/3.13/lib/python3.13/site-packages/matplotlib/text.py", line 752, in draw
    bbox, info, descent = self._get_layout(renderer)
                          ~~~~~~~~~~~~~~~~^^^^^^^^^^
  File "/Library/Frameworks/Python.framework/Versions/3.13/lib/python3.13/site-packages/matplotlib/text.py", line 382, in _get_layout
    w, h, d = _get_text_metrics_with_cache(
              ~~~~~~~~~~~~~~~~~~~~~~~~~~~~^
        renderer, clean_line, self._fontproperties,
        ^^^^^^^^^^^^^^^^^^^^^^^^^^^^^^^^^^^^^^^^^^^
        ismath=ismath, dpi=self.get_figure(root=True).dpi)
        ^^^^^^^^^^^^^^^^^^^^^^^^^^^^^^^^^^^^^^^^^^^^^^^^^^
  File "/Library/Frameworks/Python.framework/Versions/3.13/lib/python3.13/site-packages/matplotlib/text.py", line 69, in _get_text_metrics_with_cache
    return _get_text_metrics_with_cache_impl(
        weakref.ref(renderer), text, fontprop.copy(), ismath, dpi)
  File "/Library/Frameworks/Python.framework/Versions/3.13/lib/python3.13/site-packages/matplotlib/text.py", line 77, in _get_text_metrics_with_cache_impl
    return renderer_ref().get_text_width_height_descent(text, fontprop, ismath)
           ~~~~~~~~~~~~~~~~~~~~~~~~~~~~~~~~~~~~~~~~~~~~^^^^^^^^^^^^^^^^^^^^^^^^
  File "/Library/Frameworks/Python.framework/Versions/3.13/lib/python3.13/site-packages/matplotlib/backends/backend_agg.py", line 211, in get_text_width_height_descent
    return super().get_text_width_height_descent(s, prop, ismath)
           ~~~~~~~~~~~~~~~~~~~~~~~~~~~~~~~~~~~~~^^^^^^^^^^^^^^^^^
  File "/Library/Frameworks/Python.framework/Versions/3.13/lib/python3.13/site-packages/matplotlib/backend_bases.py", line 566, in get_text_width_height_descent
    return self.get_texmanager().get_text_width_height_descent(
           ~~~~~~~~~~~~~~~~~~~~~~~~~~~~~~~~~~~~~~~~~~~~~~~~~~~^
        s, fontsize, renderer=self)
        ^^^^^^^^^^^^^^^^^^^^^^^^^^^
  File "/Library/Frameworks/Python.framework/Versions/3.13/lib/python3.13/site-packages/matplotlib/texmanager.py", line 363, in get_text_width_height_descent
    dvifile = cls.make_dvi(tex, fontsize)
  File "/Library/Frameworks/Python.framework/Versions/3.13/lib/python3.13/site-packages/matplotlib/texmanager.py", line 295, in make_dvi
    cls._run_checked_subprocess(
    ~~~~~~~~~~~~~~~~~~~~~~~~~~~^
        ["latex", "-interaction=nonstopmode", "--halt-on-error",
        ^^^^^^^^^^^^^^^^^^^^^^^^^^^^^^^^^^^^^^^^^^^^^^^^^^^^^^^^
         f"--output-directory={tmppath.name}",
         ^^^^^^^^^^^^^^^^^^^^^^^^^^^^^^^^^^^^^
         f"{texfile.name}"], tex, cwd=cwd)
         ^^^^^^^^^^^^^^^^^^^^^^^^^^^^^^^^^
  File "/Library/Frameworks/Python.framework/Versions/3.13/lib/python3.13/site-packages/matplotlib/texmanager.py", line 258, in _run_checked_subprocess
    raise RuntimeError(
    ...<9 lines>...
        ) from None
RuntimeError: latex was not able to process the following string:
b'Data Splits & Test Predictions (CauchyNet)'

Here is the full command invocation and its output:

latex -interaction=nonstopmode --halt-on-error --output-directory=tmp1g_n_4cx 02ed9709ce9b15eb1271af90f1e687412527020642b3c18d43062d1dedc7c0f1.tex

This is pdfTeX, Version 3.141592653-2.6-1.40.25 (TeX Live 2023) (preloaded format=latex)
 restricted \write18 enabled.
entering extended mode
(./02ed9709ce9b15eb1271af90f1e687412527020642b3c18d43062d1dedc7c0f1.tex
LaTeX2e <2023-06-01> patch level 1
L3 programming layer <2023-08-29>
(/usr/local/texlive/2022/texmf-dist/tex/latex/base/article.cls
Document Class: article 2023/05/17 v1.4n Standard LaTeX document class
(/usr/local/texlive/2022/texmf-dist/tex/latex/base/size10.clo))
(/usr/local/texlive/2022/texmf-dist/tex/latex/type1cm/type1cm.sty)
(/usr/local/texlive/2022/texmf-dist/tex/latex/cm-super/type1ec.sty
(/usr/local/texlive/2022/texmf-dist/tex/latex/base/t1cmr.fd))
(/usr/local/texlive/2022/texmf-dist/tex/latex/base/inputenc.sty)
(/usr/local/texlive/2022/texmf-dist/tex/latex/geometry/geometry.sty
(/usr/local/texlive/2022/texmf-dist/tex/latex/graphics/keyval.sty)
(/usr/local/texlive/2022/texmf-dist/tex/generic/iftex/ifvtex.sty
(/usr/local/texlive/2022/texmf-dist/tex/generic/iftex/iftex.sty)))
(/usr/local/texlive/2022/texmf-dist/tex/latex/amsfonts/amsfonts.sty)
(/usr/local/texlive/2022/texmf-dist/tex/latex/amsmath/amsmath.sty
For additional information on amsmath, use the `?' option.
(/usr/local/texlive/2022/texmf-dist/tex/latex/amsmath/amstext.sty
(/usr/local/texlive/2022/texmf-dist/tex/latex/amsmath/amsgen.sty))
(/usr/local/texlive/2022/texmf-dist/tex/latex/amsmath/amsbsy.sty)
(/usr/local/texlive/2022/texmf-dist/tex/latex/amsmath/amsopn.sty))
(/usr/local/texlive/2022/texmf-dist/tex/latex/amsfonts/amssymb.sty)
(/usr/local/texlive/2022/texmf-dist/tex/latex/underscore/underscore.sty)
(/usr/local/texlive/2022/texmf-dist/tex/latex/base/textcomp.sty)
(/usr/local/texlive/2022/texmf-dist/tex/latex/l3backend/l3backend-dvips.def)
No file 02ed9709ce9b15eb1271af90f1e687412527020642b3c18d43062d1dedc7c0f1.aux.
*geometry* driver: auto-detecting
*geometry* detected driver: dvips
! Misplaced alignment tab character &.
l.30 {\sffamily Data Splits &
                              Test Predictions (CauchyNet)}%
No pages of output.
Transcript written on tmp1g_n_4cx/02ed9709ce9b15eb1271af90f1e687412527020642b3c
18d43062d1dedc7c0f1.log.



!! CELL 71 FAILED, continuing
=== CELL 72 ===
=== CELL 73 ===
=== CELL 74 ===

Finished Training CauchyNet. Total Time: 0.07 seconds
Best CauchyNet model saved with val_loss=0.549827.

CauchyNet => Test MSE=0.655979, Test MAE=0.579704

Finished Training SIREN. Total Time: 0.06 seconds
Best SIREN model saved with val_loss=0.081344.

SIREN => Test MSE=0.900917, Test MAE=0.792713

Finished Training NBeats. Total Time: 0.10 seconds
Best NBeats model saved with val_loss=0.406162.

NBeats => Test MSE=0.508256, Test MAE=0.514643

Finished Training FNN. Total Time: 0.03 seconds
Best FNN model saved with val_loss=0.052375.

FNN => Test MSE=0.284279, Test MAE=0.486127

Finished Training Transformer. Total Time: 1.09 seconds
Best Transformer model saved with val_loss=0.469903.

Transformer => Test MSE=1.508000, Test MAE=1.080891
=== CELL 75 ===
CauchyNet Epoch 500/10000, Train Loss=0.016108, Val Loss=0.012622
CauchyNet Epoch 1000/10000, Train Loss=0.001315, Val Loss=0.001762
CauchyNet Epoch 1500/10000, Train Loss=0.000306, Val Loss=0.000519
CauchyNet Epoch 2000/10000, Train Loss=0.000065, Val Loss=0.000082
CauchyNet Epoch 2500/10000, Train Loss=0.000042, Val Loss=0.000038
CauchyNet Epoch 3000/10000, Train Loss=0.000030, Val Loss=0.000026
CauchyNet Epoch 3500/10000, Train Loss=0.000022, Val Loss=0.000020
CauchyNet Epoch 4000/10000, Train Loss=0.000017, Val Loss=0.000015
CauchyNet Epoch 4500/10000, Train Loss=0.000015, Val Loss=0.000013
CauchyNet Epoch 5000/10000, Train Loss=0.000014, Val Loss=0.000012
CauchyNet Epoch 5500/10000, Train Loss=0.000011, Val Loss=0.000010
CauchyNet Epoch 6000/10000, Train Loss=0.000010, Val Loss=0.000009
CauchyNet Epoch 6500/10000, Train Loss=0.000009, Val Loss=0.000008
CauchyNet Epoch 7000/10000, Train Loss=0.000009, Val Loss=0.000008
CauchyNet Epoch 7500/10000, Train Loss=0.000008, Val Loss=0.000007
CauchyNet Epoch 8000/10000, Train Loss=0.000008, Val Loss=0.000007
CauchyNet Epoch 8500/10000, Train Loss=0.000007, Val Loss=0.000007
CauchyNet Epoch 9000/10000, Train Loss=0.000007, Val Loss=0.000007
CauchyNet Epoch 9500/10000, Train Loss=0.000007, Val Loss=0.000007
CauchyNet Epoch 10000/10000, Train Loss=0.000007, Val Loss=0.000006

Finished Training CauchyNet. Total Time: 60.90 seconds
Best CauchyNet model saved with val_loss=0.000006.

CauchyNet => Test MSE=0.000397, Test MAE=0.016060
SIREN Epoch 500/10000, Train Loss=0.021080, Val Loss=0.023528
SIREN Epoch 1000/10000, Train Loss=0.002023, Val Loss=0.002322
SIREN Epoch 1500/10000, Train Loss=0.000016, Val Loss=0.000073
SIREN Epoch 2000/10000, Train Loss=0.002505, Val Loss=0.006381
SIREN Epoch 2500/10000, Train Loss=0.002100, Val Loss=0.001559
SIREN Epoch 3000/10000, Train Loss=0.000017, Val Loss=0.000032
SIREN Epoch 3500/10000, Train Loss=0.003630, Val Loss=0.002421
SIREN Epoch 4000/10000, Train Loss=0.000247, Val Loss=0.000230
SIREN Epoch 4500/10000, Train Loss=0.000003, Val Loss=0.000016
SIREN Epoch 5000/10000, Train Loss=0.000106, Val Loss=0.000128
SIREN Epoch 5500/10000, Train Loss=0.000068, Val Loss=0.000121
SIREN Epoch 6000/10000, Train Loss=0.000110, Val Loss=0.000050
SIREN Epoch 6500/10000, Train Loss=0.000140, Val Loss=0.000242
SIREN Epoch 7000/10000, Train Loss=0.002862, Val Loss=0.002996
SIREN Epoch 7500/10000, Train Loss=0.000002, Val Loss=0.000011
SIREN Epoch 8000/10000, Train Loss=0.000254, Val Loss=0.000131
SIREN Epoch 8500/10000, Train Loss=0.000048, Val Loss=0.000035
SIREN Epoch 9000/10000, Train Loss=0.000012, Val Loss=0.000016
SIREN Epoch 9500/10000, Train Loss=0.000000, Val Loss=0.000009
SIREN Epoch 10000/10000, Train Loss=0.000008, Val Loss=0.000013

Finished Training SIREN. Total Time: 60.05 seconds
Best SIREN model saved with val_loss=0.000007.

SIREN => Test MSE=0.005017, Test MAE=0.051409
NBeats Epoch 500/10000, Train Loss=0.417982, Val Loss=0.404716
NBeats Epoch 1000/10000, Train Loss=0.169787, Val Loss=0.165338
NBeats Epoch 1500/10000, Train Loss=0.031408, Val Loss=0.029683
NBeats Epoch 2000/10000, Train Loss=0.004848, Val Loss=0.017147
NBeats Epoch 2500/10000, Train Loss=0.002410, Val Loss=0.001367
NBeats Epoch 3000/10000, Train Loss=0.001692, Val Loss=0.001925
NBeats Epoch 3500/10000, Train Loss=0.000264, Val Loss=0.000558
NBeats Epoch 4000/10000, Train Loss=0.000333, Val Loss=0.000756
NBeats Epoch 4500/10000, Train Loss=0.000129, Val Loss=0.000277
NBeats Epoch 5000/10000, Train Loss=0.000203, Val Loss=0.000557
NBeats Epoch 5500/10000, Train Loss=0.000172, Val Loss=0.000341
NBeats Epoch 6000/10000, Train Loss=0.000111, Val Loss=0.000380
NBeats Epoch 6500/10000, Train Loss=0.000074, Val Loss=0.000157
NBeats Epoch 7000/10000, Train Loss=0.000047, Val Loss=0.000138
NBeats Epoch 7500/10000, Train Loss=0.000060, Val Loss=0.000119
NBeats Epoch 8000/10000, Train Loss=0.000023, Val Loss=0.000091
NBeats Epoch 8500/10000, Train Loss=0.000013, Val Loss=0.000090
NBeats Epoch 9000/10000, Train Loss=0.000006, Val Loss=0.000071
NBeats Epoch 9500/10000, Train Loss=0.000041, Val Loss=0.000124
NBeats Epoch 10000/10000, Train Loss=0.000005, Val Loss=0.000060

Finished Training NBeats. Total Time: 138.46 seconds
Best NBeats model saved with val_loss=0.000060.

NBeats => Test MSE=0.005056, Test MAE=0.059240
FNN Epoch 500/10000, Train Loss=0.000880, Val Loss=0.001147
FNN Epoch 1000/10000, Train Loss=0.000625, Val Loss=0.000803
FNN Epoch 1500/10000, Train Loss=0.000623, Val Loss=0.000877
FNN Epoch 2000/10000, Train Loss=0.000736, Val Loss=0.001267
FNN Epoch 2500/10000, Train Loss=0.000304, Val Loss=0.000408
FNN Epoch 3000/10000, Train Loss=0.000290, Val Loss=0.000655
FNN Epoch 3500/10000, Train Loss=0.000296, Val Loss=0.000665
FNN Epoch 4000/10000, Train Loss=0.000218, Val Loss=0.001292
FNN Epoch 4500/10000, Train Loss=0.000141, Val Loss=0.000209
FNN Epoch 5000/10000, Train Loss=0.000093, Val Loss=0.000326
FNN Epoch 5500/10000, Train Loss=0.000045, Val Loss=0.000097
FNN Epoch 6000/10000, Train Loss=0.000071, Val Loss=0.000218
FNN Epoch 6500/10000, Train Loss=0.000058, Val Loss=0.000101
FNN Epoch 7000/10000, Train Loss=0.000032, Val Loss=0.000094
FNN Epoch 7500/10000, Train Loss=0.000120, Val Loss=0.000212
FNN Epoch 8000/10000, Train Loss=0.000016, Val Loss=0.000086
FNN Epoch 8500/10000, Train Loss=0.000021, Val Loss=0.000083
FNN Epoch 9000/10000, Train Loss=0.000017, Val Loss=0.000073
FNN Epoch 9500/10000, Train Loss=0.000028, Val Loss=0.000121
FNN Epoch 10000/10000, Train Loss=0.000024, Val Loss=0.000069

Finished Training FNN. Total Time: 75.32 seconds
Best FNN model saved with val_loss=0.000060.

FNN => Test MSE=0.006560, Test MAE=0.053000
=== CELL 76 ===
CauchyNet Epoch 500/10000, Train Loss=0.000006, Val Loss=0.000006
CauchyNet Epoch 1000/10000, Train Loss=0.000005, Val Loss=0.000005
CauchyNet Epoch 1500/10000, Train Loss=0.000005, Val Loss=0.000004
CauchyNet Epoch 2000/10000, Train Loss=0.000004, Val Loss=0.000004
CauchyNet Epoch 2500/10000, Train Loss=0.000004, Val Loss=0.000004
CauchyNet Epoch 3000/10000, Train Loss=0.000004, Val Loss=0.000004
CauchyNet Epoch 3500/10000, Train Loss=0.000004, Val Loss=0.000003
CauchyNet Epoch 4000/10000, Train Loss=0.000004, Val Loss=0.000003
CauchyNet Epoch 4500/10000, Train Loss=0.000003, Val Loss=0.000003
CauchyNet Epoch 5000/10000, Train Loss=0.000003, Val Loss=0.000003
CauchyNet Epoch 5500/10000, Train Loss=0.000003, Val Loss=0.000003
CauchyNet Epoch 6000/10000, Train Loss=0.000003, Val Loss=0.000003
CauchyNet Epoch 6500/10000, Train Loss=0.000003, Val Loss=0.000003
CauchyNet Epoch 7000/10000, Train Loss=0.000003, Val Loss=0.000003
CauchyNet Epoch 7500/10000, Train Loss=0.000003, Val Loss=0.000003
CauchyNet Epoch 8000/10000, Train Loss=0.000003, Val Loss=0.000003
CauchyNet Epoch 8500/10000, Train Loss=0.000003, Val Loss=0.000003
CauchyNet Epoch 9000/10000, Train Loss=0.000003, Val Loss=0.000003
CauchyNet Epoch 9500/10000, Train Loss=0.000003, Val Loss=0.000003
CauchyNet Epoch 10000/10000, Train Loss=0.000003, Val Loss=0.000003

Finished Training CauchyNet. Total Time: 113.12 seconds
Best CauchyNet model saved with val_loss=0.000003.

CauchyNet => Test MSE=0.000525, Test MAE=0.019160
SIREN Epoch 500/10000, Train Loss=0.004015, Val Loss=0.002419
SIREN Epoch 1000/10000, Train Loss=0.002739, Val Loss=0.002555
SIREN Epoch 1500/10000, Train Loss=0.025222, Val Loss=0.042273
SIREN Epoch 2000/10000, Train Loss=0.020557, Val Loss=0.009257
SIREN Epoch 2500/10000, Train Loss=0.000003, Val Loss=0.000010
SIREN Epoch 3000/10000, Train Loss=0.003539, Val Loss=0.002100
SIREN Epoch 3500/10000, Train Loss=0.002594, Val Loss=0.001065
SIREN Epoch 4000/10000, Train Loss=0.001087, Val Loss=0.001120
SIREN Epoch 4500/10000, Train Loss=0.001629, Val Loss=0.001382
SIREN Epoch 5000/10000, Train Loss=0.000146, Val Loss=0.000147
SIREN Epoch 5500/10000, Train Loss=0.005800, Val Loss=0.004205
SIREN Epoch 6000/10000, Train Loss=0.001388, Val Loss=0.000732
SIREN Epoch 6500/10000, Train Loss=0.000061, Val Loss=0.000084
SIREN Epoch 7000/10000, Train Loss=0.000014, Val Loss=0.000017
SIREN Epoch 7500/10000, Train Loss=0.000015, Val Loss=0.000012
SIREN Epoch 8000/10000, Train Loss=0.000001, Val Loss=0.000007
SIREN Epoch 8500/10000, Train Loss=0.000001, Val Loss=0.000008
SIREN Epoch 9000/10000, Train Loss=0.000001, Val Loss=0.000008
SIREN Epoch 9500/10000, Train Loss=0.000039, Val Loss=0.000060
SIREN Epoch 10000/10000, Train Loss=0.000026, Val Loss=0.000038

Finished Training SIREN. Total Time: 77.43 seconds
Best SIREN model saved with val_loss=0.000002.

SIREN => Test MSE=0.003920, Test MAE=0.043378
NBeats Epoch 500/10000, Train Loss=0.004559, Val Loss=0.003639
NBeats Epoch 1000/10000, Train Loss=0.014570, Val Loss=0.013420
NBeats Epoch 1500/10000, Train Loss=0.003976, Val Loss=0.004467
NBeats Epoch 2000/10000, Train Loss=0.001189, Val Loss=0.001538
NBeats Epoch 2500/10000, Train Loss=0.000424, Val Loss=0.000441
NBeats Epoch 3000/10000, Train Loss=0.003014, Val Loss=0.002082
NBeats Epoch 3500/10000, Train Loss=0.000115, Val Loss=0.000091
NBeats Epoch 4000/10000, Train Loss=0.000030, Val Loss=0.000144
NBeats Epoch 4500/10000, Train Loss=0.000073, Val Loss=0.000205
NBeats Epoch 5000/10000, Train Loss=0.000015, Val Loss=0.000099
NBeats Epoch 5500/10000, Train Loss=0.000322, Val Loss=0.000222
NBeats Epoch 6000/10000, Train Loss=0.000012, Val Loss=0.000093
NBeats Epoch 6500/10000, Train Loss=0.000007, Val Loss=0.000081
NBeats Epoch 7000/10000, Train Loss=0.000013, Val Loss=0.000063
NBeats Epoch 7500/10000, Train Loss=0.000006, Val Loss=0.000065
NBeats Epoch 8000/10000, Train Loss=0.000009, Val Loss=0.000059
NBeats Epoch 8500/10000, Train Loss=0.000006, Val Loss=0.000064
NBeats Epoch 9000/10000, Train Loss=0.000006, Val Loss=0.000053
NBeats Epoch 9500/10000, Train Loss=0.000022, Val Loss=0.000081
NBeats Epoch 10000/10000, Train Loss=0.000010, Val Loss=0.000048

Finished Training NBeats. Total Time: 110.54 seconds
Best NBeats model saved with val_loss=0.000037.

NBeats => Test MSE=0.461891, Test MAE=0.405137
FNN Epoch 500/10000, Train Loss=0.000114, Val Loss=0.000191
FNN Epoch 1000/10000, Train Loss=0.000742, Val Loss=0.000379
FNN Epoch 1500/10000, Train Loss=0.000690, Val Loss=0.000376
FNN Epoch 2000/10000, Train Loss=0.001505, Val Loss=0.000535
FNN Epoch 2500/10000, Train Loss=0.000181, Val Loss=0.000165
FNN Epoch 3000/10000, Train Loss=0.000021, Val Loss=0.000093
FNN Epoch 3500/10000, Train Loss=0.000048, Val Loss=0.000091
FNN Epoch 4000/10000, Train Loss=0.000019, Val Loss=0.000083
FNN Epoch 4500/10000, Train Loss=0.000294, Val Loss=0.000498
FNN Epoch 5000/10000, Train Loss=0.000141, Val Loss=0.000094
FNN Epoch 5500/10000, Train Loss=0.000167, Val Loss=0.000125
FNN Epoch 6000/10000, Train Loss=0.000010, Val Loss=0.000070
FNN Epoch 6500/10000, Train Loss=0.000008, Val Loss=0.000067
FNN Epoch 7000/10000, Train Loss=0.000013, Val Loss=0.000067
FNN Epoch 7500/10000, Train Loss=0.000194, Val Loss=0.000776
FNN Epoch 8000/10000, Train Loss=0.000051, Val Loss=0.000120
FNN Epoch 8500/10000, Train Loss=0.000010, Val Loss=0.000063
FNN Epoch 9000/10000, Train Loss=0.000007, Val Loss=0.000066
FNN Epoch 9500/10000, Train Loss=0.000007, Val Loss=0.000058
FNN Epoch 10000/10000, Train Loss=0.000007, Val Loss=0.000060

Finished Training FNN. Total Time: 26.78 seconds
Best FNN model saved with val_loss=0.000057.

FNN => Test MSE=0.005445, Test MAE=0.054886
=== CELL 77 ===
Traceback (most recent call last):
  File "<workdir>/legacy_rerun/run_7_experiments_5.py", line 6198, in <module>
    state_dict = torch.load("checkpoints/CauchyNet_best_missingdata.pth", map_location=torch.device('cpu'))
  File "/Library/Frameworks/Python.framework/Versions/3.13/lib/python3.13/site-packages/torch/serialization.py", line 1484, in load
    with _open_file_like(f, "rb") as opened_file:
         ~~~~~~~~~~~~~~~^^^^^^^^^
  File "/Library/Frameworks/Python.framework/Versions/3.13/lib/python3.13/site-packages/torch/serialization.py", line 759, in _open_file_like
    return _open_file(name_or_buffer, mode)
  File "/Library/Frameworks/Python.framework/Versions/3.13/lib/python3.13/site-packages/torch/serialization.py", line 740, in __init__
    super().__init__(open(name, mode))
                     ~~~~^^^^^^^^^^^^
FileNotFoundError: [Errno 2] No such file or directory: 'checkpoints/CauchyNet_best_missingdata.pth'
!! CELL 77 FAILED, continuing
=== CELL 78 ===
=== CELL 79 ===
=== CELL 80 ===
=== CELL 81 ===
=== CELL 82 ===
=== CELL 83 ===
=== CELL 84 ===
Traceback (most recent call last):
  File "<workdir>/legacy_rerun/run_7_experiments_5.py", line 6806, in <module>
    with open("logs/training_logs.pkl", "rb") as f:
         ~~~~^^^^^^^^^^^^^^^^^^^^^^^^^^^^^^^^
FileNotFoundError: [Errno 2] No such file or directory: 'logs/training_logs.pkl'
!! CELL 84 FAILED, continuing
