torch 2.11.0 device cpu
CauchyNet  input_size=1  h_pairs=128  eff width=256  real params=512
  epoch   100: train=3.1058e-04, val=9.0725e-05, best_val=2.9504e-05@69
  epoch   200: train=5.8427e-04, val=2.2111e-04, best_val=1.0386e-05@143
  epoch   300: train=1.9889e-05, val=2.7493e-05, best_val=6.6964e-06@220
  epoch   400: train=1.2856e-04, val=2.0252e-04, best_val=6.6964e-06@220
  epoch   500: train=9.6097e-05, val=1.3268e-04, best_val=6.6964e-06@220
  epoch   600: train=1.1433e-05, val=3.9962e-05, best_val=6.6964e-06@220
Exp 1 test MSE (normalized): 7.7864e-06
Exp 1 test MAE (normalized): 1.9352e-03
Turning points detected: [-1.328 -1.088 -0.306  0.506  0.957  1.549]
Exp 2a: 231 kept / 169 withheld
CauchyNet  input_size=1  h_pairs=128  real params=512  (radii=(2pi, 1), no /h normalization — tuned for extrapolation)
  epoch   500: train=8.1042e-03, val=6.7181e-03, best_val=4.9978e-03@474
  epoch  1000: train=6.1820e-04, val=1.8861e-03, best_val=1.4656e-04@887
  epoch  1500: train=2.5318e-04, val=1.2923e-04, best_val=8.9210e-05@1029
  epoch  2000: train=9.1423e-04, val=2.0007e-04, best_val=6.5108e-05@1618
  epoch  2500: train=7.0318e-04, val=3.6906e-04, best_val=3.9132e-05@2456
  epoch  3000: train=1.3297e-04, val=8.2066e-05, best_val=3.0308e-05@2995
Exp 2a test MSE (on missing zones, normalized): 1.0988e-04
Exp 2a test MAE (on missing zones, normalized): 8.9245e-03
Exp 2b: 2129 train / 532 val / 339 test (missing disk)
CauchyNet  input_size=2  h_pairs=128  real params=768  (radii=(2pi, 1), no /h — tuned for extrapolation)
  epoch   300: train=4.6117e-05, val=2.4724e-04, best_val=2.0761e-05@218
  epoch   600: train=7.6560e-03, val=6.5686e-04, best_val=1.2443e-05@468
  epoch   900: train=4.8064e-05, val=3.5454e-05, best_val=1.2443e-05@468
  epoch  1200: train=1.3776e-03, val=2.0327e-04, best_val=1.2443e-05@468
  epoch  1500: train=7.5423e-04, val=1.1796e-03, best_val=1.2443e-05@468
Exp 2b test MSE on missing disk (normalized): 7.5850e-06
Exp 2b test MAE on missing disk (normalized): 2.3705e-03
max |error| inside the disk: 0.010378347898168716
CauchyNet  input_size=2  h_pairs=128  real params=768  (radii=(2pi, 1), no /h — tuned for extrapolation)
  epoch   300: train=1.5579e-02, val=3.2392e-02, best_val=9.6346e-05@209
  epoch   600: train=9.6893e-05, val=7.9051e-05, best_val=5.3940e-05@523
  epoch   900: train=1.0203e-04, val=9.4152e-05, best_val=2.9770e-05@731
  epoch  1200: train=5.8774e-04, val=7.9744e-04, best_val=2.3141e-05@999
  epoch  1500: train=8.6151e-05, val=1.0581e-04, best_val=2.3141e-05@999
Exp 3 test MSE (normalized): 2.9738e-05
Exp 3 test MAE (normalized): 4.3578e-03
max |error| on grid: 1.4153024410379347
M4 trend shape: (700, 2)  cols: ['X', 'Y']
Exp 4: 350 train / 175 val / 175 test
CauchyNet  input_size=1  h_pairs=128  real params=512
  epoch   150: train=1.4726e-03, val=1.8294e-03, best_val=9.8572e-04@89
  epoch   300: train=4.1784e-04, val=4.5573e-04, best_val=2.9759e-04@255
  epoch   450: train=1.2221e-04, val=1.5182e-04, best_val=1.0011e-04@433
  epoch   600: train=4.3829e-04, val=3.8290e-04, best_val=1.0011e-04@433
Exp 4 test MSE (normalized [-1, 1]): 1.1729e-04
Exp 4 test MAE (normalized [-1, 1]): 7.8383e-03
experiment                        dim   test MSE (norm)   test MAE (norm)   params   epochs
Exp 1 — 1D sharp peak             1D         7.7864e-06        1.9352e-03      512      600
Exp 2a — 1D gap-filling           1D         1.0988e-04        8.9245e-03      512     3000
Exp 2b — 2D missing disk          2D         7.5850e-06        2.3705e-03      768     1500
Exp 3 — 2D poly-rational          2D         2.9738e-05        4.3578e-03      768     1500
Exp 4 — M4 trend forecast         1D         1.1729e-04        7.8383e-03      512      600
