=== CELL 0 ===
=== CELL 1 ===
=== CELL 2 ===
=== CELL 3 ===
=== CELL 4 ===
=== CELL 5 ===
=== CELL 6 ===
=== CELL 7 ===
=== Cauchy ===
Training with a = 0.1
Training with a = 0.3
Training with a = 0.5
Training with a = 1
Training with a = 1.5
=== CELL 8 ===

Training logs saved successfully.
=== CELL 9 ===
=== CELL 10 ===
=== CELL 11 ===
Traceback (most recent call last):
  File "<workdir>/legacy_rerun/run_e53b.py", line 624, in <module>
    plot_predictions_on_grid(X_plot_np, Y_plot_true_np, overlay_preds, color_map, "predictions_on_grid.png")
                             ^^^^^^^^^
NameError: name 'X_plot_np' is not defined
!! CELL 11 FAILED, continuing
=== CELL 12 ===
=== CELL 13 ===
<workdir>/legacy_rerun/run_e53b.py:720: DeprecationWarning: __array_wrap__ must accept context and return_scalar arguments (positionally) in the future. (Deprecated NumPy 2.0)
  abs_errors.extend(np.abs(preds - truths))

=== Summary of Results ===
Cauchy(0.1)  => MSE=0.000008±0.0000, MAE=0.0020±0.0004, Time=0.51±0.01s, #Params=256
Cauchy(0.3)  => MSE=0.000010±0.0000, MAE=0.0022±0.0006, Time=0.51±0.01s, #Params=256
Cauchy(0.5)  => MSE=0.000011±0.0000, MAE=0.0023±0.0006, Time=0.51±0.01s, #Params=256
Cauchy(1)    => MSE=0.000012±0.0000, MAE=0.0024±0.0007, Time=0.51±0.01s, #Params=256
Cauchy(1.5)  => MSE=0.000014±0.0000, MAE=0.0025±0.0008, Time=0.51±0.01s, #Params=256

LaTeX Table:

\begin{table}[t]
\centering
\caption{Comparison of Models (MSE, MAE, Time, and Parameter Count).}
\begin{tabular}{lcccc}
\toprule
Model & MSE (mean±std) & MAE (mean±std) & Time (s) & # Params \\
\midrule
Cauchy(0.1) & 0.0000±0.000004 & 0.0020±0.000353 & 0.51±0.01 & 256 \\
Cauchy(0.3) & 0.0000±0.000007 & 0.0022±0.000574 & 0.51±0.01 & 256 \\
Cauchy(0.5) & 0.0000±0.000007 & 0.0023±0.000639 & 0.51±0.01 & 256 \\
Cauchy(1) & 0.0000±0.000008 & 0.0024±0.000686 & 0.51±0.01 & 256 \\
Cauchy(1.5) & 0.0000±0.000009 & 0.0025±0.000759 & 0.51±0.01 & 256 \\
\bottomrule
\end{tabular}

\label{tab:manual_booktabs}
\end{table}

Saved to 'results_summary2.tex'
=== CELL 14 ===
<workdir>/legacy_rerun/run_e53b.py:779: DeprecationWarning: __array_wrap__ must accept context and return_scalar arguments (positionally) in the future. (Deprecated NumPy 2.0)
  abs_errors.extend(np.abs(preds - truths))
=== CELL 15 ===
=== CELL 16 ===
=== CELL 17 ===
Traceback (most recent call last):
  File "<workdir>/legacy_rerun/run_e53b.py", line 1015, in <module>
    torch.save(model.state_dict(), save_path)
               ^^^^^^^^^^^^^^^^
AttributeError: 'dict' object has no attribute 'state_dict'
!! CELL 17 FAILED, continuing
=== CELL 18 ===
Traceback (most recent call last):
  File "<workdir>/legacy_rerun/run_e53b.py", line 1126, in <module>
    torch.save(model.state_dict(), save_path)
               ^^^^^^^^^^^^^^^^
AttributeError: 'dict' object has no attribute 'state_dict'
!! CELL 18 FAILED, continuing
=== CELL 19 ===
Traceback (most recent call last):
  File "<workdir>/legacy_rerun/run_e53b.py", line 1236, in <module>
    torch.save(model.state_dict(), save_path)
               ^^^^^^^^^^^^^^^^
AttributeError: 'dict' object has no attribute 'state_dict'
!! CELL 19 FAILED, continuing
=== CELL 20 ===
Traceback (most recent call last):
  File "<workdir>/legacy_rerun/run_e53b.py", line 1355, in <module>
    model.eval()
    ^^^^^^^^^^
AttributeError: 'dict' object has no attribute 'eval'
!! CELL 20 FAILED, continuing
=== CELL 21 ===
Traceback (most recent call last):
  File "<workdir>/legacy_rerun/run_e53b.py", line 1440, in <module>
    torch.save(model.state_dict(), save_path)
               ^^^^^^^^^^^^^^^^
AttributeError: 'dict' object has no attribute 'state_dict'
!! CELL 21 FAILED, continuing
=== CELL 22 ===
Traceback (most recent call last):
  File "<workdir>/legacy_rerun/run_e53b.py", line 1743, in <module>
    "SIREN":       SIREN,
                   ^^^^^
NameError: name 'SIREN' is not defined
!! CELL 22 FAILED, continuing
=== CELL 23 ===
=== CELL 24 ===
=== CELL 25 ===
Traceback (most recent call last):
  File "<workdir>/legacy_rerun/run_e53b.py", line 2032, in <module>
    plot_training_curves_with_confidence(interval_logs, model_names, color_map, filename="training_curves1.pdf")
    ~~~~~~~~~~~~~~~~~~~~~~~~~~~~~~~~~~~~^^^^^^^^^^^^^^^^^^^^^^^^^^^^^^^^^^^^^^^^^^^^^^^^^^^^^^^^^^^^^^^^^^^^^^^^
  File "<workdir>/legacy_rerun/utils2.py", line 321, in plot_training_curves_with_confidence
    train_runs = interval_logs[model_name]['train']
                 ~~~~~~~~~~~~~^^^^^^^^^^^^
KeyError: 'Cauchy(str(a))'
!! CELL 25 FAILED, continuing
=== CELL 26 ===
Traceback (most recent call last):
  File "<workdir>/legacy_rerun/run_e53b.py", line 2169, in <module>
    "SIREN":       SIREN,
                   ^^^^^
NameError: name 'SIREN' is not defined
!! CELL 26 FAILED, continuing
=== CELL 27 ===
Traceback (most recent call last):
  File "<workdir>/legacy_rerun/run_e53b.py", line 2424, in <module>
    plot_training_curves_with_confidence(interval_logs, model_names, color_map, filename="training_curves1.pdf")
    ~~~~~~~~~~~~~~~~~~~~~~~~~~~~~~~~~~~~^^^^^^^^^^^^^^^^^^^^^^^^^^^^^^^^^^^^^^^^^^^^^^^^^^^^^^^^^^^^^^^^^^^^^^^^
  File "<workdir>/legacy_rerun/utils2.py", line 321, in plot_training_curves_with_confidence
    train_runs = interval_logs[model_name]['train']
                 ~~~~~~~~~~~~~^^^^^^^^^^^^
KeyError: 'Cauchy(str(a))'
!! CELL 27 FAILED, continuing
=== CELL 28 ===
Traceback (most recent call last):
  File "<workdir>/legacy_rerun/run_e53b.py", line 2467, in <module>
    "SIREN":       SIREN,       # Replace with SIREN class
                   ^^^^^
NameError: name 'SIREN' is not defined
!! CELL 28 FAILED, continuing
=== CELL 29 ===

=== Summary of Results ===
Cauchy(0.1): MSE=0.000008±0.000004, MAE=0.002006±0.000353
Cauchy(0.3): MSE=0.000010±0.000007, MAE=0.002183±0.000574
Cauchy(0.5): MSE=0.000011±0.000007, MAE=0.002261±0.000639
Cauchy(1): MSE=0.000012±0.000008, MAE=0.002392±0.000686
Cauchy(1.5): MSE=0.000014±0.000009, MAE=0.002514±0.000759
=== CELL 30 ===
Traceback (most recent call last):
  File "<workdir>/legacy_rerun/run_e53b.py", line 2657, in <module>
    scaler.fit(Y_train.numpy().reshape(-1, 1))  # Fit on training data
               ^^^^^^^
NameError: name 'Y_train' is not defined
!! CELL 30 FAILED, continuing
=== CELL 31 ===
<workdir>/legacy_rerun/run_e53b.py:3066: MatplotlibDeprecationWarning: The 'labels' parameter of boxplot() has been renamed 'tick_labels' since Matplotlib 3.9; support for the old name will be dropped in 3.11.
  box = plt.boxplot(errors_data, labels=model_names, patch_artist=True)
=== CauchyNet ===
=== SIREN ===
=== RBF_Net ===
=== FNN_ReLU ===
=== Transformer ===
=== Informer ===

=== Summary of 5-Run Results ===
CauchyNet    => MSE=0.0494±0.0986, MAE=0.0982±0.1799, Time=0.90±0.01s, #Params=256
SIREN        => MSE=0.0001±0.0000, MAE=0.0073±0.0030, Time=1.13±0.01s, #Params=385
RBF_Net      => MSE=0.0915±0.0047, MAE=0.2481±0.0062, Time=1.10±0.00s, #Params=385
FNN_ReLU     => MSE=0.0102±0.0074, MAE=0.0720±0.0357, Time=0.67±0.00s, #Params=385
Transformer  => MSE=0.0008±0.0001, MAE=0.0241±0.0025, Time=9.21±0.14s, #Params=593409
Informer     => MSE=0.0008±0.0001, MAE=0.0230±0.0018, Time=9.97±0.18s, #Params=609921
=== CELL 32 ===
=== CELL 33 ===
Traceback (most recent call last):
  File "<workdir>/legacy_rerun/run_e53b.py", line 3700, in <module>
    from utils import (
    ...<8 lines>...
    )
ImportError: cannot import name 'plot_prediction_errors' from 'utils' (<workdir>/legacy_rerun/utils.py)
!! CELL 33 FAILED, continuing
=== CELL 34 ===
Model		MSE		MAE
CauchyNet 	0.007523	0.036898
FNN_ReLU  	0.028591	0.112166
FNN_Sigmoid	0.098232	0.277926
FNN_SiLU  	0.042598	0.166794
=== CELL 35 ===
Model		MSE		MAE
CauchyNet 	0.007523	0.036898
FNN_ReLU  	0.028591	0.112166
FNN_Sigmoid	0.098232	0.277926
FNN_SiLU  	0.042598	0.166794
=== CELL 36 ===
Model	MSE	MAE
CauchyNet	0.002492	0.029667
FNN_ReLU	0.029459	0.117876
FNN_Sigmoid	0.096425	0.275871
FNN_SiLU	0.043788	0.174628
25 25
=== CELL 37 ===
Model		MSE		MAE
CauchyNet 	0.007523	0.036898
FNN_ReLU  	0.028591	0.112166
FNN_Sigmoid	0.098232	0.277926
FNN_SiLU  	0.042598	0.166794
=== CELL 38 ===
Traceback (most recent call last):
  File "<workdir>/legacy_rerun/run_e53b.py", line 6036, in <module>
    model, mse_val, mae_val, preds_all, truths_all = train_and_evaluate_model(
                                                     ~~~~~~~~~~~~~~~~~~~~~~~~^
        constructor, name, train_loader, val_loader, test_loader,
        ^^^^^^^^^^^^^^^^^^^^^^^^^^^^^^^^^^^^^^^^^^^^^^^^^^^^^^^^^
        input_size=input_size, hidden_size=hidden_size,
        ^^^^^^^^^^^^^^^^^^^^^^^^^^^^^^^^^^^^^^^^^^^^^^^
        output_size=output_size, lr=lr, epochs=epochs
        ^^^^^^^^^^^^^^^^^^^^^^^^^^^^^^^^^^^^^^^^^^^^^
    )
    ^
  File "<workdir>/legacy_rerun/run_e53b.py", line 5823, in train_and_evaluate_model
    out = model(x_batch)
  File "/Library/Frameworks/Python.framework/Versions/3.13/lib/python3.13/site-packages/torch/nn/modules/module.py", line 1773, in _wrapped_call_impl
    return self._call_impl(*args, **kwargs)
           ~~~~~~~~~~~~~~~^^^^^^^^^^^^^^^^^
  File "/Library/Frameworks/Python.framework/Versions/3.13/lib/python3.13/site-packages/torch/nn/modules/module.py", line 1784, in _call_impl
    return forward_call(*args, **kwargs)
  File "<workdir>/legacy_rerun/run_e53b.py", line 5722, in forward
    batch_size, in_size = x.size()
    ^^^^^^^^^^^^^^^^^^^
ValueError: not enough values to unpack (expected 2, got 1)
Model		MSE		MAE
!! CELL 38 FAILED, continuing
=== CELL 39 ===
Traceback (most recent call last):
  File "<workdir>/legacy_rerun/run_e53b.py", line 6378, in <module>
    "Cauchy_FFN": Cauchy_FFN,
                  ^^^^^^^^^^
NameError: name 'Cauchy_FFN' is not defined
!! CELL 39 FAILED, continuing
=== CELL 40 ===
Name	MSE	MAE
FNN	0.023889	0.099128
Name	MSE	MAE
CauchyNet	0.000872	0.020530
Name	MSE	MAE
=== CELL 41 ===
=== CELL 42 ===
=== CELL 43 ===
=== CELL 44 ===

Model Comparison:
Name		MSE		MAE
DeepCauchyNN	0.048356	0.141079
3LayerFNN	0.002748	0.040925
=== CELL 45 ===
Output shape: torch.Size([5, 1])
Output (first 2 samples):
 tensor([[0.0148],
        [0.0122]], grad_fn=<SliceBackward0>)
=== CELL 46 ===

Model Comparison:
Name		MSE		MAE
DeepCauchyNN	0.235558	0.443053
3LayerFNN	0.067538	0.215450
=== CELL 47 ===
Model	Parameters	Time(s)	MSE	MAE
FNN	97	0.00	0.037671	0.172987
CauchyNet	64	0.00	0.371856	0.498976
LSTM	4513	0.00	0.063689	0.231684
NBeats	1155	0.00	0.011399	0.070852
Informer	6561	0.00	0.004155	0.053038
AttentionLSTM	4546	0.00	0.044735	0.189615
=== CELL 48 ===
=== CELL 49 ===
/Library/Frameworks/Python.framework/Versions/3.13/lib/python3.13/site-packages/torch/nn/modules/transformer.py:392: UserWarning: enable_nested_tensor is True, but self.use_nested_tensor is False because encoder_layer was not TransformerEncoderLayer
  warnings.warn(
/Library/Frameworks/Python.framework/Versions/3.13/lib/python3.13/site-packages/torch/nn/modules/transformer.py:392: UserWarning: enable_nested_tensor is True, but self.use_nested_tensor is False because encoder_layer was not TransformerEncoderLayer
  warnings.warn(
Model	Parameters	Time(s)	MSE	MAE
FFN	97	0.15	0.000849	0.025506
CauchyNet0	64	0.20	0.004688	0.054915
CauchyNet	64	0.18	0.125581	0.269535
CauchyLSTM	8513	0.36	0.000755	0.019435
AttentionCauchy	98	0.22	0.011504	0.088129
CauchyInformer	6529	0.64	0.001306	0.026716
LSTM	4513	0.26	0.002012	0.034444
Informer	5505	0.59	0.000908	0.024128
NBeats	483	0.12	0.001593	0.031706
=== CELL 50 ===
=== CELL 51 ===
=== CELL 52 ===
Traceback (most recent call last):
  File "<workdir>/legacy_rerun/run_e53b.py", line 9021, in <module>
    param_count, total_time, mse, mae = train_and_evaluate_model(cls, name, train_loader, val_loader, test_loader,
                                        ~~~~~~~~~~~~~~~~~~~~~~~~^^^^^^^^^^^^^^^^^^^^^^^^^^^^^^^^^^^^^^^^^^^^^^^^^^
                                                                input_size=input_size, hidden_size=hidden_size,
                                                                ^^^^^^^^^^^^^^^^^^^^^^^^^^^^^^^^^^^^^^^^^^^^^^^
                                                                output_size=output_size, lr=lr, epochs=epochs)
                                                                ^^^^^^^^^^^^^^^^^^^^^^^^^^^^^^^^^^^^^^^^^^^^^^
  File "<workdir>/legacy_rerun/run_e53b.py", line 8909, in train_and_evaluate_model
    model = model_class(input_size, hidden_size, output_size).to(device)
            ~~~~~~~~~~~^^^^^^^^^^^^^^^^^^^^^^^^^^^^^^^^^^^^^^
TypeError: CauchyLSTM.__init__() missing 1 required positional argument: 'output_size'

Data Size: 100
Model	Parameters	Time(s)	MSE	MAE
CauchyNet	64	0.22	1.224276	0.533340
!! CELL 52 FAILED, continuing
=== CELL 53 ===
Traceback (most recent call last):
  File "<workdir>/legacy_rerun/run_e53b.py", line 9433, in <module>
    param_count, total_time, mse, mae = train_and_evaluate_model(cls, name, train_loader, val_loader, test_loader,
                                        ~~~~~~~~~~~~~~~~~~~~~~~~^^^^^^^^^^^^^^^^^^^^^^^^^^^^^^^^^^^^^^^^^^^^^^^^^^
                                                                input_size=input_size, hidden_size=hidden_size,
                                                                ^^^^^^^^^^^^^^^^^^^^^^^^^^^^^^^^^^^^^^^^^^^^^^^
                                                                output_size=output_size, lr=lr, epochs=epochs)
                                                                ^^^^^^^^^^^^^^^^^^^^^^^^^^^^^^^^^^^^^^^^^^^^^^
  File "<workdir>/legacy_rerun/run_e53b.py", line 9342, in train_and_evaluate_model
    outputs_real, outputs_imag = model(x_batch) # [batch, seq=1, out=1]
                                 ~~~~~^^^^^^^^^
  File "/Library/Frameworks/Python.framework/Versions/3.13/lib/python3.13/site-packages/torch/nn/modules/module.py", line 1773, in _wrapped_call_impl
    return self._call_impl(*args, **kwargs)
           ~~~~~~~~~~~~~~~^^^^^^^^^^^^^^^^^
  File "/Library/Frameworks/Python.framework/Versions/3.13/lib/python3.13/site-packages/torch/nn/modules/module.py", line 1784, in _call_impl
    return forward_call(*args, **kwargs)
  File "<workdir>/legacy_rerun/run_e53b.py", line 9167, in forward
    y_real = self.cauchy(x)
  File "/Library/Frameworks/Python.framework/Versions/3.13/lib/python3.13/site-packages/torch/nn/modules/module.py", line 1773, in _wrapped_call_impl
    return self._call_impl(*args, **kwargs)
           ~~~~~~~~~~~~~~~^^^^^^^^^^^^^^^^^
  File "/Library/Frameworks/Python.framework/Versions/3.13/lib/python3.13/site-packages/torch/nn/modules/module.py", line 1784, in _call_impl
    return forward_call(*args, **kwargs)
  File "<workdir>/legacy_rerun/run_e53b.py", line 9122, in forward
    seq_len, batch, _ = x.size()
    ^^^^^^^^^^^^^^^^^
ValueError: not enough values to unpack (expected 3, got 2)

Data Size: 100
Model	Parameters	Time(s)	MSE	MAE
CauchyNet	64	0.23	0.122495	0.246221
!! CELL 53 FAILED, continuing
=== CELL 54 ===
Traceback (most recent call last):
  File "<workdir>/legacy_rerun/run_e53b.py", line 9590, in <module>
    param_count, total_time, mse, mae = train_and_evaluate_model(cls, name, train_loader, val_loader, test_loader,
                                        ~~~~~~~~~~~~~~~~~~~~~~~~^^^^^^^^^^^^^^^^^^^^^^^^^^^^^^^^^^^^^^^^^^^^^^^^^^
                                                                input_size=input_size, hidden_size=hidden_size,
                                                                ^^^^^^^^^^^^^^^^^^^^^^^^^^^^^^^^^^^^^^^^^^^^^^^
                                                                output_size=output_size, lr=lr, epochs=epochs)
                                                                ^^^^^^^^^^^^^^^^^^^^^^^^^^^^^^^^^^^^^^^^^^^^^^
  File "<workdir>/legacy_rerun/run_e53b.py", line 9514, in train_and_evaluate_model
    out = model(x_batch)  # out: [batch, output_size]
  File "/Library/Frameworks/Python.framework/Versions/3.13/lib/python3.13/site-packages/torch/nn/modules/module.py", line 1773, in _wrapped_call_impl
    return self._call_impl(*args, **kwargs)
           ~~~~~~~~~~~~~~~^^^^^^^^^^^^^^^^^
  File "/Library/Frameworks/Python.framework/Versions/3.13/lib/python3.13/site-packages/torch/nn/modules/module.py", line 1784, in _call_impl
    return forward_call(*args, **kwargs)
  File "<workdir>/legacy_rerun/run_e53b.py", line 9074, in forward
    batch_size, seq_len = x.size()
    ^^^^^^^^^^^^^^^^^^^
ValueError: too many values to unpack (expected 2)
Model	Parameters	Time(s)	MSE	MAE
!! CELL 54 FAILED, continuing
=== CELL 55 ===
Traceback (most recent call last):
  File "<workdir>/legacy_rerun/run_e53b.py", line 9848, in <module>
    param_count, total_time, mse, mae = train_and_evaluate_model(cls, name, train_loader, val_loader, test_loader,
                                        ~~~~~~~~~~~~~~~~~~~~~~~~^^^^^^^^^^^^^^^^^^^^^^^^^^^^^^^^^^^^^^^^^^^^^^^^^^
                                                                input_size=input_size, hidden_size=hidden_size,
                                                                ^^^^^^^^^^^^^^^^^^^^^^^^^^^^^^^^^^^^^^^^^^^^^^^
                                                                output_size=output_size, lr=lr, epochs=epochs)
                                                                ^^^^^^^^^^^^^^^^^^^^^^^^^^^^^^^^^^^^^^^^^^^^^^
  File "<workdir>/legacy_rerun/run_e53b.py", line 9773, in train_and_evaluate_model
    out = model(x_batch)  # out: [batch, output_size]
  File "/Library/Frameworks/Python.framework/Versions/3.13/lib/python3.13/site-packages/torch/nn/modules/module.py", line 1773, in _wrapped_call_impl
    return self._call_impl(*args, **kwargs)
           ~~~~~~~~~~~~~~~^^^^^^^^^^^^^^^^^
  File "/Library/Frameworks/Python.framework/Versions/3.13/lib/python3.13/site-packages/torch/nn/modules/module.py", line 1784, in _call_impl
    return forward_call(*args, **kwargs)
  File "<workdir>/legacy_rerun/run_e53b.py", line 9640, in forward
    batch_size, seq_len = x.size()
    ^^^^^^^^^^^^^^^^^^^
ValueError: too many values to unpack (expected 2)
Model	Parameters	Time(s)	MSE	MAE
!! CELL 55 FAILED, continuing
=== CELL 56 ===
Traceback (most recent call last):
  File "<workdir>/legacy_rerun/run_e53b.py", line 9984, in <module>
    "CauchyNet_l": CauchyNet_l
                   ^^^^^^^^^^^
NameError: name 'CauchyNet_l' is not defined. Did you mean: 'CauchyNet0'?
!! CELL 56 FAILED, continuing
=== CELL 57 ===
Traceback (most recent call last):
  File "<workdir>/legacy_rerun/run_e53b.py", line 10170, in <module>
    "CauchyNet_l": CauchyNet_l
                   ^^^^^^^^^^^
NameError: name 'CauchyNet_l' is not defined. Did you mean: 'CauchyNet0'?
!! CELL 57 FAILED, continuing
=== CELL 58 ===
Traceback (most recent call last):
  File "<workdir>/legacy_rerun/run_e53b.py", line 10337, in <module>
    mse_log = np.log10(mse_matrix + offset)
                       ^^^^^^^^^^
NameError: name 'mse_matrix' is not defined
!! CELL 58 FAILED, continuing
=== CELL 59 ===
Traceback (most recent call last):
  File "<workdir>/legacy_rerun/run_e53b.py", line 10434, in <module>
    mse_log = np.log10(mse_matrix + offset)
                       ^^^^^^^^^^
NameError: name 'mse_matrix' is not defined
!! CELL 59 FAILED, continuing
=== CELL 60 ===
Traceback (most recent call last):
  File "<workdir>/legacy_rerun/run_e53b.py", line 10524, in <module>
    mse_log = np.log10(mse_matrix + offset)
                       ^^^^^^^^^^
NameError: name 'mse_matrix' is not defined
!! CELL 60 FAILED, continuing
=== CELL 61 ===
Traceback (most recent call last):
  File "<workdir>/legacy_rerun/run_e53b.py", line 10619, in <module>
    mse_log = np.log10(mse_matrix + offset)
                       ^^^^^^^^^^
NameError: name 'mse_matrix' is not defined
!! CELL 61 FAILED, continuing
=== CELL 62 ===
Traceback (most recent call last):
  File "<workdir>/legacy_rerun/run_e53b.py", line 10699, in <module>
    mse_log = np.log10(mse_matrix + offset)
                       ^^^^^^^^^^
NameError: name 'mse_matrix' is not defined
!! CELL 62 FAILED, continuing
=== CELL 63 ===
Traceback (most recent call last):
  File "<workdir>/legacy_rerun/run_e53b.py", line 10798, in <module>
    num_models = len(model_list)
                     ^^^^^^^^^^
NameError: name 'model_list' is not defined. Did you mean: 'model_dict'?
!! CELL 63 FAILED, continuing
=== CELL 64 ===
Traceback (most recent call last):
  File "<workdir>/legacy_rerun/run_e53b.py", line 10877, in <module>
    num_models = len(model_list)
                     ^^^^^^^^^^
NameError: name 'model_list' is not defined. Did you mean: 'model_dict'?
!! CELL 64 FAILED, continuing
=== CELL 65 ===
Traceback (most recent call last):
  File "<workdir>/legacy_rerun/run_e53b.py", line 10976, in <module>
    num_models = len(model_list)
                     ^^^^^^^^^^
NameError: name 'model_list' is not defined. Did you mean: 'model_dict'?
!! CELL 65 FAILED, continuing
=== CELL 66 ===
Traceback (most recent call last):
  File "<workdir>/legacy_rerun/run_e53b.py", line 11055, in <module>
    num_models = len(model_list)
                     ^^^^^^^^^^
NameError: name 'model_list' is not defined. Did you mean: 'model_dict'?
!! CELL 66 FAILED, continuing
=== CELL 67 ===

Data Size: 100
Model	Parameters	Time(s)	MSE	MAE
CauchyNet0	64	0.21	0.122495	0.246221
CauchyNet1	64	0.23	0.182377	0.280173
CauchyNet_t	64	0.28	1.513695	0.819916
CauchyNet_l	64	0.30	1.510711	1.123915
Cauchy_t1	64	0.31	36.657494	4.921570

Data Size: 200
Model	Parameters	Time(s)	MSE	MAE
CauchyNet0	64	0.44	0.085038	0.254052
CauchyNet1	64	0.39	0.020349	0.085492
CauchyNet_t	64	0.41	0.962340	0.643018
CauchyNet_l	64	0.48	0.081436	0.245173
Cauchy_t1	64	0.47	1.654898	0.931053

Data Size: 300
Model	Parameters	Time(s)	MSE	MAE
CauchyNet0	64	0.70	0.017265	0.065771
CauchyNet1	64	0.73	0.026785	0.093363
CauchyNet_t	64	0.66	12.899863	1.188471
CauchyNet_l	64	0.61	0.039719	0.160391
Cauchy_t1	64	0.66	1.105074	0.724891

Data Size: 400
Model	Parameters	Time(s)	MSE	MAE
CauchyNet0	64	0.89	0.007278	0.044905
CauchyNet1	64	1.02	0.002697	0.033522
CauchyNet_t	64	1.00	0.039253	0.155307
CauchyNet_l	64	0.87	0.054395	0.176550
Cauchy_t1	64	1.31	0.261013	0.405049

Data Size: 500
Model	Parameters	Time(s)	MSE	MAE
CauchyNet0	64	1.20	0.017593	0.056897
CauchyNet1	64	1.04	0.013374	0.046248
CauchyNet_t	64	0.97	0.096837	0.230552
CauchyNet_l	64	0.92	0.022426	0.104326
Cauchy_t1	64	0.88	1.535226	0.883919
=== CELL 68 ===
CauchyNet0: Test MSE: 0.0123, MAE: 0.0563
CauchyNet1: Test MSE: 0.0024, MAE: 0.0358
CauchyNet_t: Test MSE: 0.0708, MAE: 0.1975
CauchyNet_l: Test MSE: 0.2793, MAE: 0.3842

Model Comparison:
Model		MSE		MAE
CauchyNet0	0.012338	0.056263
CauchyNet1	0.002366	0.035805
CauchyNet_t	0.070762	0.197479
CauchyNet_l	0.279327	0.384160
=== CELL 69 ===
Final Results (Mean ± Std) for MSE and MAE on Test Set:

Model	DataSize	MSE(mean±std)	MAE(mean±std)
CauchyNet0	100	0.58324±0.98797	0.31188±0.16692
CauchyNet0	200	0.04090±0.02052	0.14201±0.02640
CauchyNet0	300	0.02142±0.00554	0.11012±0.01312
CauchyNet0	400	0.02546±0.01228	0.11790±0.02721
CauchyNet0	500	0.02154±0.00416	0.10994±0.00176
CauchyNet1	100	0.58324±0.98797	0.31188±0.16692
CauchyNet1	200	0.04090±0.02052	0.14201±0.02640
CauchyNet1	300	0.02142±0.00554	0.11012±0.01312
CauchyNet1	400	0.02546±0.01228	0.11790±0.02721
CauchyNet1	500	0.02154±0.00416	0.10994±0.00176
CauchyNet_t	100	51.04243±85.88359	2.61817±1.91350
CauchyNet_t	200	3.54921±2.92302	1.36979±0.78828
CauchyNet_t	300	0.73059±0.72208	0.56977±0.20439
CauchyNet_t	400	0.40971±0.10465	0.48081±0.05747
CauchyNet_t	500	0.52440±0.37911	0.48457±0.15178
=== CELL 70 ===
=== CELL 71 ===
MSE Comparison Table (Scenario as rows, Models as columns):
        CauchyNet0     CauchyNet1      CauchyNet_t
100  0.5832±0.9880  0.5832±0.9880  51.0424±85.8836
200  0.0409±0.0205  0.0409±0.0205    3.5492±2.9230
300  0.0214±0.0055  0.0214±0.0055    0.7306±0.7221
400  0.0255±0.0123  0.0255±0.0123    0.4097±0.1047
500  0.0215±0.0042  0.0215±0.0042    0.5244±0.3791

MAE Comparison Table (Scenario as rows, Models as columns):
        CauchyNet0     CauchyNet1    CauchyNet_t
100  0.3119±0.1669  0.3119±0.1669  2.6182±1.9135
200  0.1420±0.0264  0.1420±0.0264  1.3698±0.7883
300  0.1101±0.0131  0.1101±0.0131  0.5698±0.2044
400  0.1179±0.0272  0.1179±0.0272  0.4808±0.0575
500  0.1099±0.0018  0.1099±0.0018  0.4846±0.1518

MSE Mean Only:
    CauchyNet0 CauchyNet1 CauchyNet_t
100   0.583243   0.583243   51.042433
200   0.040898   0.040898    3.549209
300   0.021421   0.021421    0.730594
400   0.025458   0.025458    0.409713
500   0.021541   0.021541    0.524402
=== CELL 72 ===
/Library/Frameworks/Python.framework/Versions/3.13/lib/python3.13/site-packages/torch/nn/modules/loss.py:616: UserWarning: Using a target size (torch.Size([150, 1])) that is different to the input size (torch.Size([150])). This will likely lead to incorrect results due to broadcasting. Please ensure they have the same size.
  return F.mse_loss(input, target, reduction=self.reduction)
/Library/Frameworks/Python.framework/Versions/3.13/lib/python3.13/site-packages/torch/nn/modules/loss.py:616: UserWarning: Using a target size (torch.Size([75, 1])) that is different to the input size (torch.Size([75])). This will likely lead to incorrect results due to broadcasting. Please ensure they have the same size.
  return F.mse_loss(input, target, reduction=self.reduction)
Epoch 1/500, Training Loss: 12.3711, Validation Loss: 7.6542
Epoch 50/500, Training Loss: 0.1887, Validation Loss: 0.1983
Epoch 100/500, Training Loss: 0.0284, Validation Loss: 0.0104
Epoch 150/500, Training Loss: 0.0198, Validation Loss: 0.0107
Early stopping at epoch 152
Loaded the best model state based on validation loss.
Epoch 1/1000, Training Loss: 1.3063, Validation Loss: 1.3063
Epoch 2/1000, Training Loss: 1.2296, Validation Loss: 1.2296
Epoch 3/1000, Training Loss: 1.1594, Validation Loss: 1.1594
Epoch 4/1000, Training Loss: 1.0969, Validation Loss: 1.0969
Epoch 5/1000, Training Loss: 1.0424, Validation Loss: 1.0424
Epoch 6/1000, Training Loss: 0.9962, Validation Loss: 0.9962
Epoch 7/1000, Training Loss: 0.9582, Validation Loss: 0.9582
Epoch 8/1000, Training Loss: 0.9280, Validation Loss: 0.9280
Epoch 9/1000, Training Loss: 0.9052, Validation Loss: 0.9052
Epoch 10/1000, Training Loss: 0.8890, Validation Loss: 0.8890
Epoch 11/1000, Training Loss: 0.8783, Validation Loss: 0.8783
Epoch 12/1000, Training Loss: 0.8718, Validation Loss: 0.8718
Epoch 13/1000, Training Loss: 0.8685, Validation Loss: 0.8685
Epoch 14/1000, Training Loss: 0.8671, Validation Loss: 0.8671
Epoch 15/1000, Training Loss: 0.8668, Validation Loss: 0.8668
Epoch 16/1000, Training Loss: 0.8669, Validation Loss: 0.8669
Epoch 17/1000, Training Loss: 0.8670, Validation Loss: 0.8670
Epoch 18/1000, Training Loss: 0.8670, Validation Loss: 0.8670
Epoch 19/1000, Training Loss: 0.8669, Validation Loss: 0.8669
Epoch 20/1000, Training Loss: 0.8668, Validation Loss: 0.8668
Epoch 21/1000, Training Loss: 0.8670, Validation Loss: 0.8670
Epoch 22/1000, Training Loss: 0.8677, Validation Loss: 0.8677
Epoch 23/1000, Training Loss: 0.8690, Validation Loss: 0.8690
Epoch 24/1000, Training Loss: 0.8710, Validation Loss: 0.8710
Epoch 25/1000, Training Loss: 0.8740, Validation Loss: 0.8740
Epoch 26/1000, Training Loss: 0.8777, Validation Loss: 0.8777
Epoch 27/1000, Training Loss: 0.8821, Validation Loss: 0.8821
Epoch 28/1000, Training Loss: 0.8871, Validation Loss: 0.8871
Epoch 29/1000, Training Loss: 0.8923, Validation Loss: 0.8923
Epoch 30/1000, Training Loss: 0.8974, Validation Loss: 0.8974
Epoch 31/1000, Training Loss: 0.9022, Validation Loss: 0.9022
Epoch 32/1000, Training Loss: 0.9063, Validation Loss: 0.9063
Epoch 33/1000, Training Loss: 0.9096, Validation Loss: 0.9096
Epoch 34/1000, Training Loss: 0.9119, Validation Loss: 0.9119
Epoch 35/1000, Training Loss: 0.9132, Validation Loss: 0.9132
Epoch 36/1000, Training Loss: 0.9135, Validation Loss: 0.9135
Epoch 37/1000, Training Loss: 0.9129, Validation Loss: 0.9129
Epoch 38/1000, Training Loss: 0.9114, Validation Loss: 0.9114
Epoch 39/1000, Training Loss: 0.9093, Validation Loss: 0.9093
Epoch 40/1000, Training Loss: 0.9067, Validation Loss: 0.9067
Epoch 41/1000, Training Loss: 0.9038, Validation Loss: 0.9038
Epoch 42/1000, Training Loss: 0.9008, Validation Loss: 0.9008
Epoch 43/1000, Training Loss: 0.8977, Validation Loss: 0.8977
Epoch 44/1000, Training Loss: 0.8947, Validation Loss: 0.8947
Epoch 45/1000, Training Loss: 0.8919, Validation Loss: 0.8919
Epoch 46/1000, Training Loss: 0.8894, Validation Loss: 0.8894
Epoch 47/1000, Training Loss: 0.8872, Validation Loss: 0.8872
Epoch 48/1000, Training Loss: 0.8854, Validation Loss: 0.8854
Epoch 49/1000, Training Loss: 0.8840, Validation Loss: 0.8840
Epoch 50/1000, Training Loss: 0.8829, Validation Loss: 0.8829
Epoch 51/1000, Training Loss: 0.8822, Validation Loss: 0.8822
Epoch 52/1000, Training Loss: 0.8818, Validation Loss: 0.8818
Epoch 53/1000, Training Loss: 0.8817, Validation Loss: 0.8817
Epoch 54/1000, Training Loss: 0.8819, Validation Loss: 0.8819
Epoch 55/1000, Training Loss: 0.8823, Validation Loss: 0.8823
Epoch 56/1000, Training Loss: 0.8830, Validation Loss: 0.8830
Epoch 57/1000, Training Loss: 0.8838, Validation Loss: 0.8838
Epoch 58/1000, Training Loss: 0.8848, Validation Loss: 0.8848
Epoch 59/1000, Training Loss: 0.8858, Validation Loss: 0.8858
Epoch 60/1000, Training Loss: 0.8870, Validation Loss: 0.8870
Epoch 61/1000, Training Loss: 0.8881, Validation Loss: 0.8881
Epoch 62/1000, Training Loss: 0.8893, Validation Loss: 0.8893
Epoch 63/1000, Training Loss: 0.8903, Validation Loss: 0.8903
Epoch 64/1000, Training Loss: 0.8913, Validation Loss: 0.8913
Epoch 65/1000, Training Loss: 0.8921, Validation Loss: 0.8921
Epoch 66/1000, Training Loss: 0.8927, Validation Loss: 0.8927
Epoch 67/1000, Training Loss: 0.8931, Validation Loss: 0.8931
Epoch 68/1000, Training Loss: 0.8933, Validation Loss: 0.8933
Epoch 69/1000, Training Loss: 0.8933, Validation Loss: 0.8933
Epoch 70/1000, Training Loss: 0.8931, Validation Loss: 0.8931
Epoch 71/1000, Training Loss: 0.8928, Validation Loss: 0.8928
Epoch 72/1000, Training Loss: 0.8923, Validation Loss: 0.8923
Epoch 73/1000, Training Loss: 0.8918, Validation Loss: 0.8918
Epoch 74/1000, Training Loss: 0.8911, Validation Loss: 0.8911
Epoch 75/1000, Training Loss: 0.8905, Validation Loss: 0.8905
Epoch 76/1000, Training Loss: 0.8899, Validation Loss: 0.8899
Epoch 77/1000, Training Loss: 0.8893, Validation Loss: 0.8893
Epoch 78/1000, Training Loss: 0.8888, Validation Loss: 0.8888
Epoch 79/1000, Training Loss: 0.8884, Validation Loss: 0.8884
Epoch 80/1000, Training Loss: 0.8880, Validation Loss: 0.8880
Epoch 81/1000, Training Loss: 0.8877, Validation Loss: 0.8877
Epoch 82/1000, Training Loss: 0.8876, Validation Loss: 0.8876
Epoch 83/1000, Training Loss: 0.8875, Validation Loss: 0.8875
Epoch 84/1000, Training Loss: 0.8875, Validation Loss: 0.8875
Epoch 85/1000, Training Loss: 0.8876, Validation Loss: 0.8876
Epoch 86/1000, Training Loss: 0.8878, Validation Loss: 0.8878
Epoch 87/1000, Training Loss: 0.8880, Validation Loss: 0.8880
Epoch 88/1000, Training Loss: 0.8883, Validation Loss: 0.8883
Epoch 89/1000, Training Loss: 0.8886, Validation Loss: 0.8886
Epoch 90/1000, Training Loss: 0.8889, Validation Loss: 0.8889
Epoch 91/1000, Training Loss: 0.8891, Validation Loss: 0.8891
Epoch 92/1000, Training Loss: 0.8894, Validation Loss: 0.8894
Epoch 93/1000, Training Loss: 0.8897, Validation Loss: 0.8897
Epoch 94/1000, Training Loss: 0.8899, Validation Loss: 0.8899
Epoch 95/1000, Training Loss: 0.8900, Validation Loss: 0.8900
Epoch 96/1000, Training Loss: 0.8901, Validation Loss: 0.8901
Epoch 97/1000, Training Loss: 0.8902, Validation Loss: 0.8902
Epoch 98/1000, Training Loss: 0.8902, Validation Loss: 0.8902
Epoch 99/1000, Training Loss: 0.8901, Validation Loss: 0.8901
Epoch 100/1000, Training Loss: 0.8900, Validation Loss: 0.8900
Epoch 101/1000, Training Loss: 0.8899, Validation Loss: 0.8899
Epoch 102/1000, Training Loss: 0.8897, Validation Loss: 0.8897
Epoch 103/1000, Training Loss: 0.8896, Validation Loss: 0.8896
Epoch 104/1000, Training Loss: 0.8894, Validation Loss: 0.8894
Epoch 105/1000, Training Loss: 0.8893, Validation Loss: 0.8893
Epoch 106/1000, Training Loss: 0.8892, Validation Loss: 0.8892
Epoch 107/1000, Training Loss: 0.8890, Validation Loss: 0.8890
Epoch 108/1000, Training Loss: 0.8889, Validation Loss: 0.8889
Epoch 109/1000, Training Loss: 0.8889, Validation Loss: 0.8889
Epoch 110/1000, Training Loss: 0.8888, Validation Loss: 0.8888
Epoch 111/1000, Training Loss: 0.8888, Validation Loss: 0.8888
Epoch 112/1000, Training Loss: 0.8888, Validation Loss: 0.8888
Epoch 113/1000, Training Loss: 0.8889, Validation Loss: 0.8889
Epoch 114/1000, Training Loss: 0.8889, Validation Loss: 0.8889
Epoch 115/1000, Training Loss: 0.8890, Validation Loss: 0.8890
Epoch 116/1000, Training Loss: 0.8890, Validation Loss: 0.8890
Epoch 117/1000, Training Loss: 0.8891, Validation Loss: 0.8891
Epoch 118/1000, Training Loss: 0.8892, Validation Loss: 0.8892
Epoch 119/1000, Training Loss: 0.8893, Validation Loss: 0.8893
Epoch 120/1000, Training Loss: 0.8893, Validation Loss: 0.8893
Epoch 121/1000, Training Loss: 0.8894, Validation Loss: 0.8894
Epoch 122/1000, Training Loss: 0.8894, Validation Loss: 0.8894
Epoch 123/1000, Training Loss: 0.8894, Validation Loss: 0.8894
Epoch 124/1000, Training Loss: 0.8894, Validation Loss: 0.8894
Epoch 125/1000, Training Loss: 0.8894, Validation Loss: 0.8894
Epoch 126/1000, Training Loss: 0.8894, Validation Loss: 0.8894
Epoch 127/1000, Training Loss: 0.8894, Validation Loss: 0.8894
Epoch 128/1000, Training Loss: 0.8894, Validation Loss: 0.8894
Epoch 129/1000, Training Loss: 0.8893, Validation Loss: 0.8893
Epoch 130/1000, Training Loss: 0.8893, Validation Loss: 0.8893
Epoch 131/1000, Training Loss: 0.8892, Validation Loss: 0.8892
Epoch 132/1000, Training Loss: 0.8892, Validation Loss: 0.8892
Epoch 133/1000, Training Loss: 0.8891, Validation Loss: 0.8891
Epoch 134/1000, Training Loss: 0.8891, Validation Loss: 0.8891
Epoch 135/1000, Training Loss: 0.8891, Validation Loss: 0.8891
Epoch 136/1000, Training Loss: 0.8891, Validation Loss: 0.8891
Epoch 137/1000, Training Loss: 0.8891, Validation Loss: 0.8891
Epoch 138/1000, Training Loss: 0.8891, Validation Loss: 0.8891
Epoch 139/1000, Training Loss: 0.8891, Validation Loss: 0.8891
Epoch 140/1000, Training Loss: 0.8891, Validation Loss: 0.8891
Epoch 141/1000, Training Loss: 0.8891, Validation Loss: 0.8891
Epoch 142/1000, Training Loss: 0.8892, Validation Loss: 0.8892
Epoch 143/1000, Training Loss: 0.8892, Validation Loss: 0.8892
Epoch 144/1000, Training Loss: 0.8892, Validation Loss: 0.8892
Epoch 145/1000, Training Loss: 0.8892, Validation Loss: 0.8892
Epoch 146/1000, Training Loss: 0.8892, Validation Loss: 0.8892
Epoch 147/1000, Training Loss: 0.8892, Validation Loss: 0.8892
Epoch 148/1000, Training Loss: 0.8892, Validation Loss: 0.8892
Epoch 149/1000, Training Loss: 0.8892, Validation Loss: 0.8892
Epoch 150/1000, Training Loss: 0.8892, Validation Loss: 0.8892
Epoch 151/1000, Training Loss: 0.8892, Validation Loss: 0.8892
Epoch 152/1000, Training Loss: 0.8892, Validation Loss: 0.8892
Epoch 153/1000, Training Loss: 0.8892, Validation Loss: 0.8892
Epoch 154/1000, Training Loss: 0.8892, Validation Loss: 0.8892
Epoch 155/1000, Training Loss: 0.8892, Validation Loss: 0.8892
Epoch 156/1000, Training Loss: 0.8892, Validation Loss: 0.8892
Epoch 157/1000, Training Loss: 0.8892, Validation Loss: 0.8892
Epoch 158/1000, Training Loss: 0.8892, Validation Loss: 0.8892
Epoch 159/1000, Training Loss: 0.8891, Validation Loss: 0.8891
Epoch 160/1000, Training Loss: 0.8891, Validation Loss: 0.8891
Epoch 161/1000, Training Loss: 0.8891, Validation Loss: 0.8891
Epoch 162/1000, Training Loss: 0.8891, Validation Loss: 0.8891
Epoch 163/1000, Training Loss: 0.8891, Validation Loss: 0.8891
Epoch 164/1000, Training Loss: 0.8891, Validation Loss: 0.8891
Epoch 165/1000, Training Loss: 0.8891, Validation Loss: 0.8891
Epoch 166/1000, Training Loss: 0.8891, Validation Loss: 0.8891
Epoch 167/1000, Training Loss: 0.8891, Validation Loss: 0.8891
Epoch 168/1000, Training Loss: 0.8892, Validation Loss: 0.8892
Epoch 169/1000, Training Loss: 0.8892, Validation Loss: 0.8892
Epoch 170/1000, Training Loss: 0.8892, Validation Loss: 0.8892
Epoch 171/1000, Training Loss: 0.8892, Validation Loss: 0.8892
Epoch 172/1000, Training Loss: 0.8892, Validation Loss: 0.8892
Epoch 173/1000, Training Loss: 0.8892, Validation Loss: 0.8892
Epoch 174/1000, Training Loss: 0.8892, Validation Loss: 0.8892
Epoch 175/1000, Training Loss: 0.8892, Validation Loss: 0.8892
Epoch 176/1000, Training Loss: 0.8892, Validation Loss: 0.8892
Epoch 177/1000, Training Loss: 0.8892, Validation Loss: 0.8892
Epoch 178/1000, Training Loss: 0.8891, Validation Loss: 0.8891
Epoch 179/1000, Training Loss: 0.8891, Validation Loss: 0.8891
Epoch 180/1000, Training Loss: 0.8891, Validation Loss: 0.8891
Epoch 181/1000, Training Loss: 0.8891, Validation Loss: 0.8891
Epoch 182/1000, Training Loss: 0.8891, Validation Loss: 0.8891
Epoch 183/1000, Training Loss: 0.8891, Validation Loss: 0.8891
Epoch 184/1000, Training Loss: 0.8891, Validation Loss: 0.8891
Epoch 185/1000, Training Loss: 0.8891, Validation Loss: 0.8891
Epoch 186/1000, Training Loss: 0.8891, Validation Loss: 0.8891
Epoch 187/1000, Training Loss: 0.8891, Validation Loss: 0.8891
Epoch 188/1000, Training Loss: 0.8891, Validation Loss: 0.8891
Epoch 189/1000, Training Loss: 0.8891, Validation Loss: 0.8891
Epoch 190/1000, Training Loss: 0.8891, Validation Loss: 0.8891
Epoch 191/1000, Training Loss: 0.8891, Validation Loss: 0.8891
Epoch 192/1000, Training Loss: 0.8891, Validation Loss: 0.8891
Epoch 193/1000, Training Loss: 0.8891, Validation Loss: 0.8891
Epoch 194/1000, Training Loss: 0.8891, Validation Loss: 0.8891
Epoch 195/1000, Training Loss: 0.8891, Validation Loss: 0.8891
Epoch 196/1000, Training Loss: 0.8891, Validation Loss: 0.8891
Epoch 197/1000, Training Loss: 0.8891, Validation Loss: 0.8891
Epoch 198/1000, Training Loss: 0.8891, Validation Loss: 0.8891
Epoch 199/1000, Training Loss: 0.8891, Validation Loss: 0.8891
Epoch 200/1000, Training Loss: 0.8891, Validation Loss: 0.8891
Epoch 201/1000, Training Loss: 0.8891, Validation Loss: 0.8891
Epoch 202/1000, Training Loss: 0.8891, Validation Loss: 0.8891
Epoch 203/1000, Training Loss: 0.8891, Validation Loss: 0.8891
Epoch 204/1000, Training Loss: 0.8891, Validation Loss: 0.8891
Epoch 205/1000, Training Loss: 0.8891, Validation Loss: 0.8891
Epoch 206/1000, Training Loss: 0.8891, Validation Loss: 0.8891
Epoch 207/1000, Training Loss: 0.8891, Validation Loss: 0.8891
Epoch 208/1000, Training Loss: 0.8891, Validation Loss: 0.8891
Epoch 209/1000, Training Loss: 0.8891, Validation Loss: 0.8891
Epoch 210/1000, Training Loss: 0.8891, Validation Loss: 0.8891
Epoch 211/1000, Training Loss: 0.8891, Validation Loss: 0.8891
Epoch 212/1000, Training Loss: 0.8891, Validation Loss: 0.8891
Epoch 213/1000, Training Loss: 0.8891, Validation Loss: 0.8891
Epoch 214/1000, Training Loss: 0.8891, Validation Loss: 0.8891
Epoch 215/1000, Training Loss: 0.8891, Validation Loss: 0.8891
Epoch 216/1000, Training Loss: 0.8891, Validation Loss: 0.8891
Epoch 217/1000, Training Loss: 0.8891, Validation Loss: 0.8891
Epoch 218/1000, Training Loss: 0.8891, Validation Loss: 0.8891
Epoch 219/1000, Training Loss: 0.8891, Validation Loss: 0.8891
Epoch 220/1000, Training Loss: 0.8891, Validation Loss: 0.8891
Epoch 221/1000, Training Loss: 0.8891, Validation Loss: 0.8891
Epoch 222/1000, Training Loss: 0.8891, Validation Loss: 0.8891
Epoch 223/1000, Training Loss: 0.8891, Validation Loss: 0.8891
Epoch 224/1000, Training Loss: 0.8891, Validation Loss: 0.8891
Epoch 225/1000, Training Loss: 0.8891, Validation Loss: 0.8891
Epoch 226/1000, Training Loss: 0.8891, Validation Loss: 0.8891
Epoch 227/1000, Training Loss: 0.8891, Validation Loss: 0.8891
Epoch 228/1000, Training Loss: 0.8891, Validation Loss: 0.8891
Epoch 229/1000, Training Loss: 0.8891, Validation Loss: 0.8891
Epoch 230/1000, Training Loss: 0.8891, Validation Loss: 0.8891
Epoch 231/1000, Training Loss: 0.8891, Validation Loss: 0.8891
Epoch 232/1000, Training Loss: 0.8891, Validation Loss: 0.8891
Epoch 233/1000, Training Loss: 0.8891, Validation Loss: 0.8891
Epoch 234/1000, Training Loss: 0.8891, Validation Loss: 0.8891
Epoch 235/1000, Training Loss: 0.8891, Validation Loss: 0.8891
Epoch 236/1000, Training Loss: 0.8891, Validation Loss: 0.8891
Epoch 237/1000, Training Loss: 0.8891, Validation Loss: 0.8891
Epoch 238/1000, Training Loss: 0.8891, Validation Loss: 0.8891
Epoch 239/1000, Training Loss: 0.8891, Validation Loss: 0.8891
Epoch 240/1000, Training Loss: 0.8891, Validation Loss: 0.8891
Epoch 241/1000, Training Loss: 0.8891, Validation Loss: 0.8891
Epoch 242/1000, Training Loss: 0.8891, Validation Loss: 0.8891
Epoch 243/1000, Training Loss: 0.8891, Validation Loss: 0.8891
Epoch 244/1000, Training Loss: 0.8891, Validation Loss: 0.8891
Epoch 245/1000, Training Loss: 0.8891, Validation Loss: 0.8891
Epoch 246/1000, Training Loss: 0.8891, Validation Loss: 0.8891
Epoch 247/1000, Training Loss: 0.8891, Validation Loss: 0.8891
Epoch 248/1000, Training Loss: 0.8891, Validation Loss: 0.8891
Epoch 249/1000, Training Loss: 0.8891, Validation Loss: 0.8891
Epoch 250/1000, Training Loss: 0.8891, Validation Loss: 0.8891
Epoch 251/1000, Training Loss: 0.8891, Validation Loss: 0.8891
Epoch 252/1000, Training Loss: 0.8891, Validation Loss: 0.8891
Epoch 253/1000, Training Loss: 0.8891, Validation Loss: 0.8891
Epoch 254/1000, Training Loss: 0.8891, Validation Loss: 0.8891
Epoch 255/1000, Training Loss: 0.8891, Validation Loss: 0.8891
Epoch 256/1000, Training Loss: 0.8891, Validation Loss: 0.8891
Epoch 257/1000, Training Loss: 0.8891, Validation Loss: 0.8891
Epoch 258/1000, Training Loss: 0.8891, Validation Loss: 0.8891
Epoch 259/1000, Training Loss: 0.8891, Validation Loss: 0.8891
Epoch 260/1000, Training Loss: 0.8891, Validation Loss: 0.8891
Epoch 261/1000, Training Loss: 0.8891, Validation Loss: 0.8891
Epoch 262/1000, Training Loss: 0.8891, Validation Loss: 0.8891
Epoch 263/1000, Training Loss: 0.8891, Validation Loss: 0.8891
Epoch 264/1000, Training Loss: 0.8891, Validation Loss: 0.8891
Epoch 265/1000, Training Loss: 0.8891, Validation Loss: 0.8891
Epoch 266/1000, Training Loss: 0.8891, Validation Loss: 0.8891
Epoch 267/1000, Training Loss: 0.8891, Validation Loss: 0.8891
Epoch 268/1000, Training Loss: 0.8891, Validation Loss: 0.8891
Epoch 269/1000, Training Loss: 0.8891, Validation Loss: 0.8891
Epoch 270/1000, Training Loss: 0.8891, Validation Loss: 0.8891
Epoch 271/1000, Training Loss: 0.8891, Validation Loss: 0.8891
Epoch 272/1000, Training Loss: 0.8891, Validation Loss: 0.8891
Epoch 273/1000, Training Loss: 0.8891, Validation Loss: 0.8891
Epoch 274/1000, Training Loss: 0.8891, Validation Loss: 0.8891
Epoch 275/1000, Training Loss: 0.8891, Validation Loss: 0.8891
Epoch 276/1000, Training Loss: 0.8891, Validation Loss: 0.8891
Epoch 277/1000, Training Loss: 0.8891, Validation Loss: 0.8891
Epoch 278/1000, Training Loss: 0.8891, Validation Loss: 0.8891
Epoch 279/1000, Training Loss: 0.8891, Validation Loss: 0.8891
Epoch 280/1000, Training Loss: 0.8891, Validation Loss: 0.8891
Epoch 281/1000, Training Loss: 0.8891, Validation Loss: 0.8891
Epoch 282/1000, Training Loss: 0.8891, Validation Loss: 0.8891
Epoch 283/1000, Training Loss: 0.8891, Validation Loss: 0.8891
Epoch 284/1000, Training Loss: 0.8891, Validation Loss: 0.8891
Epoch 285/1000, Training Loss: 0.8891, Validation Loss: 0.8891
Epoch 286/1000, Training Loss: 0.8891, Validation Loss: 0.8891
Epoch 287/1000, Training Loss: 0.8891, Validation Loss: 0.8891
Epoch 288/1000, Training Loss: 0.8891, Validation Loss: 0.8891
Epoch 289/1000, Training Loss: 0.8891, Validation Loss: 0.8891
Epoch 290/1000, Training Loss: 0.8891, Validation Loss: 0.8891
Epoch 291/1000, Training Loss: 0.8891, Validation Loss: 0.8891
Epoch 292/1000, Training Loss: 0.8891, Validation Loss: 0.8891
Epoch 293/1000, Training Loss: 0.8891, Validation Loss: 0.8891
Epoch 294/1000, Training Loss: 0.8891, Validation Loss: 0.8891
Epoch 295/1000, Training Loss: 0.8891, Validation Loss: 0.8891
Epoch 296/1000, Training Loss: 0.8890, Validation Loss: 0.8890
Epoch 297/1000, Training Loss: 0.8890, Validation Loss: 0.8890
Epoch 298/1000, Training Loss: 0.8890, Validation Loss: 0.8890
Epoch 299/1000, Training Loss: 0.8890, Validation Loss: 0.8890
Epoch 300/1000, Training Loss: 0.8890, Validation Loss: 0.8890
Epoch 301/1000, Training Loss: 0.8890, Validation Loss: 0.8890
Epoch 302/1000, Training Loss: 0.8890, Validation Loss: 0.8890
Epoch 303/1000, Training Loss: 0.8890, Validation Loss: 0.8890
Epoch 304/1000, Training Loss: 0.8890, Validation Loss: 0.8890
Epoch 305/1000, Training Loss: 0.8890, Validation Loss: 0.8890
Epoch 306/1000, Training Loss: 0.8890, Validation Loss: 0.8890
Epoch 307/1000, Training Loss: 0.8890, Validation Loss: 0.8890
Epoch 308/1000, Training Loss: 0.8890, Validation Loss: 0.8890
Epoch 309/1000, Training Loss: 0.8890, Validation Loss: 0.8890
Epoch 310/1000, Training Loss: 0.8890, Validation Loss: 0.8890
Epoch 311/1000, Training Loss: 0.8890, Validation Loss: 0.8890
Epoch 312/1000, Training Loss: 0.8890, Validation Loss: 0.8890
Epoch 313/1000, Training Loss: 0.8890, Validation Loss: 0.8890
Epoch 314/1000, Training Loss: 0.8890, Validation Loss: 0.8890
Epoch 315/1000, Training Loss: 0.8890, Validation Loss: 0.8890
Epoch 316/1000, Training Loss: 0.8890, Validation Loss: 0.8890
Epoch 317/1000, Training Loss: 0.8890, Validation Loss: 0.8890
Epoch 318/1000, Training Loss: 0.8890, Validation Loss: 0.8890
Epoch 319/1000, Training Loss: 0.8890, Validation Loss: 0.8890
Epoch 320/1000, Training Loss: 0.8890, Validation Loss: 0.8890
Epoch 321/1000, Training Loss: 0.8890, Validation Loss: 0.8890
Epoch 322/1000, Training Loss: 0.8890, Validation Loss: 0.8890
Epoch 323/1000, Training Loss: 0.8890, Validation Loss: 0.8890
Epoch 324/1000, Training Loss: 0.8890, Validation Loss: 0.8890
Epoch 325/1000, Training Loss: 0.8890, Validation Loss: 0.8890
Epoch 326/1000, Training Loss: 0.8890, Validation Loss: 0.8890
Epoch 327/1000, Training Loss: 0.8890, Validation Loss: 0.8890
Epoch 328/1000, Training Loss: 0.8890, Validation Loss: 0.8890
Epoch 329/1000, Training Loss: 0.8890, Validation Loss: 0.8890
Epoch 330/1000, Training Loss: 0.8890, Validation Loss: 0.8890
Epoch 331/1000, Training Loss: 0.8890, Validation Loss: 0.8890
Epoch 332/1000, Training Loss: 0.8890, Validation Loss: 0.8890
Epoch 333/1000, Training Loss: 0.8890, Validation Loss: 0.8890
Epoch 334/1000, Training Loss: 0.8890, Validation Loss: 0.8890
Epoch 335/1000, Training Loss: 0.8890, Validation Loss: 0.8890
Epoch 336/1000, Training Loss: 0.8890, Validation Loss: 0.8890
Epoch 337/1000, Training Loss: 0.8890, Validation Loss: 0.8890
Epoch 338/1000, Training Loss: 0.8890, Validation Loss: 0.8890
Epoch 339/1000, Training Loss: 0.8890, Validation Loss: 0.8890
Epoch 340/1000, Training Loss: 0.8890, Validation Loss: 0.8890
Epoch 341/1000, Training Loss: 0.8890, Validation Loss: 0.8890
Epoch 342/1000, Training Loss: 0.8890, Validation Loss: 0.8890
Epoch 343/1000, Training Loss: 0.8890, Validation Loss: 0.8890
Epoch 344/1000, Training Loss: 0.8890, Validation Loss: 0.8890
Epoch 345/1000, Training Loss: 0.8890, Validation Loss: 0.8890
Epoch 346/1000, Training Loss: 0.8890, Validation Loss: 0.8890
Epoch 347/1000, Training Loss: 0.8890, Validation Loss: 0.8890
Epoch 348/1000, Training Loss: 0.8890, Validation Loss: 0.8890
Epoch 349/1000, Training Loss: 0.8890, Validation Loss: 0.8890
Epoch 350/1000, Training Loss: 0.8890, Validation Loss: 0.8890
Epoch 351/1000, Training Loss: 0.8890, Validation Loss: 0.8890
Epoch 352/1000, Training Loss: 0.8890, Validation Loss: 0.8890
Epoch 353/1000, Training Loss: 0.8890, Validation Loss: 0.8890
Epoch 354/1000, Training Loss: 0.8890, Validation Loss: 0.8890
Epoch 355/1000, Training Loss: 0.8890, Validation Loss: 0.8890
Epoch 356/1000, Training Loss: 0.8890, Validation Loss: 0.8890
Epoch 357/1000, Training Loss: 0.8890, Validation Loss: 0.8890
Epoch 358/1000, Training Loss: 0.8890, Validation Loss: 0.8890
Epoch 359/1000, Training Loss: 0.8890, Validation Loss: 0.8890
Epoch 360/1000, Training Loss: 0.8890, Validation Loss: 0.8890
Epoch 361/1000, Training Loss: 0.8890, Validation Loss: 0.8890
Epoch 362/1000, Training Loss: 0.8890, Validation Loss: 0.8890
Epoch 363/1000, Training Loss: 0.8890, Validation Loss: 0.8890
Epoch 364/1000, Training Loss: 0.8890, Validation Loss: 0.8890
Epoch 365/1000, Training Loss: 0.8890, Validation Loss: 0.8890
Epoch 366/1000, Training Loss: 0.8890, Validation Loss: 0.8890
Epoch 367/1000, Training Loss: 0.8890, Validation Loss: 0.8890
Epoch 368/1000, Training Loss: 0.8890, Validation Loss: 0.8890
Epoch 369/1000, Training Loss: 0.8890, Validation Loss: 0.8890
Epoch 370/1000, Training Loss: 0.8890, Validation Loss: 0.8890
Epoch 371/1000, Training Loss: 0.8890, Validation Loss: 0.8890
Epoch 372/1000, Training Loss: 0.8890, Validation Loss: 0.8890
Epoch 373/1000, Training Loss: 0.8890, Validation Loss: 0.8890
Epoch 374/1000, Training Loss: 0.8890, Validation Loss: 0.8890
Epoch 375/1000, Training Loss: 0.8890, Validation Loss: 0.8890
Epoch 376/1000, Training Loss: 0.8890, Validation Loss: 0.8890
Epoch 377/1000, Training Loss: 0.8890, Validation Loss: 0.8890
Epoch 378/1000, Training Loss: 0.8890, Validation Loss: 0.8890
Epoch 379/1000, Training Loss: 0.8890, Validation Loss: 0.8890
Epoch 380/1000, Training Loss: 0.8890, Validation Loss: 0.8890
Epoch 381/1000, Training Loss: 0.8890, Validation Loss: 0.8890
Epoch 382/1000, Training Loss: 0.8890, Validation Loss: 0.8890
Epoch 383/1000, Training Loss: 0.8890, Validation Loss: 0.8890
Epoch 384/1000, Training Loss: 0.8890, Validation Loss: 0.8890
Epoch 385/1000, Training Loss: 0.8890, Validation Loss: 0.8890
Epoch 386/1000, Training Loss: 0.8890, Validation Loss: 0.8890
Epoch 387/1000, Training Loss: 0.8890, Validation Loss: 0.8890
Epoch 388/1000, Training Loss: 0.8890, Validation Loss: 0.8890
Epoch 389/1000, Training Loss: 0.8890, Validation Loss: 0.8890
Epoch 390/1000, Training Loss: 0.8890, Validation Loss: 0.8890
Epoch 391/1000, Training Loss: 0.8890, Validation Loss: 0.8890
Epoch 392/1000, Training Loss: 0.8890, Validation Loss: 0.8890
Epoch 393/1000, Training Loss: 0.8890, Validation Loss: 0.8890
Epoch 394/1000, Training Loss: 0.8890, Validation Loss: 0.8890
Epoch 395/1000, Training Loss: 0.8890, Validation Loss: 0.8890
Epoch 396/1000, Training Loss: 0.8890, Validation Loss: 0.8890
Epoch 397/1000, Training Loss: 0.8890, Validation Loss: 0.8890
Epoch 398/1000, Training Loss: 0.8890, Validation Loss: 0.8890
Epoch 399/1000, Training Loss: 0.8890, Validation Loss: 0.8890
Epoch 400/1000, Training Loss: 0.8890, Validation Loss: 0.8890
Epoch 401/1000, Training Loss: 0.8890, Validation Loss: 0.8890
Epoch 402/1000, Training Loss: 0.8890, Validation Loss: 0.8890
Epoch 403/1000, Training Loss: 0.8890, Validation Loss: 0.8890
Epoch 404/1000, Training Loss: 0.8890, Validation Loss: 0.8890
Epoch 405/1000, Training Loss: 0.8890, Validation Loss: 0.8890
Epoch 406/1000, Training Loss: 0.8890, Validation Loss: 0.8890
Epoch 407/1000, Training Loss: 0.8890, Validation Loss: 0.8890
Epoch 408/1000, Training Loss: 0.8890, Validation Loss: 0.8890
Epoch 409/1000, Training Loss: 0.8890, Validation Loss: 0.8890
Epoch 410/1000, Training Loss: 0.8890, Validation Loss: 0.8890
Epoch 411/1000, Training Loss: 0.8890, Validation Loss: 0.8890
Epoch 412/1000, Training Loss: 0.8890, Validation Loss: 0.8890
Epoch 413/1000, Training Loss: 0.8890, Validation Loss: 0.8890
Epoch 414/1000, Training Loss: 0.8890, Validation Loss: 0.8890
Epoch 415/1000, Training Loss: 0.8890, Validation Loss: 0.8890
Epoch 416/1000, Training Loss: 0.8890, Validation Loss: 0.8890
Epoch 417/1000, Training Loss: 0.8890, Validation Loss: 0.8890
Epoch 418/1000, Training Loss: 0.8890, Validation Loss: 0.8890
Epoch 419/1000, Training Loss: 0.8890, Validation Loss: 0.8890
Epoch 420/1000, Training Loss: 0.8890, Validation Loss: 0.8890
Epoch 421/1000, Training Loss: 0.8890, Validation Loss: 0.8890
Epoch 422/1000, Training Loss: 0.8890, Validation Loss: 0.8890
Epoch 423/1000, Training Loss: 0.8890, Validation Loss: 0.8890
Epoch 424/1000, Training Loss: 0.8890, Validation Loss: 0.8890
Epoch 425/1000, Training Loss: 0.8890, Validation Loss: 0.8890
Epoch 426/1000, Training Loss: 0.8890, Validation Loss: 0.8890
Epoch 427/1000, Training Loss: 0.8890, Validation Loss: 0.8890
Epoch 428/1000, Training Loss: 0.8890, Validation Loss: 0.8890
Epoch 429/1000, Training Loss: 0.8890, Validation Loss: 0.8890
Epoch 430/1000, Training Loss: 0.8890, Validation Loss: 0.8890
Epoch 431/1000, Training Loss: 0.8890, Validation Loss: 0.8890
Epoch 432/1000, Training Loss: 0.8890, Validation Loss: 0.8890
Epoch 433/1000, Training Loss: 0.8890, Validation Loss: 0.8890
Epoch 434/1000, Training Loss: 0.8890, Validation Loss: 0.8890
Epoch 435/1000, Training Loss: 0.8890, Validation Loss: 0.8890
Epoch 436/1000, Training Loss: 0.8890, Validation Loss: 0.8890
Epoch 437/1000, Training Loss: 0.8890, Validation Loss: 0.8890
Epoch 438/1000, Training Loss: 0.8890, Validation Loss: 0.8890
Epoch 439/1000, Training Loss: 0.8890, Validation Loss: 0.8890
Epoch 440/1000, Training Loss: 0.8890, Validation Loss: 0.8890
Epoch 441/1000, Training Loss: 0.8890, Validation Loss: 0.8890
Epoch 442/1000, Training Loss: 0.8890, Validation Loss: 0.8890
Epoch 443/1000, Training Loss: 0.8890, Validation Loss: 0.8890
Epoch 444/1000, Training Loss: 0.8890, Validation Loss: 0.8890
Epoch 445/1000, Training Loss: 0.8890, Validation Loss: 0.8890
Epoch 446/1000, Training Loss: 0.8890, Validation Loss: 0.8890
Epoch 447/1000, Training Loss: 0.8890, Validation Loss: 0.8890
Epoch 448/1000, Training Loss: 0.8890, Validation Loss: 0.8890
Epoch 449/1000, Training Loss: 0.8890, Validation Loss: 0.8890
Epoch 450/1000, Training Loss: 0.8890, Validation Loss: 0.8890
Epoch 451/1000, Training Loss: 0.8890, Validation Loss: 0.8890
Epoch 452/1000, Training Loss: 0.8890, Validation Loss: 0.8890
Epoch 453/1000, Training Loss: 0.8890, Validation Loss: 0.8890
Epoch 454/1000, Training Loss: 0.8890, Validation Loss: 0.8890
Epoch 455/1000, Training Loss: 0.8890, Validation Loss: 0.8890
Epoch 456/1000, Training Loss: 0.8890, Validation Loss: 0.8890
Epoch 457/1000, Training Loss: 0.8890, Validation Loss: 0.8890
Epoch 458/1000, Training Loss: 0.8890, Validation Loss: 0.8890
Epoch 459/1000, Training Loss: 0.8890, Validation Loss: 0.8890
Epoch 460/1000, Training Loss: 0.8890, Validation Loss: 0.8890
Epoch 461/1000, Training Loss: 0.8890, Validation Loss: 0.8890
Epoch 462/1000, Training Loss: 0.8890, Validation Loss: 0.8890
Epoch 463/1000, Training Loss: 0.8890, Validation Loss: 0.8890
Epoch 464/1000, Training Loss: 0.8890, Validation Loss: 0.8890
Epoch 465/1000, Training Loss: 0.8890, Validation Loss: 0.8890
Epoch 466/1000, Training Loss: 0.8890, Validation Loss: 0.8890
Epoch 467/1000, Training Loss: 0.8890, Validation Loss: 0.8890
Epoch 468/1000, Training Loss: 0.8890, Validation Loss: 0.8890
Epoch 469/1000, Training Loss: 0.8890, Validation Loss: 0.8890
Epoch 470/1000, Training Loss: 0.8890, Validation Loss: 0.8890
Epoch 471/1000, Training Loss: 0.8890, Validation Loss: 0.8890
Epoch 472/1000, Training Loss: 0.8890, Validation Loss: 0.8890
Epoch 473/1000, Training Loss: 0.8890, Validation Loss: 0.8890
Epoch 474/1000, Training Loss: 0.8890, Validation Loss: 0.8890
Epoch 475/1000, Training Loss: 0.8890, Validation Loss: 0.8890
Epoch 476/1000, Training Loss: 0.8890, Validation Loss: 0.8890
Epoch 477/1000, Training Loss: 0.8890, Validation Loss: 0.8890
Epoch 478/1000, Training Loss: 0.8890, Validation Loss: 0.8890
Epoch 479/1000, Training Loss: 0.8890, Validation Loss: 0.8890
Epoch 480/1000, Training Loss: 0.8890, Validation Loss: 0.8890
Epoch 481/1000, Training Loss: 0.8890, Validation Loss: 0.8890
Epoch 482/1000, Training Loss: 0.8890, Validation Loss: 0.8890
Epoch 483/1000, Training Loss: 0.8890, Validation Loss: 0.8890
Epoch 484/1000, Training Loss: 0.8890, Validation Loss: 0.8890
Epoch 485/1000, Training Loss: 0.8890, Validation Loss: 0.8890
Epoch 486/1000, Training Loss: 0.8890, Validation Loss: 0.8890
Epoch 487/1000, Training Loss: 0.8890, Validation Loss: 0.8890
Epoch 488/1000, Training Loss: 0.8890, Validation Loss: 0.8890
Epoch 489/1000, Training Loss: 0.8890, Validation Loss: 0.8890
Epoch 490/1000, Training Loss: 0.8890, Validation Loss: 0.8890
Epoch 491/1000, Training Loss: 0.8890, Validation Loss: 0.8890
Epoch 492/1000, Training Loss: 0.8890, Validation Loss: 0.8890
Epoch 493/1000, Training Loss: 0.8890, Validation Loss: 0.8890
Epoch 494/1000, Training Loss: 0.8890, Validation Loss: 0.8890
Epoch 495/1000, Training Loss: 0.8890, Validation Loss: 0.8890
Epoch 496/1000, Training Loss: 0.8890, Validation Loss: 0.8890
Epoch 497/1000, Training Loss: 0.8890, Validation Loss: 0.8890
Epoch 498/1000, Training Loss: 0.8890, Validation Loss: 0.8890
Epoch 499/1000, Training Loss: 0.8890, Validation Loss: 0.8890
Epoch 500/1000, Training Loss: 0.8890, Validation Loss: 0.8890
Epoch 501/1000, Training Loss: 0.8890, Validation Loss: 0.8890
Epoch 502/1000, Training Loss: 0.8890, Validation Loss: 0.8890
Epoch 503/1000, Training Loss: 0.8890, Validation Loss: 0.8890
Epoch 504/1000, Training Loss: 0.8890, Validation Loss: 0.8890
Epoch 505/1000, Training Loss: 0.8890, Validation Loss: 0.8890
Epoch 506/1000, Training Loss: 0.8890, Validation Loss: 0.8890
Epoch 507/1000, Training Loss: 0.8890, Validation Loss: 0.8890
Epoch 508/1000, Training Loss: 0.8890, Validation Loss: 0.8890
Epoch 509/1000, Training Loss: 0.8890, Validation Loss: 0.8890
Epoch 510/1000, Training Loss: 0.8890, Validation Loss: 0.8890
Epoch 511/1000, Training Loss: 0.8890, Validation Loss: 0.8890
Epoch 512/1000, Training Loss: 0.8890, Validation Loss: 0.8890
Epoch 513/1000, Training Loss: 0.8890, Validation Loss: 0.8890
Epoch 514/1000, Training Loss: 0.8890, Validation Loss: 0.8890
Epoch 515/1000, Training Loss: 0.8890, Validation Loss: 0.8890
Epoch 516/1000, Training Loss: 0.8890, Validation Loss: 0.8890
Epoch 517/1000, Training Loss: 0.8890, Validation Loss: 0.8890
Epoch 518/1000, Training Loss: 0.8890, Validation Loss: 0.8890
Epoch 519/1000, Training Loss: 0.8890, Validation Loss: 0.8890
Epoch 520/1000, Training Loss: 0.8890, Validation Loss: 0.8890
Epoch 521/1000, Training Loss: 0.8890, Validation Loss: 0.8890
Epoch 522/1000, Training Loss: 0.8890, Validation Loss: 0.8890
Epoch 523/1000, Training Loss: 0.8890, Validation Loss: 0.8890
Epoch 524/1000, Training Loss: 0.8890, Validation Loss: 0.8890
Epoch 525/1000, Training Loss: 0.8890, Validation Loss: 0.8890
Epoch 526/1000, Training Loss: 0.8890, Validation Loss: 0.8890
Epoch 527/1000, Training Loss: 0.8890, Validation Loss: 0.8890
Epoch 528/1000, Training Loss: 0.8890, Validation Loss: 0.8890
Epoch 529/1000, Training Loss: 0.8890, Validation Loss: 0.8890
Epoch 530/1000, Training Loss: 0.8890, Validation Loss: 0.8890
Epoch 531/1000, Training Loss: 0.8890, Validation Loss: 0.8890
Epoch 532/1000, Training Loss: 0.8890, Validation Loss: 0.8890
Epoch 533/1000, Training Loss: 0.8890, Validation Loss: 0.8890
Epoch 534/1000, Training Loss: 0.8890, Validation Loss: 0.8890
Epoch 535/1000, Training Loss: 0.8890, Validation Loss: 0.8890
Epoch 536/1000, Training Loss: 0.8890, Validation Loss: 0.8890
Epoch 537/1000, Training Loss: 0.8890, Validation Loss: 0.8890
Epoch 538/1000, Training Loss: 0.8890, Validation Loss: 0.8890
Epoch 539/1000, Training Loss: 0.8890, Validation Loss: 0.8890
Epoch 540/1000, Training Loss: 0.8890, Validation Loss: 0.8890
Epoch 541/1000, Training Loss: 0.8890, Validation Loss: 0.8890
Epoch 542/1000, Training Loss: 0.8890, Validation Loss: 0.8890
Epoch 543/1000, Training Loss: 0.8890, Validation Loss: 0.8890
Epoch 544/1000, Training Loss: 0.8890, Validation Loss: 0.8890
Epoch 545/1000, Training Loss: 0.8890, Validation Loss: 0.8890
Epoch 546/1000, Training Loss: 0.8890, Validation Loss: 0.8890
Epoch 547/1000, Training Loss: 0.8890, Validation Loss: 0.8890
Epoch 548/1000, Training Loss: 0.8890, Validation Loss: 0.8890
Epoch 549/1000, Training Loss: 0.8890, Validation Loss: 0.8890
Epoch 550/1000, Training Loss: 0.8890, Validation Loss: 0.8890
Epoch 551/1000, Training Loss: 0.8890, Validation Loss: 0.8890
Epoch 552/1000, Training Loss: 0.8890, Validation Loss: 0.8890
Epoch 553/1000, Training Loss: 0.8890, Validation Loss: 0.8890
Epoch 554/1000, Training Loss: 0.8890, Validation Loss: 0.8890
Epoch 555/1000, Training Loss: 0.8890, Validation Loss: 0.8890
Epoch 556/1000, Training Loss: 0.8890, Validation Loss: 0.8890
Epoch 557/1000, Training Loss: 0.8890, Validation Loss: 0.8890
Epoch 558/1000, Training Loss: 0.8890, Validation Loss: 0.8890
Epoch 559/1000, Training Loss: 0.8890, Validation Loss: 0.8890
Epoch 560/1000, Training Loss: 0.8890, Validation Loss: 0.8890
Epoch 561/1000, Training Loss: 0.8890, Validation Loss: 0.8890
Epoch 562/1000, Training Loss: 0.8890, Validation Loss: 0.8890
Epoch 563/1000, Training Loss: 0.8890, Validation Loss: 0.8890
Epoch 564/1000, Training Loss: 0.8890, Validation Loss: 0.8890
Epoch 565/1000, Training Loss: 0.8890, Validation Loss: 0.8890
Epoch 566/1000, Training Loss: 0.8890, Validation Loss: 0.8890
Epoch 567/1000, Training Loss: 0.8890, Validation Loss: 0.8890
Epoch 568/1000, Training Loss: 0.8890, Validation Loss: 0.8890
Epoch 569/1000, Training Loss: 0.8890, Validation Loss: 0.8890
Epoch 570/1000, Training Loss: 0.8890, Validation Loss: 0.8890
Epoch 571/1000, Training Loss: 0.8890, Validation Loss: 0.8890
Epoch 572/1000, Training Loss: 0.8890, Validation Loss: 0.8890
Epoch 573/1000, Training Loss: 0.8890, Validation Loss: 0.8890
Epoch 574/1000, Training Loss: 0.8890, Validation Loss: 0.8890
Epoch 575/1000, Training Loss: 0.8890, Validation Loss: 0.8890
Epoch 576/1000, Training Loss: 0.8890, Validation Loss: 0.8890
Epoch 577/1000, Training Loss: 0.8890, Validation Loss: 0.8890
Epoch 578/1000, Training Loss: 0.8890, Validation Loss: 0.8890
Epoch 579/1000, Training Loss: 0.8890, Validation Loss: 0.8890
Epoch 580/1000, Training Loss: 0.8890, Validation Loss: 0.8890
Epoch 581/1000, Training Loss: 0.8890, Validation Loss: 0.8890
Epoch 582/1000, Training Loss: 0.8890, Validation Loss: 0.8890
Epoch 583/1000, Training Loss: 0.8890, Validation Loss: 0.8890
Epoch 584/1000, Training Loss: 0.8890, Validation Loss: 0.8890
Epoch 585/1000, Training Loss: 0.8890, Validation Loss: 0.8890
Epoch 586/1000, Training Loss: 0.8890, Validation Loss: 0.8890
Epoch 587/1000, Training Loss: 0.8890, Validation Loss: 0.8890
Epoch 588/1000, Training Loss: 0.8890, Validation Loss: 0.8890
Epoch 589/1000, Training Loss: 0.8890, Validation Loss: 0.8890
Epoch 590/1000, Training Loss: 0.8890, Validation Loss: 0.8890
Epoch 591/1000, Training Loss: 0.8890, Validation Loss: 0.8890
Epoch 592/1000, Training Loss: 0.8890, Validation Loss: 0.8890
Epoch 593/1000, Training Loss: 0.8890, Validation Loss: 0.8890
Epoch 594/1000, Training Loss: 0.8890, Validation Loss: 0.8890
Epoch 595/1000, Training Loss: 0.8890, Validation Loss: 0.8890
Epoch 596/1000, Training Loss: 0.8890, Validation Loss: 0.8890
Epoch 597/1000, Training Loss: 0.8890, Validation Loss: 0.8890
Epoch 598/1000, Training Loss: 0.8890, Validation Loss: 0.8890
Epoch 599/1000, Training Loss: 0.8890, Validation Loss: 0.8890
Epoch 600/1000, Training Loss: 0.8890, Validation Loss: 0.8890
Epoch 601/1000, Training Loss: 0.8890, Validation Loss: 0.8890
Epoch 602/1000, Training Loss: 0.8890, Validation Loss: 0.8890
Epoch 603/1000, Training Loss: 0.8890, Validation Loss: 0.8890
Epoch 604/1000, Training Loss: 0.8890, Validation Loss: 0.8890
Epoch 605/1000, Training Loss: 0.8890, Validation Loss: 0.8890
Epoch 606/1000, Training Loss: 0.8890, Validation Loss: 0.8890
Epoch 607/1000, Training Loss: 0.8890, Validation Loss: 0.8890
Epoch 608/1000, Training Loss: 0.8890, Validation Loss: 0.8890
Epoch 609/1000, Training Loss: 0.8890, Validation Loss: 0.8890
Epoch 610/1000, Training Loss: 0.8890, Validation Loss: 0.8890
Epoch 611/1000, Training Loss: 0.8890, Validation Loss: 0.8890
Epoch 612/1000, Training Loss: 0.8890, Validation Loss: 0.8890
Epoch 613/1000, Training Loss: 0.8890, Validation Loss: 0.8890
Epoch 614/1000, Training Loss: 0.8890, Validation Loss: 0.8890
Epoch 615/1000, Training Loss: 0.8890, Validation Loss: 0.8890
Epoch 616/1000, Training Loss: 0.8890, Validation Loss: 0.8890
Epoch 617/1000, Training Loss: 0.8890, Validation Loss: 0.8890
Epoch 618/1000, Training Loss: 0.8890, Validation Loss: 0.8890
Epoch 619/1000, Training Loss: 0.8890, Validation Loss: 0.8890
Epoch 620/1000, Training Loss: 0.8890, Validation Loss: 0.8890
Epoch 621/1000, Training Loss: 0.8890, Validation Loss: 0.8890
Epoch 622/1000, Training Loss: 0.8890, Validation Loss: 0.8890
Epoch 623/1000, Training Loss: 0.8890, Validation Loss: 0.8890
Epoch 624/1000, Training Loss: 0.8890, Validation Loss: 0.8890
Epoch 625/1000, Training Loss: 0.8890, Validation Loss: 0.8890
Epoch 626/1000, Training Loss: 0.8890, Validation Loss: 0.8890
Epoch 627/1000, Training Loss: 0.8890, Validation Loss: 0.8890
Epoch 628/1000, Training Loss: 0.8890, Validation Loss: 0.8890
Epoch 629/1000, Training Loss: 0.8890, Validation Loss: 0.8890
Epoch 630/1000, Training Loss: 0.8890, Validation Loss: 0.8890
Epoch 631/1000, Training Loss: 0.8890, Validation Loss: 0.8890
Epoch 632/1000, Training Loss: 0.8890, Validation Loss: 0.8890
Epoch 633/1000, Training Loss: 0.8890, Validation Loss: 0.8890
Epoch 634/1000, Training Loss: 0.8890, Validation Loss: 0.8890
Epoch 635/1000, Training Loss: 0.8890, Validation Loss: 0.8890
Epoch 636/1000, Training Loss: 0.8890, Validation Loss: 0.8890
Epoch 637/1000, Training Loss: 0.8890, Validation Loss: 0.8890
Epoch 638/1000, Training Loss: 0.8890, Validation Loss: 0.8890
Epoch 639/1000, Training Loss: 0.8890, Validation Loss: 0.8890
Epoch 640/1000, Training Loss: 0.8890, Validation Loss: 0.8890
Epoch 641/1000, Training Loss: 0.8890, Validation Loss: 0.8890
Epoch 642/1000, Training Loss: 0.8890, Validation Loss: 0.8890
Epoch 643/1000, Training Loss: 0.8890, Validation Loss: 0.8890
Epoch 644/1000, Training Loss: 0.8890, Validation Loss: 0.8890
Epoch 645/1000, Training Loss: 0.8890, Validation Loss: 0.8890
Epoch 646/1000, Training Loss: 0.8890, Validation Loss: 0.8890
Epoch 647/1000, Training Loss: 0.8890, Validation Loss: 0.8890
Epoch 648/1000, Training Loss: 0.8890, Validation Loss: 0.8890
Epoch 649/1000, Training Loss: 0.8890, Validation Loss: 0.8890
Epoch 650/1000, Training Loss: 0.8890, Validation Loss: 0.8890
Epoch 651/1000, Training Loss: 0.8891, Validation Loss: 0.8891
Epoch 652/1000, Training Loss: 0.8891, Validation Loss: 0.8891
Epoch 653/1000, Training Loss: 0.8891, Validation Loss: 0.8891
Epoch 654/1000, Training Loss: 0.8891, Validation Loss: 0.8891
Epoch 655/1000, Training Loss: 0.8891, Validation Loss: 0.8891
Epoch 656/1000, Training Loss: 0.8891, Validation Loss: 0.8891
Epoch 657/1000, Training Loss: 0.8891, Validation Loss: 0.8891
Epoch 658/1000, Training Loss: 0.8891, Validation Loss: 0.8891
Epoch 659/1000, Training Loss: 0.8891, Validation Loss: 0.8891
Epoch 660/1000, Training Loss: 0.8891, Validation Loss: 0.8891
Epoch 661/1000, Training Loss: 0.8891, Validation Loss: 0.8891
Epoch 662/1000, Training Loss: 0.8891, Validation Loss: 0.8891
Epoch 663/1000, Training Loss: 0.8891, Validation Loss: 0.8891
Epoch 664/1000, Training Loss: 0.8891, Validation Loss: 0.8891
Epoch 665/1000, Training Loss: 0.8891, Validation Loss: 0.8891
Epoch 666/1000, Training Loss: 0.8891, Validation Loss: 0.8891
Epoch 667/1000, Training Loss: 0.8891, Validation Loss: 0.8891
Epoch 668/1000, Training Loss: 0.8891, Validation Loss: 0.8891
Epoch 669/1000, Training Loss: 0.8891, Validation Loss: 0.8891
Epoch 670/1000, Training Loss: 0.8891, Validation Loss: 0.8891
Epoch 671/1000, Training Loss: 0.8891, Validation Loss: 0.8891
Epoch 672/1000, Training Loss: 0.8891, Validation Loss: 0.8891
Epoch 673/1000, Training Loss: 0.8891, Validation Loss: 0.8891
Epoch 674/1000, Training Loss: 0.8891, Validation Loss: 0.8891
Epoch 675/1000, Training Loss: 0.8891, Validation Loss: 0.8891
Epoch 676/1000, Training Loss: 0.8891, Validation Loss: 0.8891
Epoch 677/1000, Training Loss: 0.8891, Validation Loss: 0.8891
Epoch 678/1000, Training Loss: 0.8891, Validation Loss: 0.8891
Epoch 679/1000, Training Loss: 0.8891, Validation Loss: 0.8891
Epoch 680/1000, Training Loss: 0.8891, Validation Loss: 0.8891
Epoch 681/1000, Training Loss: 0.8891, Validation Loss: 0.8891
Epoch 682/1000, Training Loss: 0.8891, Validation Loss: 0.8891
Epoch 683/1000, Training Loss: 0.8891, Validation Loss: 0.8891
Epoch 684/1000, Training Loss: 0.8891, Validation Loss: 0.8891
Epoch 685/1000, Training Loss: 0.8891, Validation Loss: 0.8891
Epoch 686/1000, Training Loss: 0.8891, Validation Loss: 0.8891
Epoch 687/1000, Training Loss: 0.8891, Validation Loss: 0.8891
Epoch 688/1000, Training Loss: 0.8891, Validation Loss: 0.8891
Epoch 689/1000, Training Loss: 0.8891, Validation Loss: 0.8891
Epoch 690/1000, Training Loss: 0.8891, Validation Loss: 0.8891
Epoch 691/1000, Training Loss: 0.8891, Validation Loss: 0.8891
Epoch 692/1000, Training Loss: 0.8891, Validation Loss: 0.8891
Epoch 693/1000, Training Loss: 0.8891, Validation Loss: 0.8891
Epoch 694/1000, Training Loss: 0.8891, Validation Loss: 0.8891
Epoch 695/1000, Training Loss: 0.8891, Validation Loss: 0.8891
Epoch 696/1000, Training Loss: 0.8891, Validation Loss: 0.8891
Epoch 697/1000, Training Loss: 0.8891, Validation Loss: 0.8891
Epoch 698/1000, Training Loss: 0.8891, Validation Loss: 0.8891
Epoch 699/1000, Training Loss: 0.8891, Validation Loss: 0.8891
Epoch 700/1000, Training Loss: 0.8891, Validation Loss: 0.8891
Epoch 701/1000, Training Loss: 0.8891, Validation Loss: 0.8891
Epoch 702/1000, Training Loss: 0.8891, Validation Loss: 0.8891
Epoch 703/1000, Training Loss: 0.8891, Validation Loss: 0.8891
Epoch 704/1000, Training Loss: 0.8891, Validation Loss: 0.8891
Epoch 705/1000, Training Loss: 0.8891, Validation Loss: 0.8891
Epoch 706/1000, Training Loss: 0.8891, Validation Loss: 0.8891
Epoch 707/1000, Training Loss: 0.8891, Validation Loss: 0.8891
Epoch 708/1000, Training Loss: 0.8891, Validation Loss: 0.8891
Epoch 709/1000, Training Loss: 0.8891, Validation Loss: 0.8891
Epoch 710/1000, Training Loss: 0.8891, Validation Loss: 0.8891
Epoch 711/1000, Training Loss: 0.8891, Validation Loss: 0.8891
Epoch 712/1000, Training Loss: 0.8891, Validation Loss: 0.8891
Epoch 713/1000, Training Loss: 0.8891, Validation Loss: 0.8891
Epoch 714/1000, Training Loss: 0.8891, Validation Loss: 0.8891
Epoch 715/1000, Training Loss: 0.8891, Validation Loss: 0.8891
Epoch 716/1000, Training Loss: 0.8891, Validation Loss: 0.8891
Epoch 717/1000, Training Loss: 0.8891, Validation Loss: 0.8891
Epoch 718/1000, Training Loss: 0.8891, Validation Loss: 0.8891
Epoch 719/1000, Training Loss: 0.8891, Validation Loss: 0.8891
Epoch 720/1000, Training Loss: 0.8891, Validation Loss: 0.8891
Epoch 721/1000, Training Loss: 0.8891, Validation Loss: 0.8891
Epoch 722/1000, Training Loss: 0.8891, Validation Loss: 0.8891
Epoch 723/1000, Training Loss: 0.8891, Validation Loss: 0.8891
Epoch 724/1000, Training Loss: 0.8891, Validation Loss: 0.8891
Epoch 725/1000, Training Loss: 0.8891, Validation Loss: 0.8891
Epoch 726/1000, Training Loss: 0.8891, Validation Loss: 0.8891
Epoch 727/1000, Training Loss: 0.8891, Validation Loss: 0.8891
Epoch 728/1000, Training Loss: 0.8891, Validation Loss: 0.8891
Epoch 729/1000, Training Loss: 0.8891, Validation Loss: 0.8891
Epoch 730/1000, Training Loss: 0.8891, Validation Loss: 0.8891
Epoch 731/1000, Training Loss: 0.8891, Validation Loss: 0.8891
Epoch 732/1000, Training Loss: 0.8891, Validation Loss: 0.8891
Epoch 733/1000, Training Loss: 0.8891, Validation Loss: 0.8891
Epoch 734/1000, Training Loss: 0.8891, Validation Loss: 0.8891
Epoch 735/1000, Training Loss: 0.8891, Validation Loss: 0.8891
Epoch 736/1000, Training Loss: 0.8891, Validation Loss: 0.8891
Epoch 737/1000, Training Loss: 0.8891, Validation Loss: 0.8891
Epoch 738/1000, Training Loss: 0.8891, Validation Loss: 0.8891
Epoch 739/1000, Training Loss: 0.8891, Validation Loss: 0.8891
Epoch 740/1000, Training Loss: 0.8891, Validation Loss: 0.8891
Epoch 741/1000, Training Loss: 0.8891, Validation Loss: 0.8891
Epoch 742/1000, Training Loss: 0.8891, Validation Loss: 0.8891
Epoch 743/1000, Training Loss: 0.8891, Validation Loss: 0.8891
Epoch 744/1000, Training Loss: 0.8891, Validation Loss: 0.8891
Epoch 745/1000, Training Loss: 0.8891, Validation Loss: 0.8891
Epoch 746/1000, Training Loss: 0.8891, Validation Loss: 0.8891
Epoch 747/1000, Training Loss: 0.8891, Validation Loss: 0.8891
Epoch 748/1000, Training Loss: 0.8891, Validation Loss: 0.8891
Epoch 749/1000, Training Loss: 0.8891, Validation Loss: 0.8891
Epoch 750/1000, Training Loss: 0.8891, Validation Loss: 0.8891
Epoch 751/1000, Training Loss: 0.8891, Validation Loss: 0.8891
Epoch 752/1000, Training Loss: 0.8891, Validation Loss: 0.8891
Epoch 753/1000, Training Loss: 0.8891, Validation Loss: 0.8891
Epoch 754/1000, Training Loss: 0.8891, Validation Loss: 0.8891
Epoch 755/1000, Training Loss: 0.8891, Validation Loss: 0.8891
Epoch 756/1000, Training Loss: 0.8891, Validation Loss: 0.8891
Epoch 757/1000, Training Loss: 0.8891, Validation Loss: 0.8891
Epoch 758/1000, Training Loss: 0.8891, Validation Loss: 0.8891
Epoch 759/1000, Training Loss: 0.8891, Validation Loss: 0.8891
Epoch 760/1000, Training Loss: 0.8891, Validation Loss: 0.8891
Epoch 761/1000, Training Loss: 0.8891, Validation Loss: 0.8891
Epoch 762/1000, Training Loss: 0.8891, Validation Loss: 0.8891
Epoch 763/1000, Training Loss: 0.8891, Validation Loss: 0.8891
Epoch 764/1000, Training Loss: 0.8891, Validation Loss: 0.8891
Epoch 765/1000, Training Loss: 0.8891, Validation Loss: 0.8891
Epoch 766/1000, Training Loss: 0.8891, Validation Loss: 0.8891
Epoch 767/1000, Training Loss: 0.8891, Validation Loss: 0.8891
Epoch 768/1000, Training Loss: 0.8891, Validation Loss: 0.8891
Epoch 769/1000, Training Loss: 0.8891, Validation Loss: 0.8891
Epoch 770/1000, Training Loss: 0.8891, Validation Loss: 0.8891
Epoch 771/1000, Training Loss: 0.8891, Validation Loss: 0.8891
Epoch 772/1000, Training Loss: 0.8891, Validation Loss: 0.8891
Epoch 773/1000, Training Loss: 0.8891, Validation Loss: 0.8891
Epoch 774/1000, Training Loss: 0.8891, Validation Loss: 0.8891
Epoch 775/1000, Training Loss: 0.8891, Validation Loss: 0.8891
Epoch 776/1000, Training Loss: 0.8891, Validation Loss: 0.8891
Epoch 777/1000, Training Loss: 0.8891, Validation Loss: 0.8891
Epoch 778/1000, Training Loss: 0.8891, Validation Loss: 0.8891
Epoch 779/1000, Training Loss: 0.8891, Validation Loss: 0.8891
Epoch 780/1000, Training Loss: 0.8891, Validation Loss: 0.8891
Epoch 781/1000, Training Loss: 0.8891, Validation Loss: 0.8891
Epoch 782/1000, Training Loss: 0.8891, Validation Loss: 0.8891
Epoch 783/1000, Training Loss: 0.8891, Validation Loss: 0.8891
Epoch 784/1000, Training Loss: 0.8891, Validation Loss: 0.8891
Epoch 785/1000, Training Loss: 0.8891, Validation Loss: 0.8891
Epoch 786/1000, Training Loss: 0.8891, Validation Loss: 0.8891
Epoch 787/1000, Training Loss: 0.8891, Validation Loss: 0.8891
Epoch 788/1000, Training Loss: 0.8891, Validation Loss: 0.8891
Epoch 789/1000, Training Loss: 0.8891, Validation Loss: 0.8891
Epoch 790/1000, Training Loss: 0.8891, Validation Loss: 0.8891
Epoch 791/1000, Training Loss: 0.8891, Validation Loss: 0.8891
Epoch 792/1000, Training Loss: 0.8891, Validation Loss: 0.8891
Epoch 793/1000, Training Loss: 0.8891, Validation Loss: 0.8891
Epoch 794/1000, Training Loss: 0.8891, Validation Loss: 0.8891
Epoch 795/1000, Training Loss: 0.8891, Validation Loss: 0.8891
Epoch 796/1000, Training Loss: 0.8891, Validation Loss: 0.8891
Epoch 797/1000, Training Loss: 0.8891, Validation Loss: 0.8891
Epoch 798/1000, Training Loss: 0.8891, Validation Loss: 0.8891
Epoch 799/1000, Training Loss: 0.8891, Validation Loss: 0.8891
Epoch 800/1000, Training Loss: 0.8891, Validation Loss: 0.8891
Epoch 801/1000, Training Loss: 0.8891, Validation Loss: 0.8891
Epoch 802/1000, Training Loss: 0.8891, Validation Loss: 0.8891
Epoch 803/1000, Training Loss: 0.8891, Validation Loss: 0.8891
Epoch 804/1000, Training Loss: 0.8891, Validation Loss: 0.8891
Epoch 805/1000, Training Loss: 0.8891, Validation Loss: 0.8891
Epoch 806/1000, Training Loss: 0.8891, Validation Loss: 0.8891
Epoch 807/1000, Training Loss: 0.8891, Validation Loss: 0.8891
Epoch 808/1000, Training Loss: 0.8891, Validation Loss: 0.8891
Epoch 809/1000, Training Loss: 0.8891, Validation Loss: 0.8891
Epoch 810/1000, Training Loss: 0.8891, Validation Loss: 0.8891
Epoch 811/1000, Training Loss: 0.8891, Validation Loss: 0.8891
Epoch 812/1000, Training Loss: 0.8891, Validation Loss: 0.8891
Epoch 813/1000, Training Loss: 0.8891, Validation Loss: 0.8891
Epoch 814/1000, Training Loss: 0.8891, Validation Loss: 0.8891
Epoch 815/1000, Training Loss: 0.8891, Validation Loss: 0.8891
Epoch 816/1000, Training Loss: 0.8891, Validation Loss: 0.8891
Epoch 817/1000, Training Loss: 0.8891, Validation Loss: 0.8891
Epoch 818/1000, Training Loss: 0.8891, Validation Loss: 0.8891
Epoch 819/1000, Training Loss: 0.8891, Validation Loss: 0.8891
Epoch 820/1000, Training Loss: 0.8891, Validation Loss: 0.8891
Epoch 821/1000, Training Loss: 0.8891, Validation Loss: 0.8891
Epoch 822/1000, Training Loss: 0.8891, Validation Loss: 0.8891
Epoch 823/1000, Training Loss: 0.8891, Validation Loss: 0.8891
Epoch 824/1000, Training Loss: 0.8891, Validation Loss: 0.8891
Epoch 825/1000, Training Loss: 0.8891, Validation Loss: 0.8891
Epoch 826/1000, Training Loss: 0.8891, Validation Loss: 0.8891
Epoch 827/1000, Training Loss: 0.8891, Validation Loss: 0.8891
Epoch 828/1000, Training Loss: 0.8891, Validation Loss: 0.8891
Epoch 829/1000, Training Loss: 0.8891, Validation Loss: 0.8891
Epoch 830/1000, Training Loss: 0.8891, Validation Loss: 0.8891
Epoch 831/1000, Training Loss: 0.8891, Validation Loss: 0.8891
Epoch 832/1000, Training Loss: 0.8891, Validation Loss: 0.8891
Epoch 833/1000, Training Loss: 0.8891, Validation Loss: 0.8891
Epoch 834/1000, Training Loss: 0.8891, Validation Loss: 0.8891
Epoch 835/1000, Training Loss: 0.8891, Validation Loss: 0.8891
Epoch 836/1000, Training Loss: 0.8891, Validation Loss: 0.8891
Epoch 837/1000, Training Loss: 0.8891, Validation Loss: 0.8891
Epoch 838/1000, Training Loss: 0.8891, Validation Loss: 0.8891
Epoch 839/1000, Training Loss: 0.8891, Validation Loss: 0.8891
Epoch 840/1000, Training Loss: 0.8891, Validation Loss: 0.8891
Epoch 841/1000, Training Loss: 0.8891, Validation Loss: 0.8891
Epoch 842/1000, Training Loss: 0.8891, Validation Loss: 0.8891
Epoch 843/1000, Training Loss: 0.8891, Validation Loss: 0.8891
Epoch 844/1000, Training Loss: 0.8891, Validation Loss: 0.8891
Epoch 845/1000, Training Loss: 0.8891, Validation Loss: 0.8891
Epoch 846/1000, Training Loss: 0.8891, Validation Loss: 0.8891
Epoch 847/1000, Training Loss: 0.8891, Validation Loss: 0.8891
Epoch 848/1000, Training Loss: 0.8891, Validation Loss: 0.8891
Epoch 849/1000, Training Loss: 0.8891, Validation Loss: 0.8891
Epoch 850/1000, Training Loss: 0.8891, Validation Loss: 0.8891
Epoch 851/1000, Training Loss: 0.8891, Validation Loss: 0.8891
Epoch 852/1000, Training Loss: 0.8891, Validation Loss: 0.8891
Epoch 853/1000, Training Loss: 0.8891, Validation Loss: 0.8891
Epoch 854/1000, Training Loss: 0.8891, Validation Loss: 0.8891
Epoch 855/1000, Training Loss: 0.8891, Validation Loss: 0.8891
Epoch 856/1000, Training Loss: 0.8891, Validation Loss: 0.8891
Epoch 857/1000, Training Loss: 0.8891, Validation Loss: 0.8891
Epoch 858/1000, Training Loss: 0.8891, Validation Loss: 0.8891
Epoch 859/1000, Training Loss: 0.8891, Validation Loss: 0.8891
Epoch 860/1000, Training Loss: 0.8891, Validation Loss: 0.8891
Epoch 861/1000, Training Loss: 0.8891, Validation Loss: 0.8891
Epoch 862/1000, Training Loss: 0.8891, Validation Loss: 0.8891
Epoch 863/1000, Training Loss: 0.8891, Validation Loss: 0.8891
Epoch 864/1000, Training Loss: 0.8891, Validation Loss: 0.8891
Epoch 865/1000, Training Loss: 0.8891, Validation Loss: 0.8891
Epoch 866/1000, Training Loss: 0.8891, Validation Loss: 0.8891
Epoch 867/1000, Training Loss: 0.8891, Validation Loss: 0.8891
Epoch 868/1000, Training Loss: 0.8891, Validation Loss: 0.8891
Epoch 869/1000, Training Loss: 0.8891, Validation Loss: 0.8891
Epoch 870/1000, Training Loss: 0.8891, Validation Loss: 0.8891
Epoch 871/1000, Training Loss: 0.8891, Validation Loss: 0.8891
Epoch 872/1000, Training Loss: 0.8891, Validation Loss: 0.8891
Epoch 873/1000, Training Loss: 0.8891, Validation Loss: 0.8891
Epoch 874/1000, Training Loss: 0.8891, Validation Loss: 0.8891
Epoch 875/1000, Training Loss: 0.8891, Validation Loss: 0.8891
Epoch 876/1000, Training Loss: 0.8891, Validation Loss: 0.8891
Epoch 877/1000, Training Loss: 0.8891, Validation Loss: 0.8891
Epoch 878/1000, Training Loss: 0.8891, Validation Loss: 0.8891
Epoch 879/1000, Training Loss: 0.8891, Validation Loss: 0.8891
Epoch 880/1000, Training Loss: 0.8891, Validation Loss: 0.8891
Epoch 881/1000, Training Loss: 0.8891, Validation Loss: 0.8891
Epoch 882/1000, Training Loss: 0.8891, Validation Loss: 0.8891
Epoch 883/1000, Training Loss: 0.8891, Validation Loss: 0.8891
Epoch 884/1000, Training Loss: 0.8891, Validation Loss: 0.8891
Epoch 885/1000, Training Loss: 0.8891, Validation Loss: 0.8891
Epoch 886/1000, Training Loss: 0.8891, Validation Loss: 0.8891
Epoch 887/1000, Training Loss: 0.8891, Validation Loss: 0.8891
Epoch 888/1000, Training Loss: 0.8891, Validation Loss: 0.8891
Epoch 889/1000, Training Loss: 0.8891, Validation Loss: 0.8891
Epoch 890/1000, Training Loss: 0.8891, Validation Loss: 0.8891
Epoch 891/1000, Training Loss: 0.8891, Validation Loss: 0.8891
Epoch 892/1000, Training Loss: 0.8891, Validation Loss: 0.8891
Epoch 893/1000, Training Loss: 0.8891, Validation Loss: 0.8891
Epoch 894/1000, Training Loss: 0.8891, Validation Loss: 0.8891
Epoch 895/1000, Training Loss: 0.8891, Validation Loss: 0.8891
Epoch 896/1000, Training Loss: 0.8891, Validation Loss: 0.8891
Epoch 897/1000, Training Loss: 0.8891, Validation Loss: 0.8891
Epoch 898/1000, Training Loss: 0.8891, Validation Loss: 0.8891
Epoch 899/1000, Training Loss: 0.8891, Validation Loss: 0.8891
Epoch 900/1000, Training Loss: 0.8891, Validation Loss: 0.8891
Epoch 901/1000, Training Loss: 0.8891, Validation Loss: 0.8891
Epoch 902/1000, Training Loss: 0.8891, Validation Loss: 0.8891
Epoch 903/1000, Training Loss: 0.8891, Validation Loss: 0.8891
Epoch 904/1000, Training Loss: 0.8891, Validation Loss: 0.8891
Epoch 905/1000, Training Loss: 0.8891, Validation Loss: 0.8891
Epoch 906/1000, Training Loss: 0.8891, Validation Loss: 0.8891
Epoch 907/1000, Training Loss: 0.8891, Validation Loss: 0.8891
Epoch 908/1000, Training Loss: 0.8891, Validation Loss: 0.8891
Epoch 909/1000, Training Loss: 0.8891, Validation Loss: 0.8891
Epoch 910/1000, Training Loss: 0.8891, Validation Loss: 0.8891
Epoch 911/1000, Training Loss: 0.8891, Validation Loss: 0.8891
Epoch 912/1000, Training Loss: 0.8891, Validation Loss: 0.8891
Epoch 913/1000, Training Loss: 0.8891, Validation Loss: 0.8891
Epoch 914/1000, Training Loss: 0.8891, Validation Loss: 0.8891
Epoch 915/1000, Training Loss: 0.8891, Validation Loss: 0.8891
Epoch 916/1000, Training Loss: 0.8891, Validation Loss: 0.8891
Epoch 917/1000, Training Loss: 0.8891, Validation Loss: 0.8891
Epoch 918/1000, Training Loss: 0.8891, Validation Loss: 0.8891
Epoch 919/1000, Training Loss: 0.8891, Validation Loss: 0.8891
Epoch 920/1000, Training Loss: 0.8891, Validation Loss: 0.8891
Epoch 921/1000, Training Loss: 0.8891, Validation Loss: 0.8891
Epoch 922/1000, Training Loss: 0.8891, Validation Loss: 0.8891
Epoch 923/1000, Training Loss: 0.8891, Validation Loss: 0.8891
Epoch 924/1000, Training Loss: 0.8891, Validation Loss: 0.8891
Epoch 925/1000, Training Loss: 0.8891, Validation Loss: 0.8891
Epoch 926/1000, Training Loss: 0.8891, Validation Loss: 0.8891
Epoch 927/1000, Training Loss: 0.8891, Validation Loss: 0.8891
Epoch 928/1000, Training Loss: 0.8891, Validation Loss: 0.8891
Epoch 929/1000, Training Loss: 0.8891, Validation Loss: 0.8891
Epoch 930/1000, Training Loss: 0.8891, Validation Loss: 0.8891
Epoch 931/1000, Training Loss: 0.8891, Validation Loss: 0.8891
Epoch 932/1000, Training Loss: 0.8891, Validation Loss: 0.8891
Epoch 933/1000, Training Loss: 0.8891, Validation Loss: 0.8891
Epoch 934/1000, Training Loss: 0.8891, Validation Loss: 0.8891
Epoch 935/1000, Training Loss: 0.8891, Validation Loss: 0.8891
Epoch 936/1000, Training Loss: 0.8891, Validation Loss: 0.8891
Epoch 937/1000, Training Loss: 0.8891, Validation Loss: 0.8891
Epoch 938/1000, Training Loss: 0.8891, Validation Loss: 0.8891
Epoch 939/1000, Training Loss: 0.8891, Validation Loss: 0.8891
Epoch 940/1000, Training Loss: 0.8891, Validation Loss: 0.8891
Epoch 941/1000, Training Loss: 0.8891, Validation Loss: 0.8891
Epoch 942/1000, Training Loss: 0.8891, Validation Loss: 0.8891
Epoch 943/1000, Training Loss: 0.8891, Validation Loss: 0.8891
Epoch 944/1000, Training Loss: 0.8891, Validation Loss: 0.8891
Epoch 945/1000, Training Loss: 0.8891, Validation Loss: 0.8891
Epoch 946/1000, Training Loss: 0.8891, Validation Loss: 0.8891
Epoch 947/1000, Training Loss: 0.8891, Validation Loss: 0.8891
Epoch 948/1000, Training Loss: 0.8891, Validation Loss: 0.8891
Epoch 949/1000, Training Loss: 0.8891, Validation Loss: 0.8891
Epoch 950/1000, Training Loss: 0.8891, Validation Loss: 0.8891
Epoch 951/1000, Training Loss: 0.8891, Validation Loss: 0.8891
Epoch 952/1000, Training Loss: 0.8891, Validation Loss: 0.8891
Epoch 953/1000, Training Loss: 0.8891, Validation Loss: 0.8891
Epoch 954/1000, Training Loss: 0.8891, Validation Loss: 0.8891
Epoch 955/1000, Training Loss: 0.8891, Validation Loss: 0.8891
Epoch 956/1000, Training Loss: 0.8891, Validation Loss: 0.8891
Epoch 957/1000, Training Loss: 0.8891, Validation Loss: 0.8891
Epoch 958/1000, Training Loss: 0.8891, Validation Loss: 0.8891
Epoch 959/1000, Training Loss: 0.8891, Validation Loss: 0.8891
Epoch 960/1000, Training Loss: 0.8891, Validation Loss: 0.8891
Epoch 961/1000, Training Loss: 0.8891, Validation Loss: 0.8891
Epoch 962/1000, Training Loss: 0.8891, Validation Loss: 0.8891
Epoch 963/1000, Training Loss: 0.8891, Validation Loss: 0.8891
Epoch 964/1000, Training Loss: 0.8891, Validation Loss: 0.8891
Epoch 965/1000, Training Loss: 0.8891, Validation Loss: 0.8891
Epoch 966/1000, Training Loss: 0.8891, Validation Loss: 0.8891
Epoch 967/1000, Training Loss: 0.8891, Validation Loss: 0.8891
Epoch 968/1000, Training Loss: 0.8891, Validation Loss: 0.8891
Epoch 969/1000, Training Loss: 0.8891, Validation Loss: 0.8891
Epoch 970/1000, Training Loss: 0.8891, Validation Loss: 0.8891
Epoch 971/1000, Training Loss: 0.8891, Validation Loss: 0.8891
Epoch 972/1000, Training Loss: 0.8891, Validation Loss: 0.8891
Epoch 973/1000, Training Loss: 0.8891, Validation Loss: 0.8891
Epoch 974/1000, Training Loss: 0.8891, Validation Loss: 0.8891
Epoch 975/1000, Training Loss: 0.8891, Validation Loss: 0.8891
Epoch 976/1000, Training Loss: 0.8891, Validation Loss: 0.8891
Epoch 977/1000, Training Loss: 0.8891, Validation Loss: 0.8891
Epoch 978/1000, Training Loss: 0.8891, Validation Loss: 0.8891
Epoch 979/1000, Training Loss: 0.8891, Validation Loss: 0.8891
Epoch 980/1000, Training Loss: 0.8891, Validation Loss: 0.8891
Epoch 981/1000, Training Loss: 0.8891, Validation Loss: 0.8891
Epoch 982/1000, Training Loss: 0.8891, Validation Loss: 0.8891
Epoch 983/1000, Training Loss: 0.8891, Validation Loss: 0.8891
Epoch 984/1000, Training Loss: 0.8891, Validation Loss: 0.8891
Epoch 985/1000, Training Loss: 0.8891, Validation Loss: 0.8891
Epoch 986/1000, Training Loss: 0.8891, Validation Loss: 0.8891
Epoch 987/1000, Training Loss: 0.8891, Validation Loss: 0.8891
Epoch 988/1000, Training Loss: 0.8891, Validation Loss: 0.8891
Epoch 989/1000, Training Loss: 0.8891, Validation Loss: 0.8891
Epoch 990/1000, Training Loss: 0.8891, Validation Loss: 0.8891
Epoch 991/1000, Training Loss: 0.8891, Validation Loss: 0.8891
Epoch 992/1000, Training Loss: 0.8891, Validation Loss: 0.8891
Epoch 993/1000, Training Loss: 0.8891, Validation Loss: 0.8891
Epoch 994/1000, Training Loss: 0.8891, Validation Loss: 0.8891
Epoch 995/1000, Training Loss: 0.8891, Validation Loss: 0.8891
Epoch 996/1000, Training Loss: 0.8891, Validation Loss: 0.8891
Epoch 997/1000, Training Loss: 0.8891, Validation Loss: 0.8891
Epoch 998/1000, Training Loss: 0.8891, Validation Loss: 0.8891
Epoch 999/1000, Training Loss: 0.8891, Validation Loss: 0.8891
Epoch 1000/1000, Training Loss: 0.8891, Validation Loss: 0.8891
