=== CELL 0 ===
Traceback (most recent call last):
  File "<workdir>/legacy_rerun/run_m4_decomp.py", line 28, in <module>
    from statsforecast.models import SeasonalNaive
ModuleNotFoundError: No module named 'statsforecast'
!! CELL 0 FAILED, continuing
=== CELL 1 ===
=== CELL 2 ===
        V2      V3      V4      V5      V6  ...  V957  V958  V959  V960  V961
V1                                          ...                              
H1   605.0   586.0   586.0   559.0   511.0  ...   NaN   NaN   NaN   NaN   NaN
H2  3124.0  2990.0  2862.0  2809.0  2544.0  ...   NaN   NaN   NaN   NaN   NaN
H3  1828.0  1806.0  1897.0  1750.0  1679.0  ...   NaN   NaN   NaN   NaN   NaN
H4  6454.0  6324.0  6075.0  5949.0  5858.0  ...   NaN   NaN   NaN   NaN   NaN
H5  4263.0  4297.0  4236.0  4080.0  3883.0  ...   NaN   NaN   NaN   NaN   NaN

[5 rows x 960 columns]
10.0 703008.0
V2 V701
=== CELL 3 ===
=== CELL 4 ===
=== CELL 5 ===
=== CELL 6 ===
=== CELL 7 ===
=== CELL 8 ===
=== CELL 9 ===
=== CELL 10 ===
=== CELL 11 ===
=== CELL 12 ===
=== CELL 13 ===
Traceback (most recent call last):
  File "<workdir>/legacy_rerun/run_m4_decomp.py", line 302, in <module>
    plot_components(result_mstl)
    ~~~~~~~~~~~~~~~^^^^^^^^^^^^^
  File "<workdir>/legacy_rerun/run_m4_decomp.py", line 197, in plot_components
    df.columns = ['Original Data', 'Trend', 'Seasonal', 'Residual']
    ^^^^^^^^^^
  File "/Library/Frameworks/Python.framework/Versions/3.13/lib/python3.13/site-packages/pandas/core/generic.py", line 6332, in __setattr__
    return object.__setattr__(self, name, value)
           ~~~~~~~~~~~~~~~~~~^^^^^^^^^^^^^^^^^^^
  File "pandas/_libs/properties.pyx", line 69, in pandas._libs.properties.AxisProperty.__set__
  File "/Library/Frameworks/Python.framework/Versions/3.13/lib/python3.13/site-packages/pandas/core/generic.py", line 814, in _set_axis
    self._mgr.set_axis(axis, labels)
    ~~~~~~~~~~~~~~~~~~^^^^^^^^^^^^^^
  File "/Library/Frameworks/Python.framework/Versions/3.13/lib/python3.13/site-packages/pandas/core/internals/managers.py", line 238, in set_axis
    self._validate_set_axis(axis, new_labels)
    ~~~~~~~~~~~~~~~~~~~~~~~^^^^^^^^^^^^^^^^^^
  File "/Library/Frameworks/Python.framework/Versions/3.13/lib/python3.13/site-packages/pandas/core/internals/base.py", line 98, in _validate_set_axis
    raise ValueError(
    ...<2 lines>...
    )
ValueError: Length mismatch: Expected axis has 5 elements, new values have 4 elements
!! CELL 13 FAILED, continuing
=== CELL 14 ===
Traceback (most recent call last):
  File "<workdir>/legacy_rerun/run_m4_decomp.py", line 314, in <module>
    plot_components(result_mstl)
    ~~~~~~~~~~~~~~~^^^^^^^^^^^^^
  File "<workdir>/legacy_rerun/run_m4_decomp.py", line 197, in plot_components
    df.columns = ['Original Data', 'Trend', 'Seasonal', 'Residual']
    ^^^^^^^^^^
  File "/Library/Frameworks/Python.framework/Versions/3.13/lib/python3.13/site-packages/pandas/core/generic.py", line 6332, in __setattr__
    return object.__setattr__(self, name, value)
           ~~~~~~~~~~~~~~~~~~^^^^^^^^^^^^^^^^^^^
  File "pandas/_libs/properties.pyx", line 69, in pandas._libs.properties.AxisProperty.__set__
  File "/Library/Frameworks/Python.framework/Versions/3.13/lib/python3.13/site-packages/pandas/core/generic.py", line 814, in _set_axis
    self._mgr.set_axis(axis, labels)
    ~~~~~~~~~~~~~~~~~~^^^^^^^^^^^^^^
  File "/Library/Frameworks/Python.framework/Versions/3.13/lib/python3.13/site-packages/pandas/core/internals/managers.py", line 238, in set_axis
    self._validate_set_axis(axis, new_labels)
    ~~~~~~~~~~~~~~~~~~~~~~~^^^^^^^^^^^^^^^^^^
  File "/Library/Frameworks/Python.framework/Versions/3.13/lib/python3.13/site-packages/pandas/core/internals/base.py", line 98, in _validate_set_axis
    raise ValueError(
    ...<2 lines>...
    )
ValueError: Length mismatch: Expected axis has 5 elements, new values have 4 elements
!! CELL 14 FAILED, continuing
=== CELL 15 ===
=== CELL 16 ===
/Library/Frameworks/Python.framework/Versions/3.13/lib/python3.13/site-packages/statsmodels/tsa/base/tsa_model.py:559: UserWarning: Could not infer format, so each element will be parsed individually, falling back to `dateutil`. To ensure parsing is consistent and as-expected, please specify a format.
  _index = to_datetime(index)
/Library/Frameworks/Python.framework/Versions/3.13/lib/python3.13/site-packages/statsmodels/tsa/base/tsa_model.py:473: ValueWarning: An unsupported index was provided. As a result, forecasts cannot be generated. To use the model for forecasting, use one of the supported classes of index.
  self._init_dates(dates, freq)
=== CELL 17 ===
Traceback (most recent call last):
  File "<workdir>/legacy_rerun/run_m4_decomp.py", line 362, in <module>
    result.plot()
    ^^^^^^
NameError: name 'result' is not defined. Did you mean: 'result_sd'?
!! CELL 17 FAILED, continuing
=== CELL 18 ===
=== CELL 19 ===
=== CELL 20 ===
=== CELL 21 ===
=== CELL 22 ===
=== CELL 23 ===
X: (700,)
Y: (700,)
Data saved to 'XY_trend_data.csv'
