h=32    n=100   test MSE = 8.29e-04
h=32    n=300   test MSE = 2.76e-04
h=32    n=600   test MSE = 1.22e-04
h=32    n=1200  test MSE = 2.20e-05
h=64    n=100   test MSE = 3.61e-04
h=64    n=300   test MSE = 1.09e-04
h=64    n=600   test MSE = 7.33e-05
h=64    n=1200  test MSE = 1.31e-05
h=128   n=100   test MSE = 7.62e-05
h=128   n=300   test MSE = 8.09e-05
h=128   n=600   test MSE = 6.07e-05
h=128   n=1200  test MSE = 1.50e-05
h=256   n=100   test MSE = 4.84e-05
h=256   n=300   test MSE = 4.67e-05
h=256   n=600   test MSE = 5.98e-05
h=256   n=1200  test MSE = 2.97e-05
h=612   n=100   test MSE = 8.78e-03
h=612   n=300   test MSE = 1.87e-03
h=612   n=600   test MSE = 2.69e-03
h=612   n=1200  test MSE = 2.05e-03
h=1224  n=100   test MSE = 9.64e-03
h=1224  n=300   test MSE = 6.31e-03
h=1224  n=600   test MSE = 1.12e-02
h=1224  n=1200  test MSE = 8.58e-03
saved repro_fig25.png
