Device: cpu

--- epsilon = 1e-08 ---
  seed 42: MSE=0.040109  MAE=0.145432  stopped@67/200 best@37
  seed 43: MSE=0.043541  MAE=0.159907  stopped@62/200 best@32
  seed 44: MSE=0.043062  MAE=0.162693  stopped@77/200 best@47
  seed 45: MSE=0.041886  MAE=0.150179  stopped@58/200 best@28
  seed 46: MSE=0.039608  MAE=0.147736  stopped@61/200 best@31
  seed 47: MSE=0.041574  MAE=0.155011  stopped@61/200 best@31
  seed 48: MSE=0.042364  MAE=0.155073  stopped@69/200 best@39
  seed 49: MSE=0.039045  MAE=0.142438  stopped@63/200 best@33
  seed 50: MSE=0.039053  MAE=0.140777  stopped@53/200 best@23
  seed 51: MSE=0.042141  MAE=0.148653  stopped@57/200 best@27

--- epsilon = 1e-06 ---
  seed 42: MSE=0.040109  MAE=0.145432  stopped@67/200 best@37
  seed 43: MSE=0.043542  MAE=0.159911  stopped@62/200 best@32
  seed 44: MSE=0.043062  MAE=0.162693  stopped@77/200 best@47
  seed 45: MSE=0.041886  MAE=0.150179  stopped@58/200 best@28
  seed 46: MSE=0.039608  MAE=0.147736  stopped@61/200 best@31
  seed 47: MSE=0.041574  MAE=0.155011  stopped@61/200 best@31
  seed 48: MSE=0.042364  MAE=0.155073  stopped@69/200 best@39
  seed 49: MSE=0.039045  MAE=0.142438  stopped@63/200 best@33
  seed 50: MSE=0.039053  MAE=0.140777  stopped@53/200 best@23
  seed 51: MSE=0.042141  MAE=0.148653  stopped@57/200 best@27

--- epsilon = 1e-04 ---
  seed 42: MSE=0.040109  MAE=0.145427  stopped@67/200 best@37
  seed 43: MSE=0.043547  MAE=0.159932  stopped@62/200 best@32
  seed 44: MSE=0.043062  MAE=0.162692  stopped@77/200 best@47
  seed 45: MSE=0.041886  MAE=0.150179  stopped@58/200 best@28
  seed 46: MSE=0.039607  MAE=0.147734  stopped@61/200 best@31
  seed 47: MSE=0.041574  MAE=0.155013  stopped@61/200 best@31
  seed 48: MSE=0.042364  MAE=0.155076  stopped@69/200 best@39
  seed 49: MSE=0.039046  MAE=0.142439  stopped@63/200 best@33
  seed 50: MSE=0.039053  MAE=0.140779  stopped@53/200 best@23
  seed 51: MSE=0.042142  MAE=0.148668  stopped@57/200 best@27

--- epsilon = 1e-02 ---
  seed 42: MSE=0.040113  MAE=0.144973  stopped@67/200 best@37
  seed 43: MSE=0.043455  MAE=0.159716  stopped@62/200 best@32
  seed 44: MSE=0.043065  MAE=0.162654  stopped@77/200 best@47
  seed 45: MSE=0.041852  MAE=0.150159  stopped@58/200 best@28
  seed 46: MSE=0.039534  MAE=0.147486  stopped@61/200 best@31
  seed 47: MSE=0.041614  MAE=0.155209  stopped@61/200 best@31
  seed 48: MSE=0.042433  MAE=0.155406  stopped@69/200 best@39
  seed 49: MSE=0.039152  MAE=0.142558  stopped@63/200 best@33
  seed 50: MSE=0.039072  MAE=0.140975  stopped@53/200 best@23
  seed 51: MSE=0.042292  MAE=0.150466  stopped@57/200 best@27

--- epsilon = 1e-01 ---
  seed 42: MSE=0.040208  MAE=0.142366  stopped@67/200 best@37
  seed 43: MSE=0.042708  MAE=0.158038  stopped@61/200 best@31
  seed 44: MSE=0.042949  MAE=0.162018  stopped@77/200 best@47
  seed 45: MSE=0.041631  MAE=0.148208  stopped@57/200 best@27
  seed 46: MSE=0.039140  MAE=0.145267  stopped@61/200 best@31
  seed 47: MSE=0.041935  MAE=0.154527  stopped@60/200 best@30
  seed 48: MSE=0.043200  MAE=0.158812  stopped@69/200 best@39
  seed 49: MSE=0.040286  MAE=0.145910  stopped@63/200 best@33
  seed 50: MSE=0.039345  MAE=0.143595  stopped@53/200 best@23
  seed 51: MSE=0.042774  MAE=0.156815  stopped@57/200 best@27

--- epsilon = 1e+00 ---
  seed 42: MSE=0.042140  MAE=0.148983  stopped@68/200 best@38
  seed 43: MSE=0.038962  MAE=0.151071  stopped@62/200 best@32
  seed 44: MSE=0.041419  MAE=0.159052  stopped@73/200 best@43
  seed 45: MSE=0.036979  MAE=0.136204  stopped@54/200 best@24
  seed 46: MSE=0.039581  MAE=0.152009  stopped@69/200 best@39
  seed 47: MSE=0.042395  MAE=0.152813  stopped@58/200 best@28
  seed 48: MSE=0.046041  MAE=0.169151  stopped@79/200 best@49
  seed 49: MSE=0.041506  MAE=0.148675  stopped@64/200 best@34
  seed 50: MSE=0.036477  MAE=0.137655  stopped@53/200 best@23
  seed 51: MSE=0.042357  MAE=0.154475  stopped@66/200 best@36

--- epsilon = learnable ---
  seed 42: MSE=0.040109  MAE=0.145426  final_eps=1.445779e-04  stopped@67 best@37
  seed 43: MSE=0.043546  MAE=0.159931  final_eps=1.375767e-04  stopped@62 best@32
  seed 44: MSE=0.043062  MAE=0.162692  final_eps=1.595218e-04  stopped@77 best@47
  seed 45: MSE=0.041885  MAE=0.150178  final_eps=1.322244e-04  stopped@58 best@28
  seed 46: MSE=0.039607  MAE=0.147734  final_eps=1.362151e-04  stopped@61 best@31
  seed 47: MSE=0.041574  MAE=0.155014  final_eps=1.362042e-04  stopped@61 best@31
  seed 48: MSE=0.042365  MAE=0.155078  final_eps=1.474106e-04  stopped@69 best@39
  seed 49: MSE=0.039047  MAE=0.142440  final_eps=1.389522e-04  stopped@63 best@33
  seed 50: MSE=0.039053  MAE=0.140779  final_eps=1.258139e-04  stopped@53 best@23
  seed 51: MSE=0.042142  MAE=0.148668  final_eps=1.309171e-04  stopped@57 best@27

============================================================
LaTeX Table: Epsilon Sensitivity
============================================================
\begin{table}[ht]\centering
\caption{Sensitivity of CauchyNet to $\varepsilon$ in the reciprocal activation $1/(z+\varepsilon)$.
Results on MinMaxScaler-normalized targets, 10 random seeds.}
\label{tab:epsilon}
\begin{tabular}{lccc}
\toprule
$\varepsilon$ & Test MSE & Test MAE & Grad Norm (final) \\
\midrule
1e-08 & $0.041238 \pm 0.001574$ & $0.150790 \pm 0.006885$ & $0.0518 \pm 0.0191$ \\
1e-06 & $0.041238 \pm 0.001574$ & $0.150790 \pm 0.006885$ & $0.0518 \pm 0.0191$ \\
1e-04 & $0.041239 \pm 0.001574$ & $0.150794 \pm 0.006888$ & $0.0517 \pm 0.0191$ \\
1e-02 & $0.041258 \pm 0.001566$ & $0.150960 \pm 0.006858$ & $0.0513 \pm 0.0199$ \\
1e-01 & $0.041418 \pm 0.001469$ & $0.151556 \pm 0.006863$ & $0.0560 \pm 0.0158$ \\
1e+00 & $0.040786 \pm 0.002707$ & $0.151009 \pm 0.009040$ & $0.0405 \pm 0.0233$ \\
learnable & $0.041239 \pm 0.001574$ & $0.150794 \pm 0.006887$ & $0.0517 \pm 0.0191$ \\
\bottomrule
\end{tabular}
\end{table}

All saved to <workdir>/code_release_rerun/experiments/results/
<workdir>/code_release_rerun/experiments/shared.py:192: UserWarning: enable_nested_tensor is True, but self.use_nested_tensor is False because encoder_layer.self_attn.num_heads is odd
  self.transformer_encoder = nn.TransformerEncoder(
<workdir>/code_release_rerun/experiments/shared.py:192: UserWarning: enable_nested_tensor is True, but self.use_nested_tensor is False because encoder_layer.self_attn.num_heads is odd
  self.transformer_encoder = nn.TransformerEncoder(
<workdir>/code_release_rerun/experiments/shared.py:192: UserWarning: enable_nested_tensor is True, but self.use_nested_tensor is False because encoder_layer.self_attn.num_heads is odd
  self.transformer_encoder = nn.TransformerEncoder(
<workdir>/code_release_rerun/experiments/shared.py:192: UserWarning: enable_nested_tensor is True, but self.use_nested_tensor is False because encoder_layer.self_attn.num_heads is odd
  self.transformer_encoder = nn.TransformerEncoder(
<workdir>/code_release_rerun/experiments/shared.py:192: UserWarning: enable_nested_tensor is True, but self.use_nested_tensor is False because encoder_layer.self_attn.num_heads is odd
  self.transformer_encoder = nn.TransformerEncoder(
<workdir>/code_release_rerun/experiments/shared.py:192: UserWarning: enable_nested_tensor is True, but self.use_nested_tensor is False because encoder_layer.self_attn.num_heads is odd
  self.transformer_encoder = nn.TransformerEncoder(
<workdir>/code_release_rerun/experiments/shared.py:192: UserWarning: enable_nested_tensor is True, but self.use_nested_tensor is False because encoder_layer.self_attn.num_heads is odd
  self.transformer_encoder = nn.TransformerEncoder(
<workdir>/code_release_rerun/experiments/shared.py:192: UserWarning: enable_nested_tensor is True, but self.use_nested_tensor is False because encoder_layer.self_attn.num_heads is odd
  self.transformer_encoder = nn.TransformerEncoder(
<workdir>/code_release_rerun/experiments/shared.py:192: UserWarning: enable_nested_tensor is True, but self.use_nested_tensor is False because encoder_layer.self_attn.num_heads is odd
  self.transformer_encoder = nn.TransformerEncoder(
<workdir>/code_release_rerun/experiments/shared.py:192: UserWarning: enable_nested_tensor is True, but self.use_nested_tensor is False because encoder_layer.self_attn.num_heads is odd
  self.transformer_encoder = nn.TransformerEncoder(
Device: cpu
CauchyNet h=64 (256 params) -> FNN/SIREN h=85

==================================================
Target: Paper's 1D (smooth)
==================================================
  Benchmarking CauchyNet...
    Params: 256
    Time: 0.091s  MSE: 0.028708
    Fwd: 0.051ms  Bwd: 0.082ms
  Benchmarking FNN...
    Params: 256
    Time: 0.071s  MSE: 0.011365
    Fwd: 0.017ms  Bwd: 0.040ms
  Benchmarking SIREN...
    Params: 256
    Time: 0.102s  MSE: 0.018630
    Fwd: 0.084ms  Bwd: 0.112ms
  Benchmarking Transformer...
    Params: 412
    Time: 0.127s  MSE: 0.045460
    Fwd: 0.369ms  Bwd: 0.395ms

==================================================
Target: Near-singular
==================================================
  Benchmarking CauchyNet...
    Params: 256
    Time: 0.146s  MSE: 0.000170
    Fwd: 0.065ms  Bwd: 0.102ms
  Benchmarking FNN...
    Params: 256
    Time: 0.127s  MSE: 0.005371
    Fwd: 0.018ms  Bwd: 0.045ms
  Benchmarking SIREN...
    Params: 256
    Time: 0.082s  MSE: 0.000170
    Fwd: 0.056ms  Bwd: 0.083ms
  Benchmarking Transformer...
    Params: 412
    Time: 0.195s  MSE: 0.059009
    Fwd: 0.384ms  Bwd: 0.401ms

\begin{table}[ht]\centering
\caption{Computational overhead. 5 runs, 50 data points, 200 epochs. Timing on smooth target.}
\label{tab:overhead}
\begin{tabular}{lcccccc}
\toprule
Model & \# Params & Fwd (ms) & Bwd (ms) & Total (s) & MSE (smooth) & MSE (near-sing.) \\
\midrule
CauchyNet & 256 & $0.051$ & $0.082$ & $0.09$ & $0.0287$ & $0.0002$ \\
FNN & 256 & $0.017$ & $0.040$ & $0.07$ & $0.0114$ & $0.0054$ \\
SIREN & 256 & $0.084$ & $0.112$ & $0.10$ & $0.0186$ & $0.0002$ \\
Transformer & 412 & $0.369$ & $0.395$ & $0.13$ & $0.0455$ & $0.0590$ \\
\bottomrule
\end{tabular}
\end{table}

Saved to <workdir>/code_release_rerun/experiments/results/
Device: cpu
CauchyNet h=64 (256p) -> FNN h=85

==================================================
Function: Chirp
==================================================
  CauchyNet: MSE=0.108417+/-0.011482  Params=256
  FNN: MSE=0.119748+/-0.002290  Params=256

==================================================
Function: Piecewise-smooth
==================================================
  CauchyNet: MSE=0.006636+/-0.001929  Params=256
  FNN: MSE=0.007780+/-0.001165  Params=256

==================================================
Function: Gibbs (sq wave)
==================================================
  CauchyNet: MSE=0.007735+/-0.000410  Params=256
  FNN: MSE=0.009065+/-0.000950  Params=256

==================================================
Function: Step-ramp
==================================================
  CauchyNet: MSE=0.006629+/-0.001298  Params=256
  FNN: MSE=0.004120+/-0.000593  Params=256

\begin{table}[ht]\centering
\caption{Piecewise-affine/non-smooth functions. 5 seeds, $n=20$ training points, $h=64$.}
\label{tab:piecewise}
\begin{tabular}{llccc}
\toprule
Function & Model & \# Params & Test MSE & Test MAE \\
\midrule
Chirp & CauchyNet & 256 & $0.108417 \pm 0.011482$ & $0.268407 \pm 0.019406$ \\
 & FNN & 256 & $0.119748 \pm 0.002290$ & $0.293456 \pm 0.005756$ \\
\midrule
Piecewise-smooth & CauchyNet & 256 & $0.006636 \pm 0.001929$ & $0.059122 \pm 0.010933$ \\
 & FNN & 256 & $0.007780 \pm 0.001165$ & $0.067673 \pm 0.006850$ \\
\midrule
Gibbs (sq wave) & CauchyNet & 256 & $0.007735 \pm 0.000410$ & $0.056522 \pm 0.004111$ \\
 & FNN & 256 & $0.009065 \pm 0.000950$ & $0.057372 \pm 0.003825$ \\
\midrule
Step-ramp & CauchyNet & 256 & $0.006629 \pm 0.001298$ & $0.059332 \pm 0.010262$ \\
 & FNN & 256 & $0.004120 \pm 0.000593$ & $0.037664 \pm 0.004032$ 
\bottomrule
\end{tabular}
\end{table}
Device: cpu
CauchyNet h=64 (256p) -> FNN h=85
Parameter counts (real):
  CauchyNet: 256
  FNN: 256

==================================================
Target: Paper 1D function
==================================================
  CauchyNet: MSE=0.040982+/-0.005110
  FNN: MSE=0.040043+/-0.003235

==================================================
Target: Near-singular
==================================================
  CauchyNet: MSE=0.000553+/-0.000330
  FNN: MSE=0.010992+/-0.003361

\begin{table}[ht]\centering
\caption{Parameter-matched comparison. $\approx 256$ real params. $n=20$, 10 seeds.}
\label{tab:param_matched}
\begin{tabular}{llccc}
\toprule
Target & Model & \# Params & Test MSE & Test MAE \\
\midrule
Paper 1D & CauchyNet & 256 & $0.040982 \pm 0.005110$ & $0.188304 \pm 0.015382$ \\
 & FNN & 256 & $0.040043 \pm 0.003235$ & $0.188545 \pm 0.009017$ \\
\midrule
Near-singular & CauchyNet & 256 & $0.000553 \pm 0.000330$ & $0.014671 \pm 0.005574$ \\
 & FNN & 256 & $0.010992 \pm 0.003361$ & $0.056139 \pm 0.012762$ 
\bottomrule
\end{tabular}
\end{table}

Saved to <workdir>/code_release_rerun/experiments/results/
Device: cpu

==================================================
Function: Analytic
==================================================
  h=  32: CauchyNet(128p)=0.00289771  FNN(127p)=0.00324182  ratio=1.1x
  h=  64: CauchyNet(256p)=0.00006600  FNN(256p)=0.00301464  ratio=45.7x
  h= 128: CauchyNet(512p)=0.00004625  FNN(511p)=0.00101077  ratio=21.9x
  h= 256: CauchyNet(1024p)=0.00001966  FNN(1024p)=0.00019132  ratio=9.7x

==================================================
Function: Near-singular
==================================================
  h=  32: CauchyNet(128p)=0.00384351  FNN(127p)=0.00768455  ratio=2.0x
  h=  64: CauchyNet(256p)=0.00117958  FNN(256p)=0.00735674  ratio=6.2x
  h= 128: CauchyNet(512p)=0.00124849  FNN(511p)=0.00665703  ratio=5.3x
  h= 256: CauchyNet(1024p)=0.00065222  FNN(1024p)=0.00507401  ratio=7.8x

==================================================
Function: C^2
==================================================
  h=  32: CauchyNet(128p)=0.00010891  FNN(127p)=0.00007362  ratio=0.7x
  h=  64: CauchyNet(256p)=0.00001465  FNN(256p)=0.00003152  ratio=2.2x
  h= 128: CauchyNet(512p)=0.00000768  FNN(511p)=0.00001555  ratio=2.0x
  h= 256: CauchyNet(1024p)=0.00003541  FNN(1024p)=0.00000676  ratio=0.2x

\begin{table}[ht]\centering
\caption{Convergence rate: CauchyNet vs FNN at matched parameter counts. 5 seeds, $n=50$ train, $n=25$ val.}
\label{tab:convergence}
\begin{tabular}{lccccc}
\toprule
Target & $h$ & CauchyNet MSE & FNN MSE & Ratio (FNN/Cauchy) \\
\midrule
Analytic & 32 & $0.002898$ & $0.003242$ & 1.1x \\
 & 64 & $0.000066$ & $0.003015$ & 45.7x \\
 & 128 & $0.000046$ & $0.001011$ & 21.9x \\
 & 256 & $0.000020$ & $0.000191$ & 9.7x \\
\midrule
Near-singular & 32 & $0.003844$ & $0.007685$ & 2.0x \\
 & 64 & $0.001180$ & $0.007357$ & 6.2x \\
 & 128 & $0.001248$ & $0.006657$ & 5.3x \\
 & 256 & $0.000652$ & $0.005074$ & 7.8x \\
\midrule
C^2 & 32 & $0.000109$ & $0.000074$ & 0.7x \\
 & 64 & $0.000015$ & $0.000032$ & 2.2x \\
 & 128 & $0.000008$ & $0.000016$ & 2.0x \\
 & 256 & $0.000035$ & $0.000007$ & 0.2x 
\bottomrule
\end{tabular}
\end{table}

Done.
Device: cpu

Parameter counts (real):
  CauchyNet-1L: 256
  CauchyNet-2L: 4224
  CauchyNet-Res: 306
  CauchyNet-Skip: 2304

--- CauchyNet-1L ---
  seed 42: MSE=0.040109  stopped@67 best@37
  seed 43: MSE=0.043541  stopped@62 best@32
  seed 44: MSE=0.043062  stopped@77 best@47
  seed 45: MSE=0.041886  stopped@58 best@28
  seed 46: MSE=0.039608  stopped@61 best@31
  seed 47: MSE=0.041574  stopped@61 best@31
  seed 48: MSE=0.042364  stopped@69 best@39
  seed 49: MSE=0.039045  stopped@63 best@33
  seed 50: MSE=0.039053  stopped@53 best@23
  seed 51: MSE=0.042141  stopped@57 best@27

--- CauchyNet-2L ---
  seed 42: MSE=0.007583  stopped@267 best@237
  seed 43: MSE=0.008520  stopped@190 best@160
  seed 44: MSE=0.045079  stopped@55 best@25
  seed 45: MSE=0.035600  stopped@181 best@151
  seed 46: MSE=0.007047  stopped@300 best@300
  seed 47: MSE=0.054909  stopped@77 best@47
  seed 48: MSE=0.044146  stopped@53 best@23
  seed 49: MSE=0.042392  stopped@83 best@53
  seed 50: MSE=0.048818  stopped@101 best@71
  seed 51: MSE=0.058797  stopped@61 best@31

--- CauchyNet-Res ---
  seed 42: MSE=0.039789  stopped@60 best@30
  seed 43: MSE=0.039539  stopped@55 best@25
  seed 44: MSE=0.043285  stopped@68 best@38
  seed 45: MSE=0.035834  stopped@75 best@45
  seed 46: MSE=0.043235  stopped@62 best@32
  seed 47: MSE=0.042904  stopped@75 best@45
  seed 48: MSE=0.039839  stopped@70 best@40
  seed 49: MSE=0.038228  stopped@65 best@35
  seed 50: MSE=0.041465  stopped@45 best@15
  seed 51: MSE=0.036299  stopped@64 best@34

--- CauchyNet-Skip ---
  seed 42: MSE=0.000712  stopped@245 best@215
  seed 43: MSE=0.040416  stopped@79 best@49
  seed 44: MSE=0.038051  stopped@72 best@42
  seed 45: MSE=0.037408  stopped@93 best@63
  seed 46: MSE=0.010404  stopped@150 best@120
  seed 47: MSE=0.041667  stopped@82 best@52
  seed 48: MSE=0.000339  stopped@283 best@253
  seed 49: MSE=0.038639  stopped@95 best@65
  seed 50: MSE=0.039893  stopped@83 best@53
  seed 51: MSE=0.003260  stopped@187 best@157

\begin{table}[ht]\centering
\caption{Multi-layer CauchyNet variants on the 1D target function. 10 random seeds, MinMaxScaler.}
\label{tab:multilayer}
\begin{tabular}{lccc}
\toprule
Variant & \# Params & Test MSE & Test MAE \\
\midrule
CauchyNet-1L & 256 & $0.041238 \pm 0.001574$ & $0.150790 \pm 0.006885$ \\
CauchyNet-2L & 4224 & $0.035289 \pm 0.019045$ & $0.123565 \pm 0.047696$ \\
CauchyNet-Res & 306 & $0.040042 \pm 0.002575$ & $0.150303 \pm 0.007560$ \\
CauchyNet-Skip & 2304 & $0.025079 \pm 0.017695$ & $0.103039 \pm 0.056677$ \\
\bottomrule
\end{tabular}
\end{table}

All results saved to <workdir>/code_release_rerun/experiments/results/
Device: cpu

==================================================
Dataset: Diabetes (n=100, d=10)
CauchyNet h=64 (1408p) -> FNN h=117
==================================================
  CauchyNet (h=64, lr=0.05)... MSE=5206.4102+/-1145.4728  MAE=55.6958+/-7.2360  Params=1408
  FNN (h=117)... MSE=5886.8814+/-585.0946  MAE=58.5050+/-3.2850  Params=1405
  Hybrid FNN(4)->Cauchy(32, lr=0.05)... MSE=3640.6483+/-1086.2551  MAE=45.4402+/-6.8922  Params=364

==================================================
Dataset: California (n=100, d=8)
CauchyNet h=64 (1152p) -> FNN h=115
==================================================
  CauchyNet (h=64, lr=0.05)... MSE=0.8618+/-0.3922  MAE=0.7059+/-0.1244  Params=1152
  FNN (h=115)... MSE=0.5719+/-0.2080  MAE=0.5781+/-0.0930  Params=1151
  Hybrid FNN(4)->Cauchy(32, lr=0.05)... MSE=0.4515+/-0.1546  MAE=0.4881+/-0.0739  Params=356

==================================================
Dataset: Wine (n=100, d=11)
CauchyNet h=64 (1536p) -> FNN h=118
==================================================
  CauchyNet (h=64, lr=0.05)... MSE=1.6981+/-2.1075  MAE=0.7091+/-0.2066  Params=1536
  FNN (h=118)... MSE=0.7723+/-0.2095  MAE=0.7176+/-0.0518  Params=1535
  Hybrid FNN(4)->Cauchy(32, lr=0.05)... MSE=0.5968+/-0.0484  MAE=0.6568+/-0.0413  Params=368

\begin{table}[ht]\centering
\caption{UCI/tabular regression benchmarks. 5-fold CV, $n=100$, $h=64$.}
\label{tab:uci}
\begin{tabular}{llcccc}
\toprule
Dataset & Model & \# Params & Test MSE & Test MAE \\
\midrule
Diabetes & CauchyNet & 1408 & $5206.4102 \pm 1145.4728$ & $55.6958 \pm 7.2360$ \\
 & FNN & 1405 & $5886.8814 \pm 585.0946$ & $58.5050 \pm 3.2850$ \\
 & Hybrid & 364 & $3640.6483 \pm 1086.2551$ & $45.4402 \pm 6.8922$ \\
\midrule
California & CauchyNet & 1152 & $0.8618 \pm 0.3922$ & $0.7059 \pm 0.1244$ \\
 & FNN & 1151 & $0.5719 \pm 0.2080$ & $0.5781 \pm 0.0930$ \\
 & Hybrid & 356 & $0.4515 \pm 0.1546$ & $0.4881 \pm 0.0739$ \\
\midrule
Wine & CauchyNet & 1536 & $1.6981 \pm 2.1075$ & $0.7091 \pm 0.2066$ \\
 & FNN & 1535 & $0.7723 \pm 0.2095$ & $0.7176 \pm 0.0518$ \\
 & Hybrid & 368 & $0.5968 \pm 0.0484$ & $0.6568 \pm 0.0413$ 
\bottomrule
\end{tabular}
\end{table}

All results saved to <workdir>/code_release_rerun/experiments/results/
Device: cpu
CauchyNet h=64 (256p) -> RatNN h=83
Parameter counts (real):
  CauchyNet: 256
  RationalNN: 256

==================================================
Function: Paper 1D target
==================================================
  CauchyNet: MSE=0.028452+/-0.011031  Params=256
  RationalNN: MSE=0.035166+/-0.000900  Params=256

==================================================
Function: Near-singular
==================================================
  CauchyNet: MSE=0.018191+/-0.020684  Params=256
  RationalNN: MSE=0.035440+/-0.013559  Params=256

==================================================
Function: Smooth oscillatory
==================================================
  CauchyNet: MSE=0.051585+/-0.025164  Params=256
  RationalNN: MSE=0.065133+/-0.002449  Params=256

\begin{table}[ht]\centering
\caption{CauchyNet vs Rational Neural Networks (Boull\'e et al. 2020).
$h=64$, 10 random seeds, 50 training points, MinMaxScaler.}
\label{tab:rational}
\begin{tabular}{llccc}
\toprule
Function & Model & \# Params & Test MSE & Test MAE \\
\midrule
Paper 1D target & CauchyNet & 256 & $0.028452 \pm 0.011031$ & $0.127918 \pm 0.033536$ \\
 & RationalNN & 256 & $0.035166 \pm 0.000900$ & $0.151956 \pm 0.005454$ \\
\midrule
Near-singular & CauchyNet & 256 & $0.018191 \pm 0.020684$ & $0.071044 \pm 0.060331$ \\
 & RationalNN & 256 & $0.035440 \pm 0.013559$ & $0.131548 \pm 0.031057$ \\
\midrule
Smooth oscillatory & CauchyNet & 256 & $0.051585 \pm 0.025164$ & $0.170936 \pm 0.071850$ \\
 & RationalNN & 256 & $0.065133 \pm 0.002449$ & $0.207293 \pm 0.006132$ 
\bottomrule
\end{tabular}
\end{table}

All results saved to <workdir>/code_release_rerun/experiments/results/
Device: cpu
CauchyNet h=64 (256p) -> FNN h=85

==================================================
delta = 0.5
==================================================
  CauchyNet: MSE=0.000033+/-0.000021
  FNN: MSE=0.000067+/-0.000009

==================================================
delta = 0.2
==================================================
  CauchyNet: MSE=0.000044+/-0.000045
  FNN: MSE=0.003302+/-0.001211

==================================================
delta = 0.1
==================================================
  CauchyNet: MSE=0.000181+/-0.000210
  FNN: MSE=0.005430+/-0.003650

==================================================
delta = 0.05
==================================================
  CauchyNet: MSE=0.003047+/-0.008193
  FNN: MSE=0.008198+/-0.003402

==================================================
delta = 0.02
==================================================
  CauchyNet: MSE=0.015704+/-0.003885
  FNN: MSE=0.009270+/-0.001531

==================================================
delta = 0.01
==================================================
  CauchyNet: MSE=0.014923+/-0.001437
  FNN: MSE=0.010242+/-0.000454

\begin{table}[ht]\centering
\caption{Near-singular targets with varying pole distance $\delta$. 5 seeds, $n=50$, $h=64$.}
\label{tab:delta_sweep}
\begin{tabular}{lcccc}
\toprule
$\delta$ & CauchyNet MSE & FNN MSE & Ratio (FNN/Cauchy) \\
\midrule
0.5 & $0.000033$ & $0.000067$ & 2.0x \\
0.2 & $0.000044$ & $0.003302$ & 74.9x \\
0.1 & $0.000181$ & $0.005430$ & 30.0x \\
0.05 & $0.003047$ & $0.008198$ & 2.7x \\
0.02 & $0.015704$ & $0.009270$ & 0.6x \\
0.01 & $0.014923$ & $0.010242$ & 0.7x \\
\bottomrule
\end{tabular}
\end{table}

All results saved to <workdir>/code_release_rerun/experiments/results/
Device: cpu
CauchyNet h=64 (256p) -> FNN h=85

==================================================
Function: Near-singular
==================================================
  n=  8: CauchyNet=0.32472  FNN=0.34624  ratio=1.07x  [CauchyNet]
  n= 12: CauchyNet=0.01685  FNN=0.01660  ratio=0.99x  [FNN]
  n= 16: CauchyNet=0.00313  FNN=0.00697  ratio=2.23x  [CauchyNet]
  n= 20: CauchyNet=0.00211  FNN=0.00863  ratio=4.09x  [CauchyNet]
  n= 30: CauchyNet=0.00049  FNN=0.00733  ratio=15.02x  [CauchyNet]
  n= 50: CauchyNet=0.00046  FNN=0.00781  ratio=17.17x  [CauchyNet]
  n= 80: CauchyNet=0.00032  FNN=0.00708  ratio=21.81x  [CauchyNet]
  n=120: CauchyNet=0.00034  FNN=0.00635  ratio=18.91x  [CauchyNet]

==================================================
Function: Mixed (peak + oscillation)
==================================================
  n=  8: CauchyNet=0.29678  FNN=0.32906  ratio=1.11x  [CauchyNet]
  n= 12: CauchyNet=0.01506  FNN=0.01622  ratio=1.08x  [CauchyNet]
  n= 16: CauchyNet=0.00265  FNN=0.00688  ratio=2.60x  [CauchyNet]
  n= 20: CauchyNet=0.00186  FNN=0.00815  ratio=4.39x  [CauchyNet]
  n= 30: CauchyNet=0.00053  FNN=0.00709  ratio=13.36x  [CauchyNet]
  n= 50: CauchyNet=0.00405  FNN=0.00746  ratio=1.84x  [CauchyNet]
  n= 80: CauchyNet=0.00044  FNN=0.00680  ratio=15.50x  [CauchyNet]
  n=120: CauchyNet=0.00036  FNN=0.00617  ratio=17.14x  [CauchyNet]

All results saved to <workdir>/code_release_rerun/experiments/results/
Device: cpu
Fixed-pole Cauchy ridge: h=64, params=128, ellipse=(1.5, 0.15)
FNN baseline: h=85, params=256, epochs=500

== n_train=20 ==
  Fixed-pole ridge: MSE=0.00272076 +/- 0.00202928, MAE=0.0285875
  FNN:              MSE=0.040294 +/- 0.0193717, MAE=0.149186
  Ratio FNN/CN:     14.8x

== n_train=25 ==
  Fixed-pole ridge: MSE=0.00376287 +/- 0.00412738, MAE=0.0237239
  FNN:              MSE=0.0542878 +/- 0.0612296, MAE=0.155481
  Ratio FNN/CN:     14.4x

== n_train=30 ==
  Fixed-pole ridge: MSE=0.00204457 +/- 0.00167324, MAE=0.0178949
  FNN:              MSE=0.0362968 +/- 0.0247568, MAE=0.137076
  Ratio FNN/CN:     17.8x

== n_train=40 ==
  Fixed-pole ridge: MSE=0.000365382 +/- 0.000487548, MAE=0.00829084
  FNN:              MSE=0.020318 +/- 0.00891654, MAE=0.112319
  Ratio FNN/CN:     55.6x

== n_train=50 ==
  Fixed-pole ridge: MSE=0.000120476 +/- 7.86087e-05, MAE=0.00561454
  FNN:              MSE=0.00984799 +/- 0.00472538, MAE=0.0760179
  Ratio FNN/CN:     81.7x

Saved <workdir>/code_release_rerun/experiments/results/exp11_fixed_pole_ridge_results.json
Saved <workdir>/code_release_rerun/experiments/results/exp11_fixed_pole_ridge_table.tex
Running experiments: [1, 2, 3, 4, 5, 6, 7, 8, 9, 10, 11]

############################################################
# Experiment 1: Epsilon Sensitivity Sweep
# Script: exp1_epsilon_sensitivity.py
############################################################


>>> Experiment 1 finished: OK (7.6s)

############################################################
# Experiment 2: Computational Overhead Table
# Script: exp2_computational_overhead.py
############################################################


>>> Experiment 2 finished: OK (7.8s)

############################################################
# Experiment 3: Piecewise-Affine Function Test
# Script: exp3_piecewise_affine.py
############################################################


>>> Experiment 3 finished: OK (8.7s)

############################################################
# Experiment 4: Parameter-Matched Baselines
# Script: exp4_parameter_matched.py
############################################################


>>> Experiment 4 finished: OK (6.0s)

############################################################
# Experiment 5: Convergence Rate vs Hidden Width
# Script: exp5_convergence_rate.py
############################################################


>>> Experiment 5 finished: OK (38.9s)

############################################################
# Experiment 6: Multi-Layer CauchyNet
# Script: exp6_multilayer_cauchy.py
############################################################


>>> Experiment 6 finished: OK (7.1s)

############################################################
# Experiment 7: UCI Tabular Datasets
# Script: exp7_uci_tabular.py
############################################################


>>> Experiment 7 finished: OK (13.4s)

############################################################
# Experiment 8: Rational Neural Networks Comparison
# Script: exp8_rational_nn.py
############################################################


>>> Experiment 8 finished: OK (10.3s)

############################################################
# Experiment 9: Near-Singularity Delta Sweep
# Script: exp9_delta_sweep.py
############################################################


>>> Experiment 9 finished: OK (22.9s)

############################################################
# Experiment 10: Sample Efficiency Sweep
# Script: exp10_sample_efficiency.py
############################################################


>>> Experiment 10 finished: OK (51.8s)

############################################################
# Experiment 11: Fixed-Pole Ridge on Mixed 1D Target
# Script: exp11_fixed_pole_ridge.py
############################################################


>>> Experiment 11 finished: OK (11.6s)

============================================================
Summary
============================================================
  Experiment 1 (Epsilon Sensitivity Sweep): PASSED
  Experiment 2 (Computational Overhead Table): PASSED
  Experiment 3 (Piecewise-Affine Function Test): PASSED
  Experiment 4 (Parameter-Matched Baselines): PASSED
  Experiment 5 (Convergence Rate vs Hidden Width): PASSED
  Experiment 6 (Multi-Layer CauchyNet): PASSED
  Experiment 7 (UCI Tabular Datasets): PASSED
  Experiment 8 (Rational Neural Networks Comparison): PASSED
  Experiment 9 (Near-Singularity Delta Sweep): PASSED
  Experiment 10 (Sample Efficiency Sweep): PASSED
  Experiment 11 (Fixed-Pole Ridge on Mixed 1D Target): PASSED
